2025-03-27 07:49:04,636 ERROR [http-nio-127.0.0.1-8081-exec-87] o.a.c.c.C.[.[.[.[DataHeadServlet] Servlet.service() for servlet [DataHeadServlet] in context with path [/dpr##045003001zbn] threw exception
java.lang.NullPointerException: Cannot invoke "adis.epo2.aepo2_apl.pis.UzivatelADisPmd.getcDs()" because the return value of "adis.epo2.aepo2_apl.pis.TEPodani.getUzivatelADis()" is null
	at adis.epo2.aepo2_apl.pis.TEPodani.getOdeslatKOvereniState(TEPodani.java:6670) ~[al-a-adis.jar:?]
	at adis.pmd.mepo.service.data.MepsData.fillPodaniHeader(MepsData.java:304) ~[al-dpr-mepo.jar:?]
	at adis.pmd.mepo.service.data.MepsData.getPodaniHeader(MepsData.java:259) ~[al-dpr-mepo.jar:?]
	at adis.pmd.mepo.servlets.DataHeadServlet.lambda$doGet$0(DataHeadServlet.java:31) ~[al-dpr-mepo.jar:?]
	at adis.alib.rest.AbstractRestServlet$2.accept(AbstractRestServlet.java:72) ~[al-adis-lib.jar:?]
	at adis.alib.rest.AbstractRestServlet$2.accept(AbstractRestServlet.java:68) ~[al-adis-lib.jar:?]
	at adis.alib.rest.AbstractRestServlet.writeJsonResponse(AbstractRestServlet.java:96) ~[al-adis-lib.jar:?]
	at adis.alib.rest.AbstractRestServlet.writeJsonResponse(AbstractRestServlet.java:82) ~[al-adis-lib.jar:?]
	at adis.alib.rest.AbstractRestServlet.doGetOperation(AbstractRestServlet.java:143) ~[al-adis-lib.jar:?]
	at adis.alib.rest.AbstractRestServlet.doGet(AbstractRestServlet.java:120) ~[al-adis-lib.jar:?]
	at javax.servlet.http.HttpServlet.service(HttpServlet.java:529) ~[servlet-api.jar:4.0.FR]
	at javax.servlet.http.HttpServlet.service(HttpServlet.java:623) ~[servlet-api.jar:4.0.FR]
	at org.apache.catalina.core.ApplicationFilterChain.internalDoFilter(ApplicationFilterChain.java:199) ~[catalina.jar:9.0.98]
	at org.apache.catalina.core.ApplicationFilterChain.doFilter(ApplicationFilterChain.java:144) ~[catalina.jar:9.0.98]
	at org.apache.tomcat.websocket.server.WsFilter.doFilter(WsFilter.java:51) ~[tomcat-websocket.jar:9.0.98]
	at org.apache.catalina.core.ApplicationFilterChain.internalDoFilter(ApplicationFilterChain.java:168) ~[catalina.jar:9.0.98]
	at org.apache.catalina.core.ApplicationFilterChain.doFilter(ApplicationFilterChain.java:144) ~[catalina.jar:9.0.98]
	at adis.hibernate.HibernateSessionFilter.doFilter(HibernateSessionFilter.java:72) ~[al-a-adis.jar:?]
	at org.apache.catalina.core.ApplicationFilterChain.internalDoFilter(ApplicationFilterChain.java:168) ~[catalina.jar:9.0.98]
	at org.apache.catalina.core.ApplicationFilterChain.doFilter(ApplicationFilterChain.java:144) ~[catalina.jar:9.0.98]
	at adis.pmd.session.SessionIdsFilter.doFilter(SessionIdsFilter.java:64) ~[aw-mi-dpr.jar:?]
	at org.apache.catalina.core.ApplicationFilterChain.internalDoFilter(ApplicationFilterChain.java:168) ~[catalina.jar:9.0.98]
	at org.apache.catalina.core.ApplicationFilterChain.doFilter(ApplicationFilterChain.java:144) ~[catalina.jar:9.0.98]
	at adis.spa.ispa_lib.auth.AuthFilterDpr.doFilter(AuthFilterDpr.java:323) ~[aw-mi-dpr.jar:?]
	at org.apache.catalina.core.ApplicationFilterChain.internalDoFilter(ApplicationFilterChain.java:168) ~[catalina.jar:9.0.98]
	at org.apache.catalina.core.ApplicationFilterChain.doFilter(ApplicationFilterChain.java:144) ~[catalina.jar:9.0.98]
	at adis.spa.ispa_lib.auth.HttpSessionCheckFilter.doFilter(HttpSessionCheckFilter.java:73) ~[al-dpr-lib.jar:?]
	at org.apache.catalina.core.ApplicationFilterChain.internalDoFilter(ApplicationFilterChain.java:168) ~[catalina.jar:9.0.98]
	at org.apache.catalina.core.ApplicationFilterChain.doFilter(ApplicationFilterChain.java:144) ~[catalina.jar:9.0.98]
	at adis.pmd.metrics.MicrometerFilter.doFilter(MicrometerFilter.java:115) ~[aw-mi-dpr.jar:?]
	at org.apache.catalina.core.ApplicationFilterChain.internalDoFilter(ApplicationFilterChain.java:168) ~[catalina.jar:9.0.98]
	at org.apache.catalina.core.ApplicationFilterChain.doFilter(ApplicationFilterChain.java:144) ~[catalina.jar:9.0.98]
	at adis.alib.log.filters.RequestLogFilter.doFilter(RequestLogFilter.java:61) ~[al-a-adis.jar:?]
	at org.apache.catalina.core.ApplicationFilterChain.internalDoFilter(ApplicationFilterChain.java:168) ~[catalina.jar:9.0.98]
	at org.apache.catalina.core.ApplicationFilterChain.doFilter(ApplicationFilterChain.java:144) ~[catalina.jar:9.0.98]
	at org.apache.logging.log4j.web.Log4jServletFilter.doFilter(Log4jServletFilter.java:71) ~[log4j-web-2.17.1.jar:2.17.1]
	at org.apache.catalina.core.ApplicationFilterChain.internalDoFilter(ApplicationFilterChain.java:168) ~[catalina.jar:9.0.98]
	at org.apache.catalina.core.ApplicationFilterChain.doFilter(ApplicationFilterChain.java:144) ~[catalina.jar:9.0.98]
	at org.apache.catalina.core.StandardWrapperValve.invoke(StandardWrapperValve.java:168) [catalina.jar:9.0.98]
	at org.apache.catalina.core.StandardContextValve.invoke(StandardContextValve.java:90) [catalina.jar:9.0.98]
	at org.apache.catalina.authenticator.AuthenticatorBase.invoke(AuthenticatorBase.java:597) [catalina.jar:9.0.98]
	at org.apache.catalina.core.StandardHostValve.invoke(StandardHostValve.java:130) [catalina.jar:9.0.98]
	at org.apache.catalina.valves.ErrorReportValve.invoke(ErrorReportValve.java:93) [catalina.jar:9.0.98]
	at org.apache.catalina.valves.RequestFilterValve.process(RequestFilterValve.java:355) [catalina.jar:9.0.98]
	at org.apache.catalina.valves.RemoteAddrValve.invoke(RemoteAddrValve.java:54) [catalina.jar:9.0.98]
	at org.apache.catalina.valves.AbstractAccessLogValve.invoke(AbstractAccessLogValve.java:660) [catalina.jar:9.0.98]
	at org.apache.catalina.core.StandardEngineValve.invoke(StandardEngineValve.java:74) [catalina.jar:9.0.98]
	at org.apache.catalina.connector.CoyoteAdapter.service(CoyoteAdapter.java:346) [catalina.jar:9.0.98]
	at org.apache.coyote.http11.Http11Processor.service(Http11Processor.java:396) [tomcat-coyote.jar:9.0.98]
	at org.apache.coyote.AbstractProcessorLight.process(AbstractProcessorLight.java:63) [tomcat-coyote.jar:9.0.98]
	at org.apache.coyote.AbstractProtocol$ConnectionHandler.process(AbstractProtocol.java:937) [tomcat-coyote.jar:9.0.98]
	at org.apache.tomcat.util.net.NioEndpoint$SocketProcessor.doRun(NioEndpoint.java:1791) [tomcat-coyote.jar:9.0.98]
	at org.apache.tomcat.util.net.SocketProcessorBase.run(SocketProcessorBase.java:52) [tomcat-coyote.jar:9.0.98]
	at org.apache.tomcat.util.threads.ThreadPoolExecutor.runWorker(ThreadPoolExecutor.java:1190) [tomcat-util.jar:9.0.98]
	at org.apache.tomcat.util.threads.ThreadPoolExecutor$Worker.run(ThreadPoolExecutor.java:659) [tomcat-util.jar:9.0.98]
	at org.apache.tomcat.util.threads.TaskThread$WrappingRunnable.run(TaskThread.java:63) [tomcat-util.jar:9.0.98]
	at java.lang.Thread.run(Thread.java:857) [?:?]
2025-03-27 12:29:03,893 ERROR [http-nio-127.0.0.1-8081-exec-25] o.a.c.c.C.[.[.[.[DataHeadServlet] Servlet.service() for servlet [DataHeadServlet] in context with path [/dpr##045003001zbn] threw exception
java.lang.NullPointerException: Cannot invoke "adis.epo2.aepo2_apl.pis.UzivatelADisPmd.getcDs()" because the return value of "adis.epo2.aepo2_apl.pis.TEPodani.getUzivatelADis()" is null
	at adis.epo2.aepo2_apl.pis.TEPodani.getOdeslatKOvereniState(TEPodani.java:6670) ~[al-a-adis.jar:?]
	at adis.pmd.mepo.service.data.MepsData.fillPodaniHeader(MepsData.java:304) ~[al-dpr-mepo.jar:?]
	at adis.pmd.mepo.service.data.MepsData.getPodaniHeader(MepsData.java:259) ~[al-dpr-mepo.jar:?]
	at adis.pmd.mepo.servlets.DataHeadServlet.lambda$doGet$0(DataHeadServlet.java:31) ~[al-dpr-mepo.jar:?]
	at adis.alib.rest.AbstractRestServlet$2.accept(AbstractRestServlet.java:72) ~[al-adis-lib.jar:?]
	at adis.alib.rest.AbstractRestServlet$2.accept(AbstractRestServlet.java:68) ~[al-adis-lib.jar:?]
	at adis.alib.rest.AbstractRestServlet.writeJsonResponse(AbstractRestServlet.java:96) ~[al-adis-lib.jar:?]
	at adis.alib.rest.AbstractRestServlet.writeJsonResponse(AbstractRestServlet.java:82) ~[al-adis-lib.jar:?]
	at adis.alib.rest.AbstractRestServlet.doGetOperation(AbstractRestServlet.java:143) ~[al-adis-lib.jar:?]
	at adis.alib.rest.AbstractRestServlet.doGet(AbstractRestServlet.java:120) ~[al-adis-lib.jar:?]
	at javax.servlet.http.HttpServlet.service(HttpServlet.java:529) ~[servlet-api.jar:4.0.FR]
	at javax.servlet.http.HttpServlet.service(HttpServlet.java:623) ~[servlet-api.jar:4.0.FR]
	at org.apache.catalina.core.ApplicationFilterChain.internalDoFilter(ApplicationFilterChain.java:199) ~[catalina.jar:9.0.98]
	at org.apache.catalina.core.ApplicationFilterChain.doFilter(ApplicationFilterChain.java:144) ~[catalina.jar:9.0.98]
	at org.apache.tomcat.websocket.server.WsFilter.doFilter(WsFilter.java:51) ~[tomcat-websocket.jar:9.0.98]
	at org.apache.catalina.core.ApplicationFilterChain.internalDoFilter(ApplicationFilterChain.java:168) ~[catalina.jar:9.0.98]
	at org.apache.catalina.core.ApplicationFilterChain.doFilter(ApplicationFilterChain.java:144) ~[catalina.jar:9.0.98]
	at adis.hibernate.HibernateSessionFilter.doFilter(HibernateSessionFilter.java:72) ~[al-a-adis.jar:?]
	at org.apache.catalina.core.ApplicationFilterChain.internalDoFilter(ApplicationFilterChain.java:168) ~[catalina.jar:9.0.98]
	at org.apache.catalina.core.ApplicationFilterChain.doFilter(ApplicationFilterChain.java:144) ~[catalina.jar:9.0.98]
	at adis.pmd.session.SessionIdsFilter.doFilter(SessionIdsFilter.java:64) ~[aw-mi-dpr.jar:?]
	at org.apache.catalina.core.ApplicationFilterChain.internalDoFilter(ApplicationFilterChain.java:168) ~[catalina.jar:9.0.98]
	at org.apache.catalina.core.ApplicationFilterChain.doFilter(ApplicationFilterChain.java:144) ~[catalina.jar:9.0.98]
	at adis.spa.ispa_lib.auth.AuthFilterDpr.doFilter(AuthFilterDpr.java:323) ~[aw-mi-dpr.jar:?]
	at org.apache.catalina.core.ApplicationFilterChain.internalDoFilter(ApplicationFilterChain.java:168) ~[catalina.jar:9.0.98]
	at org.apache.catalina.core.ApplicationFilterChain.doFilter(ApplicationFilterChain.java:144) ~[catalina.jar:9.0.98]
	at adis.spa.ispa_lib.auth.HttpSessionCheckFilter.doFilter(HttpSessionCheckFilter.java:73) ~[al-dpr-lib.jar:?]
	at org.apache.catalina.core.ApplicationFilterChain.internalDoFilter(ApplicationFilterChain.java:168) ~[catalina.jar:9.0.98]
	at org.apache.catalina.core.ApplicationFilterChain.doFilter(ApplicationFilterChain.java:144) ~[catalina.jar:9.0.98]
	at adis.pmd.metrics.MicrometerFilter.doFilter(MicrometerFilter.java:115) ~[aw-mi-dpr.jar:?]
	at org.apache.catalina.core.ApplicationFilterChain.internalDoFilter(ApplicationFilterChain.java:168) ~[catalina.jar:9.0.98]
	at org.apache.catalina.core.ApplicationFilterChain.doFilter(ApplicationFilterChain.java:144) ~[catalina.jar:9.0.98]
	at adis.alib.log.filters.RequestLogFilter.doFilter(RequestLogFilter.java:61) ~[al-a-adis.jar:?]
	at org.apache.catalina.core.ApplicationFilterChain.internalDoFilter(ApplicationFilterChain.java:168) ~[catalina.jar:9.0.98]
	at org.apache.catalina.core.ApplicationFilterChain.doFilter(ApplicationFilterChain.java:144) ~[catalina.jar:9.0.98]
	at org.apache.logging.log4j.web.Log4jServletFilter.doFilter(Log4jServletFilter.java:71) ~[log4j-web-2.17.1.jar:2.17.1]
	at org.apache.catalina.core.ApplicationFilterChain.internalDoFilter(ApplicationFilterChain.java:168) ~[catalina.jar:9.0.98]
	at org.apache.catalina.core.ApplicationFilterChain.doFilter(ApplicationFilterChain.java:144) ~[catalina.jar:9.0.98]
	at org.apache.catalina.core.StandardWrapperValve.invoke(StandardWrapperValve.java:168) [catalina.jar:9.0.98]
	at org.apache.catalina.core.StandardContextValve.invoke(StandardContextValve.java:90) [catalina.jar:9.0.98]
	at org.apache.catalina.authenticator.AuthenticatorBase.invoke(AuthenticatorBase.java:597) [catalina.jar:9.0.98]
	at org.apache.catalina.core.StandardHostValve.invoke(StandardHostValve.java:130) [catalina.jar:9.0.98]
	at org.apache.catalina.valves.ErrorReportValve.invoke(ErrorReportValve.java:93) [catalina.jar:9.0.98]
	at org.apache.catalina.valves.RequestFilterValve.process(RequestFilterValve.java:355) [catalina.jar:9.0.98]
	at org.apache.catalina.valves.RemoteAddrValve.invoke(RemoteAddrValve.java:54) [catalina.jar:9.0.98]
	at org.apache.catalina.valves.AbstractAccessLogValve.invoke(AbstractAccessLogValve.java:660) [catalina.jar:9.0.98]
	at org.apache.catalina.core.StandardEngineValve.invoke(StandardEngineValve.java:74) [catalina.jar:9.0.98]
	at org.apache.catalina.connector.CoyoteAdapter.service(CoyoteAdapter.java:346) [catalina.jar:9.0.98]
	at org.apache.coyote.http11.Http11Processor.service(Http11Processor.java:396) [tomcat-coyote.jar:9.0.98]
	at org.apache.coyote.AbstractProcessorLight.process(AbstractProcessorLight.java:63) [tomcat-coyote.jar:9.0.98]
	at org.apache.coyote.AbstractProtocol$ConnectionHandler.process(AbstractProtocol.java:937) [tomcat-coyote.jar:9.0.98]
	at org.apache.tomcat.util.net.NioEndpoint$SocketProcessor.doRun(NioEndpoint.java:1791) [tomcat-coyote.jar:9.0.98]
	at org.apache.tomcat.util.net.SocketProcessorBase.run(SocketProcessorBase.java:52) [tomcat-coyote.jar:9.0.98]
	at org.apache.tomcat.util.threads.ThreadPoolExecutor.runWorker(ThreadPoolExecutor.java:1190) [tomcat-util.jar:9.0.98]
	at org.apache.tomcat.util.threads.ThreadPoolExecutor$Worker.run(ThreadPoolExecutor.java:659) [tomcat-util.jar:9.0.98]
	at org.apache.tomcat.util.threads.TaskThread$WrappingRunnable.run(TaskThread.java:63) [tomcat-util.jar:9.0.98]
	at java.lang.Thread.run(Thread.java:857) [?:?]
2025-03-27 14:44:33,389 ERROR [http-nio-127.0.0.1-8081-exec-27] o.a.c.c.C.[.[.[.[DataHeadServlet] Servlet.service() for servlet [DataHeadServlet] in context with path [/dpr##045003001zbn] threw exception
java.lang.NullPointerException: Cannot invoke "adis.epo2.aepo2_apl.pis.UzivatelADisPmd.getcDs()" because the return value of "adis.epo2.aepo2_apl.pis.TEPodani.getUzivatelADis()" is null
	at adis.epo2.aepo2_apl.pis.TEPodani.getOdeslatKOvereniState(TEPodani.java:6670) ~[al-a-adis.jar:?]
	at adis.pmd.mepo.service.data.MepsData.fillPodaniHeader(MepsData.java:304) ~[al-dpr-mepo.jar:?]
	at adis.pmd.mepo.service.data.MepsData.getPodaniHeader(MepsData.java:259) ~[al-dpr-mepo.jar:?]
	at adis.pmd.mepo.servlets.DataHeadServlet.lambda$doGet$0(DataHeadServlet.java:31) ~[al-dpr-mepo.jar:?]
	at adis.alib.rest.AbstractRestServlet$2.accept(AbstractRestServlet.java:72) ~[al-adis-lib.jar:?]
	at adis.alib.rest.AbstractRestServlet$2.accept(AbstractRestServlet.java:68) ~[al-adis-lib.jar:?]
	at adis.alib.rest.AbstractRestServlet.writeJsonResponse(AbstractRestServlet.java:96) ~[al-adis-lib.jar:?]
	at adis.alib.rest.AbstractRestServlet.writeJsonResponse(AbstractRestServlet.java:82) ~[al-adis-lib.jar:?]
	at adis.alib.rest.AbstractRestServlet.doGetOperation(AbstractRestServlet.java:143) ~[al-adis-lib.jar:?]
	at adis.alib.rest.AbstractRestServlet.doGet(AbstractRestServlet.java:120) ~[al-adis-lib.jar:?]
	at javax.servlet.http.HttpServlet.service(HttpServlet.java:529) ~[servlet-api.jar:4.0.FR]
	at javax.servlet.http.HttpServlet.service(HttpServlet.java:623) ~[servlet-api.jar:4.0.FR]
	at org.apache.catalina.core.ApplicationFilterChain.internalDoFilter(ApplicationFilterChain.java:199) ~[catalina.jar:9.0.98]
	at org.apache.catalina.core.ApplicationFilterChain.doFilter(ApplicationFilterChain.java:144) ~[catalina.jar:9.0.98]
	at org.apache.tomcat.websocket.server.WsFilter.doFilter(WsFilter.java:51) ~[tomcat-websocket.jar:9.0.98]
	at org.apache.catalina.core.ApplicationFilterChain.internalDoFilter(ApplicationFilterChain.java:168) ~[catalina.jar:9.0.98]
	at org.apache.catalina.core.ApplicationFilterChain.doFilter(ApplicationFilterChain.java:144) ~[catalina.jar:9.0.98]
	at adis.hibernate.HibernateSessionFilter.doFilter(HibernateSessionFilter.java:72) ~[al-a-adis.jar:?]
	at org.apache.catalina.core.ApplicationFilterChain.internalDoFilter(ApplicationFilterChain.java:168) ~[catalina.jar:9.0.98]
	at org.apache.catalina.core.ApplicationFilterChain.doFilter(ApplicationFilterChain.java:144) ~[catalina.jar:9.0.98]
	at adis.pmd.session.SessionIdsFilter.doFilter(SessionIdsFilter.java:64) ~[aw-mi-dpr.jar:?]
	at org.apache.catalina.core.ApplicationFilterChain.internalDoFilter(ApplicationFilterChain.java:168) ~[catalina.jar:9.0.98]
	at org.apache.catalina.core.ApplicationFilterChain.doFilter(ApplicationFilterChain.java:144) ~[catalina.jar:9.0.98]
	at adis.spa.ispa_lib.auth.AuthFilterDpr.doFilter(AuthFilterDpr.java:323) ~[aw-mi-dpr.jar:?]
	at org.apache.catalina.core.ApplicationFilterChain.internalDoFilter(ApplicationFilterChain.java:168) ~[catalina.jar:9.0.98]
	at org.apache.catalina.core.ApplicationFilterChain.doFilter(ApplicationFilterChain.java:144) ~[catalina.jar:9.0.98]
	at adis.spa.ispa_lib.auth.HttpSessionCheckFilter.doFilter(HttpSessionCheckFilter.java:73) ~[al-dpr-lib.jar:?]
	at org.apache.catalina.core.ApplicationFilterChain.internalDoFilter(ApplicationFilterChain.java:168) ~[catalina.jar:9.0.98]
	at org.apache.catalina.core.ApplicationFilterChain.doFilter(ApplicationFilterChain.java:144) ~[catalina.jar:9.0.98]
	at adis.pmd.metrics.MicrometerFilter.doFilter(MicrometerFilter.java:115) ~[aw-mi-dpr.jar:?]
	at org.apache.catalina.core.ApplicationFilterChain.internalDoFilter(ApplicationFilterChain.java:168) ~[catalina.jar:9.0.98]
	at org.apache.catalina.core.ApplicationFilterChain.doFilter(ApplicationFilterChain.java:144) ~[catalina.jar:9.0.98]
	at adis.alib.log.filters.RequestLogFilter.doFilter(RequestLogFilter.java:61) ~[al-a-adis.jar:?]
	at org.apache.catalina.core.ApplicationFilterChain.internalDoFilter(ApplicationFilterChain.java:168) ~[catalina.jar:9.0.98]
	at org.apache.catalina.core.ApplicationFilterChain.doFilter(ApplicationFilterChain.java:144) ~[catalina.jar:9.0.98]
	at org.apache.logging.log4j.web.Log4jServletFilter.doFilter(Log4jServletFilter.java:71) ~[log4j-web-2.17.1.jar:2.17.1]
	at org.apache.catalina.core.ApplicationFilterChain.internalDoFilter(ApplicationFilterChain.java:168) ~[catalina.jar:9.0.98]
	at org.apache.catalina.core.ApplicationFilterChain.doFilter(ApplicationFilterChain.java:144) ~[catalina.jar:9.0.98]
	at org.apache.catalina.core.StandardWrapperValve.invoke(StandardWrapperValve.java:168) [catalina.jar:9.0.98]
	at org.apache.catalina.core.StandardContextValve.invoke(StandardContextValve.java:90) [catalina.jar:9.0.98]
	at org.apache.catalina.authenticator.AuthenticatorBase.invoke(AuthenticatorBase.java:597) [catalina.jar:9.0.98]
	at org.apache.catalina.core.StandardHostValve.invoke(StandardHostValve.java:130) [catalina.jar:9.0.98]
	at org.apache.catalina.valves.ErrorReportValve.invoke(ErrorReportValve.java:93) [catalina.jar:9.0.98]
	at org.apache.catalina.valves.RequestFilterValve.process(RequestFilterValve.java:355) [catalina.jar:9.0.98]
	at org.apache.catalina.valves.RemoteAddrValve.invoke(RemoteAddrValve.java:54) [catalina.jar:9.0.98]
	at org.apache.catalina.valves.AbstractAccessLogValve.invoke(AbstractAccessLogValve.java:660) [catalina.jar:9.0.98]
	at org.apache.catalina.core.StandardEngineValve.invoke(StandardEngineValve.java:74) [catalina.jar:9.0.98]
	at org.apache.catalina.connector.CoyoteAdapter.service(CoyoteAdapter.java:346) [catalina.jar:9.0.98]
	at org.apache.coyote.http11.Http11Processor.service(Http11Processor.java:396) [tomcat-coyote.jar:9.0.98]
	at org.apache.coyote.AbstractProcessorLight.process(AbstractProcessorLight.java:63) [tomcat-coyote.jar:9.0.98]
	at org.apache.coyote.AbstractProtocol$ConnectionHandler.process(AbstractProtocol.java:937) [tomcat-coyote.jar:9.0.98]
	at org.apache.tomcat.util.net.NioEndpoint$SocketProcessor.doRun(NioEndpoint.java:1791) [tomcat-coyote.jar:9.0.98]
	at org.apache.tomcat.util.net.SocketProcessorBase.run(SocketProcessorBase.java:52) [tomcat-coyote.jar:9.0.98]
	at org.apache.tomcat.util.threads.ThreadPoolExecutor.runWorker(ThreadPoolExecutor.java:1190) [tomcat-util.jar:9.0.98]
	at org.apache.tomcat.util.threads.ThreadPoolExecutor$Worker.run(ThreadPoolExecutor.java:659) [tomcat-util.jar:9.0.98]
	at org.apache.tomcat.util.threads.TaskThread$WrappingRunnable.run(TaskThread.java:63) [tomcat-util.jar:9.0.98]
	at java.lang.Thread.run(Thread.java:857) [?:?]
2025-03-27 17:48:44,288 ERROR [http-nio-127.0.0.1-8081-exec-89] o.a.c.c.C.[.[.[.[Epo3DataRestServlet] Servlet.service() for servlet [Epo3DataRestServlet] in context with path [/dpr##045003001zbn] threw exception
adis.epo2.aepo2_apl.pis.ChybaZamkuRuntime: Neuvolnìn zámek tabulky t_e_podani_pmd pro idPodaniPmd = V05Ldq4OCJpWb1IttsGrPiLp
	at adis.epo2.aepo2_trans.EpoTrans.prelozIdPodaniPmd(EpoTrans.java:3292) ~[al-a-adis.jar:?]
	at adis.epo2.mepo.MepoDbDataImpl.nactiPodaniZDb(MepoDbDataImpl.java:448) ~[al-dpr-mepo.jar:?]
	at adis.epo2.mepo.MepoDbDataImpl.nactiPodaniZDb(MepoDbDataImpl.java:440) ~[al-dpr-mepo.jar:?]
	at adis.epo2.mepo.MepoDbDataImpl.loadTEPodaniMaster(MepoDbDataImpl.java:183) ~[al-dpr-mepo.jar:?]
	at adis.pmd.mepo.servlets.Epo3DataRestServlet.getPodani(Epo3DataRestServlet.java:113) ~[al-dpr-mepo.jar:?]
	at adis.pmd.mepo.servlets.Epo3DataRestServlet$4.get(Epo3DataRestServlet.java:323) ~[al-dpr-mepo.jar:?]
	at adis.pmd.mepo.servlets.Epo3DataRestServlet$4.get(Epo3DataRestServlet.java:299) ~[al-dpr-mepo.jar:?]
	at adis.pmd.mepo.servlets.consumers.BaseConsumer.accept(BaseConsumer.java:30) ~[al-dpr-mepo.jar:?]
	at adis.pmd.mepo.servlets.consumers.BaseConsumer.accept(BaseConsumer.java:18) ~[al-dpr-mepo.jar:?]
	at adis.alib.rest.AbstractRestServlet.writeJsonResponse(AbstractRestServlet.java:96) ~[al-adis-lib.jar:?]
	at adis.alib.rest.AbstractRestServlet.writeJsonResponse(AbstractRestServlet.java:82) ~[al-adis-lib.jar:?]
	at adis.alib.rest.AbstractRestServlet.doGetOperation(AbstractRestServlet.java:143) ~[al-adis-lib.jar:?]
	at adis.alib.rest.AbstractRestServlet.doGet(AbstractRestServlet.java:120) ~[al-adis-lib.jar:?]
	at javax.servlet.http.HttpServlet.service(HttpServlet.java:529) ~[servlet-api.jar:4.0.FR]
	at javax.servlet.http.HttpServlet.service(HttpServlet.java:623) ~[servlet-api.jar:4.0.FR]
	at org.apache.catalina.core.ApplicationFilterChain.internalDoFilter(ApplicationFilterChain.java:199) ~[catalina.jar:9.0.98]
	at org.apache.catalina.core.ApplicationFilterChain.doFilter(ApplicationFilterChain.java:144) ~[catalina.jar:9.0.98]
	at org.apache.tomcat.websocket.server.WsFilter.doFilter(WsFilter.java:51) ~[tomcat-websocket.jar:9.0.98]
	at org.apache.catalina.core.ApplicationFilterChain.internalDoFilter(ApplicationFilterChain.java:168) ~[catalina.jar:9.0.98]
	at org.apache.catalina.core.ApplicationFilterChain.doFilter(ApplicationFilterChain.java:144) ~[catalina.jar:9.0.98]
	at adis.hibernate.HibernateSessionFilter.doFilter(HibernateSessionFilter.java:72) ~[al-a-adis.jar:?]
	at org.apache.catalina.core.ApplicationFilterChain.internalDoFilter(ApplicationFilterChain.java:168) ~[catalina.jar:9.0.98]
	at org.apache.catalina.core.ApplicationFilterChain.doFilter(ApplicationFilterChain.java:144) ~[catalina.jar:9.0.98]
	at adis.pmd.session.SessionIdsFilter.doFilter(SessionIdsFilter.java:64) ~[aw-mi-dpr.jar:?]
	at org.apache.catalina.core.ApplicationFilterChain.internalDoFilter(ApplicationFilterChain.java:168) ~[catalina.jar:9.0.98]
	at org.apache.catalina.core.ApplicationFilterChain.doFilter(ApplicationFilterChain.java:144) ~[catalina.jar:9.0.98]
	at adis.spa.ispa_lib.auth.AuthFilterDpr.doFilter(AuthFilterDpr.java:323) ~[aw-mi-dpr.jar:?]
	at org.apache.catalina.core.ApplicationFilterChain.internalDoFilter(ApplicationFilterChain.java:168) ~[catalina.jar:9.0.98]
	at org.apache.catalina.core.ApplicationFilterChain.doFilter(ApplicationFilterChain.java:144) ~[catalina.jar:9.0.98]
	at adis.spa.ispa_lib.auth.HttpSessionCheckFilter.doFilter(HttpSessionCheckFilter.java:73) ~[al-dpr-lib.jar:?]
	at org.apache.catalina.core.ApplicationFilterChain.internalDoFilter(ApplicationFilterChain.java:168) ~[catalina.jar:9.0.98]
	at org.apache.catalina.core.ApplicationFilterChain.doFilter(ApplicationFilterChain.java:144) ~[catalina.jar:9.0.98]
	at adis.pmd.metrics.MicrometerFilter.doFilter(MicrometerFilter.java:115) ~[aw-mi-dpr.jar:?]
	at org.apache.catalina.core.ApplicationFilterChain.internalDoFilter(ApplicationFilterChain.java:168) ~[catalina.jar:9.0.98]
	at org.apache.catalina.core.ApplicationFilterChain.doFilter(ApplicationFilterChain.java:144) ~[catalina.jar:9.0.98]
	at adis.alib.log.filters.RequestLogFilter.doFilter(RequestLogFilter.java:61) ~[al-a-adis.jar:?]
	at org.apache.catalina.core.ApplicationFilterChain.internalDoFilter(ApplicationFilterChain.java:168) ~[catalina.jar:9.0.98]
	at org.apache.catalina.core.ApplicationFilterChain.doFilter(ApplicationFilterChain.java:144) ~[catalina.jar:9.0.98]
	at org.apache.logging.log4j.web.Log4jServletFilter.doFilter(Log4jServletFilter.java:71) ~[log4j-web-2.17.1.jar:2.17.1]
	at org.apache.catalina.core.ApplicationFilterChain.internalDoFilter(ApplicationFilterChain.java:168) ~[catalina.jar:9.0.98]
	at org.apache.catalina.core.ApplicationFilterChain.doFilter(ApplicationFilterChain.java:144) ~[catalina.jar:9.0.98]
	at org.apache.catalina.core.StandardWrapperValve.invoke(StandardWrapperValve.java:168) [catalina.jar:9.0.98]
	at org.apache.catalina.core.StandardContextValve.invoke(StandardContextValve.java:90) [catalina.jar:9.0.98]
	at org.apache.catalina.authenticator.AuthenticatorBase.invoke(AuthenticatorBase.java:597) [catalina.jar:9.0.98]
	at org.apache.catalina.core.StandardHostValve.invoke(StandardHostValve.java:130) [catalina.jar:9.0.98]
	at org.apache.catalina.valves.ErrorReportValve.invoke(ErrorReportValve.java:93) [catalina.jar:9.0.98]
	at org.apache.catalina.valves.RequestFilterValve.process(RequestFilterValve.java:355) [catalina.jar:9.0.98]
	at org.apache.catalina.valves.RemoteAddrValve.invoke(RemoteAddrValve.java:54) [catalina.jar:9.0.98]
	at org.apache.catalina.valves.AbstractAccessLogValve.invoke(AbstractAccessLogValve.java:660) [catalina.jar:9.0.98]
	at org.apache.catalina.core.StandardEngineValve.invoke(StandardEngineValve.java:74) [catalina.jar:9.0.98]
	at org.apache.catalina.connector.CoyoteAdapter.service(CoyoteAdapter.java:346) [catalina.jar:9.0.98]
	at org.apache.coyote.http11.Http11Processor.service(Http11Processor.java:396) [tomcat-coyote.jar:9.0.98]
	at org.apache.coyote.AbstractProcessorLight.process(AbstractProcessorLight.java:63) [tomcat-coyote.jar:9.0.98]
	at org.apache.coyote.AbstractProtocol$ConnectionHandler.process(AbstractProtocol.java:937) [tomcat-coyote.jar:9.0.98]
	at org.apache.tomcat.util.net.NioEndpoint$SocketProcessor.doRun(NioEndpoint.java:1791) [tomcat-coyote.jar:9.0.98]
	at org.apache.tomcat.util.net.SocketProcessorBase.run(SocketProcessorBase.java:52) [tomcat-coyote.jar:9.0.98]
	at org.apache.tomcat.util.threads.ThreadPoolExecutor.runWorker(ThreadPoolExecutor.java:1190) [tomcat-util.jar:9.0.98]
	at org.apache.tomcat.util.threads.ThreadPoolExecutor$Worker.run(ThreadPoolExecutor.java:659) [tomcat-util.jar:9.0.98]
	at org.apache.tomcat.util.threads.TaskThread$WrappingRunnable.run(TaskThread.java:63) [tomcat-util.jar:9.0.98]
	at java.lang.Thread.run(Thread.java:857) [?:?]
Caused by: org.hibernate.exception.GenericJDBCException: could not execute query
	at org.hibernate.exception.SQLStateConverter.handledNonSpecificException(SQLStateConverter.java:140) ~[hibernate-core-3.6.10.Final.jar:3.6.10.Final]
	at org.hibernate.exception.SQLStateConverter.convert(SQLStateConverter.java:128) ~[hibernate-core-3.6.10.Final.jar:3.6.10.Final]
	at org.hibernate.exception.JDBCExceptionHelper.convert(JDBCExceptionHelper.java:66) ~[hibernate-core-3.6.10.Final.jar:3.6.10.Final]
	at org.hibernate.loader.Loader.doList(Loader.java:2545) ~[hibernate-core-3.6.10.Final.jar:3.6.10.Final]
	at org.hibernate.loader.Loader.listIgnoreQueryCache(Loader.java:2276) ~[hibernate-core-3.6.10.Final.jar:3.6.10.Final]
	at org.hibernate.loader.Loader.list(Loader.java:2271) ~[hibernate-core-3.6.10.Final.jar:3.6.10.Final]
	at org.hibernate.loader.hql.QueryLoader.list(QueryLoader.java:459) ~[hibernate-core-3.6.10.Final.jar:3.6.10.Final]
	at org.hibernate.hql.ast.QueryTranslatorImpl.list(QueryTranslatorImpl.java:365) ~[hibernate-core-3.6.10.Final.jar:3.6.10.Final]
	at org.hibernate.engine.query.HQLQueryPlan.performList(HQLQueryPlan.java:196) ~[hibernate-core-3.6.10.Final.jar:3.6.10.Final]
	at org.hibernate.impl.SessionImpl.list(SessionImpl.java:1268) ~[hibernate-core-3.6.10.Final.jar:3.6.10.Final]
	at org.hibernate.impl.QueryImpl.list(QueryImpl.java:102) ~[hibernate-core-3.6.10.Final.jar:3.6.10.Final]
	at org.hibernate.impl.AbstractQueryImpl.uniqueResult(AbstractQueryImpl.java:890) ~[hibernate-core-3.6.10.Final.jar:3.6.10.Final]
	at adis.epo2.aepo2_trans.EpoTrans.prelozIdPodaniPmd(EpoTrans.java:3282) ~[al-a-adis.jar:?]
	... 59 more
Caused by: java.sql.SQLException: Could not position within a table (adissys.t_e_podani_pmd).
	at com.informix.jdbc.IfxSqli.a(IfxSqli.java:3605) ~[ifxjdbc-3.50.JC9X9.jar:?]
	at com.informix.jdbc.IfxSqli.E(IfxSqli.java:3931) ~[ifxjdbc-3.50.JC9X9.jar:?]
	at com.informix.jdbc.IfxSqli.dispatchMsg(IfxSqli.java:2681) ~[ifxjdbc-3.50.JC9X9.jar:?]
	at com.informix.jdbc.IfxSqli.receiveMessage(IfxSqli.java:2597) ~[ifxjdbc-3.50.JC9X9.jar:?]
	at com.informix.jdbc.IfxSqli.a(IfxSqli.java:1816) ~[ifxjdbc-3.50.JC9X9.jar:?]
	at com.informix.jdbc.IfxSqli.executeStatementQuery(IfxSqli.java:1754) ~[ifxjdbc-3.50.JC9X9.jar:?]
	at com.informix.jdbc.IfxSqli.executeStatementQuery(IfxSqli.java:1685) ~[ifxjdbc-3.50.JC9X9.jar:?]
	at com.informix.jdbc.IfxResultSet.a(IfxResultSet.java:206) ~[ifxjdbc-3.50.JC9X9.jar:?]
	at com.informix.jdbc.IfxStatement.executeQueryImpl(IfxStatement.java:1229) ~[ifxjdbc-3.50.JC9X9.jar:?]
	at com.informix.jdbc.IfxPreparedStatement.executeQuery(IfxPreparedStatement.java:379) ~[ifxjdbc-3.50.JC9X9.jar:?]
	at org.apache.tomcat.dbcp.dbcp2.DelegatingPreparedStatement.executeQuery(DelegatingPreparedStatement.java:123) ~[tomcat-dbcp.jar:9.0.98]
	at org.apache.tomcat.dbcp.dbcp2.DelegatingPreparedStatement.executeQuery(DelegatingPreparedStatement.java:123) ~[tomcat-dbcp.jar:9.0.98]
	at org.hibernate.jdbc.AbstractBatcher.getResultSet(AbstractBatcher.java:208) ~[hibernate-core-3.6.10.Final.jar:3.6.10.Final]
	at org.hibernate.loader.Loader.getResultSet(Loader.java:1953) ~[hibernate-core-3.6.10.Final.jar:3.6.10.Final]
	at org.hibernate.loader.Loader.doQuery(Loader.java:802) ~[hibernate-core-3.6.10.Final.jar:3.6.10.Final]
	at org.hibernate.loader.Loader.doQueryAndInitializeNonLazyCollections(Loader.java:274) ~[hibernate-core-3.6.10.Final.jar:3.6.10.Final]
	at org.hibernate.loader.Loader.doList(Loader.java:2542) ~[hibernate-core-3.6.10.Final.jar:3.6.10.Final]
	at org.hibernate.loader.Loader.listIgnoreQueryCache(Loader.java:2276) ~[hibernate-core-3.6.10.Final.jar:3.6.10.Final]
	at org.hibernate.loader.Loader.list(Loader.java:2271) ~[hibernate-core-3.6.10.Final.jar:3.6.10.Final]
	at org.hibernate.loader.hql.QueryLoader.list(QueryLoader.java:459) ~[hibernate-core-3.6.10.Final.jar:3.6.10.Final]
	at org.hibernate.hql.ast.QueryTranslatorImpl.list(QueryTranslatorImpl.java:365) ~[hibernate-core-3.6.10.Final.jar:3.6.10.Final]
	at org.hibernate.engine.query.HQLQueryPlan.performList(HQLQueryPlan.java:196) ~[hibernate-core-3.6.10.Final.jar:3.6.10.Final]
	at org.hibernate.impl.SessionImpl.list(SessionImpl.java:1268) ~[hibernate-core-3.6.10.Final.jar:3.6.10.Final]
	at org.hibernate.impl.QueryImpl.list(QueryImpl.java:102) ~[hibernate-core-3.6.10.Final.jar:3.6.10.Final]
	at org.hibernate.impl.AbstractQueryImpl.uniqueResult(AbstractQueryImpl.java:890) ~[hibernate-core-3.6.10.Final.jar:3.6.10.Final]
	at adis.epo2.aepo2_trans.EpoTrans.prelozIdPodaniPmd(EpoTrans.java:3282) ~[al-a-adis.jar:?]
	... 59 more
Caused by: java.sql.SQLException: ISAM error: Lock Timeout Expired
	at com.informix.util.IfxErrMsg.getSQLException(IfxErrMsg.java:412) ~[ifxjdbc-3.50.JC9X9.jar:?]
	at com.informix.jdbc.IfxSqli.E(IfxSqli.java:3936) ~[ifxjdbc-3.50.JC9X9.jar:?]
	at com.informix.jdbc.IfxSqli.dispatchMsg(IfxSqli.java:2681) ~[ifxjdbc-3.50.JC9X9.jar:?]
	at com.informix.jdbc.IfxSqli.receiveMessage(IfxSqli.java:2597) ~[ifxjdbc-3.50.JC9X9.jar:?]
	at com.informix.jdbc.IfxSqli.a(IfxSqli.java:1816) ~[ifxjdbc-3.50.JC9X9.jar:?]
	at com.informix.jdbc.IfxSqli.executeStatementQuery(IfxSqli.java:1754) ~[ifxjdbc-3.50.JC9X9.jar:?]
	at com.informix.jdbc.IfxSqli.executeStatementQuery(IfxSqli.java:1685) ~[ifxjdbc-3.50.JC9X9.jar:?]
	at com.informix.jdbc.IfxResultSet.a(IfxResultSet.java:206) ~[ifxjdbc-3.50.JC9X9.jar:?]
	at com.informix.jdbc.IfxStatement.executeQueryImpl(IfxStatement.java:1229) ~[ifxjdbc-3.50.JC9X9.jar:?]
	at com.informix.jdbc.IfxPreparedStatement.executeQuery(IfxPreparedStatement.java:379) ~[ifxjdbc-3.50.JC9X9.jar:?]
	at org.apache.tomcat.dbcp.dbcp2.DelegatingPreparedStatement.executeQuery(DelegatingPreparedStatement.java:123) ~[tomcat-dbcp.jar:9.0.98]
	at org.apache.tomcat.dbcp.dbcp2.DelegatingPreparedStatement.executeQuery(DelegatingPreparedStatement.java:123) ~[tomcat-dbcp.jar:9.0.98]
	at org.hibernate.jdbc.AbstractBatcher.getResultSet(AbstractBatcher.java:208) ~[hibernate-core-3.6.10.Final.jar:3.6.10.Final]
	at org.hibernate.loader.Loader.getResultSet(Loader.java:1953) ~[hibernate-core-3.6.10.Final.jar:3.6.10.Final]
	at org.hibernate.loader.Loader.doQuery(Loader.java:802) ~[hibernate-core-3.6.10.Final.jar:3.6.10.Final]
	at org.hibernate.loader.Loader.doQueryAndInitializeNonLazyCollections(Loader.java:274) ~[hibernate-core-3.6.10.Final.jar:3.6.10.Final]
	at org.hibernate.loader.Loader.doList(Loader.java:2542) ~[hibernate-core-3.6.10.Final.jar:3.6.10.Final]
	at org.hibernate.loader.Loader.listIgnoreQueryCache(Loader.java:2276) ~[hibernate-core-3.6.10.Final.jar:3.6.10.Final]
	at org.hibernate.loader.Loader.list(Loader.java:2271) ~[hibernate-core-3.6.10.Final.jar:3.6.10.Final]
	at org.hibernate.loader.hql.QueryLoader.list(QueryLoader.java:459) ~[hibernate-core-3.6.10.Final.jar:3.6.10.Final]
	at org.hibernate.hql.ast.QueryTranslatorImpl.list(QueryTranslatorImpl.java:365) ~[hibernate-core-3.6.10.Final.jar:3.6.10.Final]
	at org.hibernate.engine.query.HQLQueryPlan.performList(HQLQueryPlan.java:196) ~[hibernate-core-3.6.10.Final.jar:3.6.10.Final]
	at org.hibernate.impl.SessionImpl.list(SessionImpl.java:1268) ~[hibernate-core-3.6.10.Final.jar:3.6.10.Final]
	at org.hibernate.impl.QueryImpl.list(QueryImpl.java:102) ~[hibernate-core-3.6.10.Final.jar:3.6.10.Final]
	at org.hibernate.impl.AbstractQueryImpl.uniqueResult(AbstractQueryImpl.java:890) ~[hibernate-core-3.6.10.Final.jar:3.6.10.Final]
	at adis.epo2.aepo2_trans.EpoTrans.prelozIdPodaniPmd(EpoTrans.java:3282) ~[al-a-adis.jar:?]
	... 59 more
2025-03-27 17:48:45,288 ERROR [http-nio-127.0.0.1-8081-exec-4] o.a.c.c.C.[.[.[.[Epo3DataRestServlet] Servlet.service() for servlet [Epo3DataRestServlet] in context with path [/dpr##045003001zbn] threw exception
adis.epo2.aepo2_apl.pis.ChybaZamkuRuntime: Neuvolnìn zámek tabulky t_e_podani_pmd pro idPodaniPmd = V05Ldq4OCJpWb1IttsGrPiLp
	at adis.epo2.aepo2_trans.EpoTrans.prelozIdPodaniPmd(EpoTrans.java:3292) ~[al-a-adis.jar:?]
	at adis.epo2.mepo.MepoDbDataImpl.nactiPodaniZDb(MepoDbDataImpl.java:448) ~[al-dpr-mepo.jar:?]
	at adis.epo2.mepo.MepoDbDataImpl.nactiPodaniZDb(MepoDbDataImpl.java:440) ~[al-dpr-mepo.jar:?]
	at adis.epo2.mepo.MepoDbDataImpl.loadTEPodaniMaster(MepoDbDataImpl.java:183) ~[al-dpr-mepo.jar:?]
	at adis.pmd.mepo.servlets.Epo3DataRestServlet.getPodani(Epo3DataRestServlet.java:113) ~[al-dpr-mepo.jar:?]
	at adis.pmd.mepo.servlets.Epo3DataRestServlet$4.get(Epo3DataRestServlet.java:323) ~[al-dpr-mepo.jar:?]
	at adis.pmd.mepo.servlets.Epo3DataRestServlet$4.get(Epo3DataRestServlet.java:299) ~[al-dpr-mepo.jar:?]
	at adis.pmd.mepo.servlets.consumers.BaseConsumer.accept(BaseConsumer.java:30) ~[al-dpr-mepo.jar:?]
	at adis.pmd.mepo.servlets.consumers.BaseConsumer.accept(BaseConsumer.java:18) ~[al-dpr-mepo.jar:?]
	at adis.alib.rest.AbstractRestServlet.writeJsonResponse(AbstractRestServlet.java:96) ~[al-adis-lib.jar:?]
	at adis.alib.rest.AbstractRestServlet.writeJsonResponse(AbstractRestServlet.java:82) ~[al-adis-lib.jar:?]
	at adis.alib.rest.AbstractRestServlet.doGetOperation(AbstractRestServlet.java:143) ~[al-adis-lib.jar:?]
	at adis.alib.rest.AbstractRestServlet.doGet(AbstractRestServlet.java:120) ~[al-adis-lib.jar:?]
	at javax.servlet.http.HttpServlet.service(HttpServlet.java:529) ~[servlet-api.jar:4.0.FR]
	at javax.servlet.http.HttpServlet.service(HttpServlet.java:623) ~[servlet-api.jar:4.0.FR]
	at org.apache.catalina.core.ApplicationFilterChain.internalDoFilter(ApplicationFilterChain.java:199) ~[catalina.jar:9.0.98]
	at org.apache.catalina.core.ApplicationFilterChain.doFilter(ApplicationFilterChain.java:144) ~[catalina.jar:9.0.98]
	at org.apache.tomcat.websocket.server.WsFilter.doFilter(WsFilter.java:51) ~[tomcat-websocket.jar:9.0.98]
	at org.apache.catalina.core.ApplicationFilterChain.internalDoFilter(ApplicationFilterChain.java:168) ~[catalina.jar:9.0.98]
	at org.apache.catalina.core.ApplicationFilterChain.doFilter(ApplicationFilterChain.java:144) ~[catalina.jar:9.0.98]
	at adis.hibernate.HibernateSessionFilter.doFilter(HibernateSessionFilter.java:72) ~[al-a-adis.jar:?]
	at org.apache.catalina.core.ApplicationFilterChain.internalDoFilter(ApplicationFilterChain.java:168) ~[catalina.jar:9.0.98]
	at org.apache.catalina.core.ApplicationFilterChain.doFilter(ApplicationFilterChain.java:144) ~[catalina.jar:9.0.98]
	at adis.pmd.session.SessionIdsFilter.doFilter(SessionIdsFilter.java:64) ~[aw-mi-dpr.jar:?]
	at org.apache.catalina.core.ApplicationFilterChain.internalDoFilter(ApplicationFilterChain.java:168) ~[catalina.jar:9.0.98]
	at org.apache.catalina.core.ApplicationFilterChain.doFilter(ApplicationFilterChain.java:144) ~[catalina.jar:9.0.98]
	at adis.spa.ispa_lib.auth.AuthFilterDpr.doFilter(AuthFilterDpr.java:323) ~[aw-mi-dpr.jar:?]
	at org.apache.catalina.core.ApplicationFilterChain.internalDoFilter(ApplicationFilterChain.java:168) ~[catalina.jar:9.0.98]
	at org.apache.catalina.core.ApplicationFilterChain.doFilter(ApplicationFilterChain.java:144) ~[catalina.jar:9.0.98]
	at adis.spa.ispa_lib.auth.HttpSessionCheckFilter.doFilter(HttpSessionCheckFilter.java:73) ~[al-dpr-lib.jar:?]
	at org.apache.catalina.core.ApplicationFilterChain.internalDoFilter(ApplicationFilterChain.java:168) ~[catalina.jar:9.0.98]
	at org.apache.catalina.core.ApplicationFilterChain.doFilter(ApplicationFilterChain.java:144) ~[catalina.jar:9.0.98]
	at adis.pmd.metrics.MicrometerFilter.doFilter(MicrometerFilter.java:115) ~[aw-mi-dpr.jar:?]
	at org.apache.catalina.core.ApplicationFilterChain.internalDoFilter(ApplicationFilterChain.java:168) ~[catalina.jar:9.0.98]
	at org.apache.catalina.core.ApplicationFilterChain.doFilter(ApplicationFilterChain.java:144) ~[catalina.jar:9.0.98]
	at adis.alib.log.filters.RequestLogFilter.doFilter(RequestLogFilter.java:61) ~[al-a-adis.jar:?]
	at org.apache.catalina.core.ApplicationFilterChain.internalDoFilter(ApplicationFilterChain.java:168) ~[catalina.jar:9.0.98]
	at org.apache.catalina.core.ApplicationFilterChain.doFilter(ApplicationFilterChain.java:144) ~[catalina.jar:9.0.98]
	at org.apache.logging.log4j.web.Log4jServletFilter.doFilter(Log4jServletFilter.java:71) ~[log4j-web-2.17.1.jar:2.17.1]
	at org.apache.catalina.core.ApplicationFilterChain.internalDoFilter(ApplicationFilterChain.java:168) ~[catalina.jar:9.0.98]
	at org.apache.catalina.core.ApplicationFilterChain.doFilter(ApplicationFilterChain.java:144) ~[catalina.jar:9.0.98]
	at org.apache.catalina.core.StandardWrapperValve.invoke(StandardWrapperValve.java:168) [catalina.jar:9.0.98]
	at org.apache.catalina.core.StandardContextValve.invoke(StandardContextValve.java:90) [catalina.jar:9.0.98]
	at org.apache.catalina.authenticator.AuthenticatorBase.invoke(AuthenticatorBase.java:597) [catalina.jar:9.0.98]
	at org.apache.catalina.core.StandardHostValve.invoke(StandardHostValve.java:130) [catalina.jar:9.0.98]
	at org.apache.catalina.valves.ErrorReportValve.invoke(ErrorReportValve.java:93) [catalina.jar:9.0.98]
	at org.apache.catalina.valves.RequestFilterValve.process(RequestFilterValve.java:355) [catalina.jar:9.0.98]
	at org.apache.catalina.valves.RemoteAddrValve.invoke(RemoteAddrValve.java:54) [catalina.jar:9.0.98]
	at org.apache.catalina.valves.AbstractAccessLogValve.invoke(AbstractAccessLogValve.java:660) [catalina.jar:9.0.98]
	at org.apache.catalina.core.StandardEngineValve.invoke(StandardEngineValve.java:74) [catalina.jar:9.0.98]
	at org.apache.catalina.connector.CoyoteAdapter.service(CoyoteAdapter.java:346) [catalina.jar:9.0.98]
	at org.apache.coyote.http11.Http11Processor.service(Http11Processor.java:396) [tomcat-coyote.jar:9.0.98]
	at org.apache.coyote.AbstractProcessorLight.process(AbstractProcessorLight.java:63) [tomcat-coyote.jar:9.0.98]
	at org.apache.coyote.AbstractProtocol$ConnectionHandler.process(AbstractProtocol.java:937) [tomcat-coyote.jar:9.0.98]
	at org.apache.tomcat.util.net.NioEndpoint$SocketProcessor.doRun(NioEndpoint.java:1791) [tomcat-coyote.jar:9.0.98]
	at org.apache.tomcat.util.net.SocketProcessorBase.run(SocketProcessorBase.java:52) [tomcat-coyote.jar:9.0.98]
	at org.apache.tomcat.util.threads.ThreadPoolExecutor.runWorker(ThreadPoolExecutor.java:1190) [tomcat-util.jar:9.0.98]
	at org.apache.tomcat.util.threads.ThreadPoolExecutor$Worker.run(ThreadPoolExecutor.java:659) [tomcat-util.jar:9.0.98]
	at org.apache.tomcat.util.threads.TaskThread$WrappingRunnable.run(TaskThread.java:63) [tomcat-util.jar:9.0.98]
	at java.lang.Thread.run(Thread.java:857) [?:?]
Caused by: org.hibernate.exception.GenericJDBCException: could not execute query
	at org.hibernate.exception.SQLStateConverter.handledNonSpecificException(SQLStateConverter.java:140) ~[hibernate-core-3.6.10.Final.jar:3.6.10.Final]
	at org.hibernate.exception.SQLStateConverter.convert(SQLStateConverter.java:128) ~[hibernate-core-3.6.10.Final.jar:3.6.10.Final]
	at org.hibernate.exception.JDBCExceptionHelper.convert(JDBCExceptionHelper.java:66) ~[hibernate-core-3.6.10.Final.jar:3.6.10.Final]
	at org.hibernate.loader.Loader.doList(Loader.java:2545) ~[hibernate-core-3.6.10.Final.jar:3.6.10.Final]
	at org.hibernate.loader.Loader.listIgnoreQueryCache(Loader.java:2276) ~[hibernate-core-3.6.10.Final.jar:3.6.10.Final]
	at org.hibernate.loader.Loader.list(Loader.java:2271) ~[hibernate-core-3.6.10.Final.jar:3.6.10.Final]
	at org.hibernate.loader.hql.QueryLoader.list(QueryLoader.java:459) ~[hibernate-core-3.6.10.Final.jar:3.6.10.Final]
	at org.hibernate.hql.ast.QueryTranslatorImpl.list(QueryTranslatorImpl.java:365) ~[hibernate-core-3.6.10.Final.jar:3.6.10.Final]
	at org.hibernate.engine.query.HQLQueryPlan.performList(HQLQueryPlan.java:196) ~[hibernate-core-3.6.10.Final.jar:3.6.10.Final]
	at org.hibernate.impl.SessionImpl.list(SessionImpl.java:1268) ~[hibernate-core-3.6.10.Final.jar:3.6.10.Final]
	at org.hibernate.impl.QueryImpl.list(QueryImpl.java:102) ~[hibernate-core-3.6.10.Final.jar:3.6.10.Final]
	at org.hibernate.impl.AbstractQueryImpl.uniqueResult(AbstractQueryImpl.java:890) ~[hibernate-core-3.6.10.Final.jar:3.6.10.Final]
	at adis.epo2.aepo2_trans.EpoTrans.prelozIdPodaniPmd(EpoTrans.java:3282) ~[al-a-adis.jar:?]
	... 59 more
Caused by: java.sql.SQLException: Could not position within a table (adissys.t_e_podani_pmd).
	at com.informix.jdbc.IfxSqli.a(IfxSqli.java:3605) ~[ifxjdbc-3.50.JC9X9.jar:?]
	at com.informix.jdbc.IfxSqli.E(IfxSqli.java:3931) ~[ifxjdbc-3.50.JC9X9.jar:?]
	at com.informix.jdbc.IfxSqli.dispatchMsg(IfxSqli.java:2681) ~[ifxjdbc-3.50.JC9X9.jar:?]
	at com.informix.jdbc.IfxSqli.receiveMessage(IfxSqli.java:2597) ~[ifxjdbc-3.50.JC9X9.jar:?]
	at com.informix.jdbc.IfxSqli.a(IfxSqli.java:1816) ~[ifxjdbc-3.50.JC9X9.jar:?]
	at com.informix.jdbc.IfxSqli.executeStatementQuery(IfxSqli.java:1754) ~[ifxjdbc-3.50.JC9X9.jar:?]
	at com.informix.jdbc.IfxSqli.executeStatementQuery(IfxSqli.java:1685) ~[ifxjdbc-3.50.JC9X9.jar:?]
	at com.informix.jdbc.IfxResultSet.a(IfxResultSet.java:206) ~[ifxjdbc-3.50.JC9X9.jar:?]
	at com.informix.jdbc.IfxStatement.executeQueryImpl(IfxStatement.java:1229) ~[ifxjdbc-3.50.JC9X9.jar:?]
	at com.informix.jdbc.IfxPreparedStatement.executeQuery(IfxPreparedStatement.java:379) ~[ifxjdbc-3.50.JC9X9.jar:?]
	at org.apache.tomcat.dbcp.dbcp2.DelegatingPreparedStatement.executeQuery(DelegatingPreparedStatement.java:123) ~[tomcat-dbcp.jar:9.0.98]
	at org.apache.tomcat.dbcp.dbcp2.DelegatingPreparedStatement.executeQuery(DelegatingPreparedStatement.java:123) ~[tomcat-dbcp.jar:9.0.98]
	at org.hibernate.jdbc.AbstractBatcher.getResultSet(AbstractBatcher.java:208) ~[hibernate-core-3.6.10.Final.jar:3.6.10.Final]
	at org.hibernate.loader.Loader.getResultSet(Loader.java:1953) ~[hibernate-core-3.6.10.Final.jar:3.6.10.Final]
	at org.hibernate.loader.Loader.doQuery(Loader.java:802) ~[hibernate-core-3.6.10.Final.jar:3.6.10.Final]
	at org.hibernate.loader.Loader.doQueryAndInitializeNonLazyCollections(Loader.java:274) ~[hibernate-core-3.6.10.Final.jar:3.6.10.Final]
	at org.hibernate.loader.Loader.doList(Loader.java:2542) ~[hibernate-core-3.6.10.Final.jar:3.6.10.Final]
	at org.hibernate.loader.Loader.listIgnoreQueryCache(Loader.java:2276) ~[hibernate-core-3.6.10.Final.jar:3.6.10.Final]
	at org.hibernate.loader.Loader.list(Loader.java:2271) ~[hibernate-core-3.6.10.Final.jar:3.6.10.Final]
	at org.hibernate.loader.hql.QueryLoader.list(QueryLoader.java:459) ~[hibernate-core-3.6.10.Final.jar:3.6.10.Final]
	at org.hibernate.hql.ast.QueryTranslatorImpl.list(QueryTranslatorImpl.java:365) ~[hibernate-core-3.6.10.Final.jar:3.6.10.Final]
	at org.hibernate.engine.query.HQLQueryPlan.performList(HQLQueryPlan.java:196) ~[hibernate-core-3.6.10.Final.jar:3.6.10.Final]
	at org.hibernate.impl.SessionImpl.list(SessionImpl.java:1268) ~[hibernate-core-3.6.10.Final.jar:3.6.10.Final]
	at org.hibernate.impl.QueryImpl.list(QueryImpl.java:102) ~[hibernate-core-3.6.10.Final.jar:3.6.10.Final]
	at org.hibernate.impl.AbstractQueryImpl.uniqueResult(AbstractQueryImpl.java:890) ~[hibernate-core-3.6.10.Final.jar:3.6.10.Final]
	at adis.epo2.aepo2_trans.EpoTrans.prelozIdPodaniPmd(EpoTrans.java:3282) ~[al-a-adis.jar:?]
	... 59 more
Caused by: java.sql.SQLException: ISAM error: Lock Timeout Expired
	at com.informix.util.IfxErrMsg.getSQLException(IfxErrMsg.java:412) ~[ifxjdbc-3.50.JC9X9.jar:?]
	at com.informix.jdbc.IfxSqli.E(IfxSqli.java:3936) ~[ifxjdbc-3.50.JC9X9.jar:?]
	at com.informix.jdbc.IfxSqli.dispatchMsg(IfxSqli.java:2681) ~[ifxjdbc-3.50.JC9X9.jar:?]
	at com.informix.jdbc.IfxSqli.receiveMessage(IfxSqli.java:2597) ~[ifxjdbc-3.50.JC9X9.jar:?]
	at com.informix.jdbc.IfxSqli.a(IfxSqli.java:1816) ~[ifxjdbc-3.50.JC9X9.jar:?]
	at com.informix.jdbc.IfxSqli.executeStatementQuery(IfxSqli.java:1754) ~[ifxjdbc-3.50.JC9X9.jar:?]
	at com.informix.jdbc.IfxSqli.executeStatementQuery(IfxSqli.java:1685) ~[ifxjdbc-3.50.JC9X9.jar:?]
	at com.informix.jdbc.IfxResultSet.a(IfxResultSet.java:206) ~[ifxjdbc-3.50.JC9X9.jar:?]
	at com.informix.jdbc.IfxStatement.executeQueryImpl(IfxStatement.java:1229) ~[ifxjdbc-3.50.JC9X9.jar:?]
	at com.informix.jdbc.IfxPreparedStatement.executeQuery(IfxPreparedStatement.java:379) ~[ifxjdbc-3.50.JC9X9.jar:?]
	at org.apache.tomcat.dbcp.dbcp2.DelegatingPreparedStatement.executeQuery(DelegatingPreparedStatement.java:123) ~[tomcat-dbcp.jar:9.0.98]
	at org.apache.tomcat.dbcp.dbcp2.DelegatingPreparedStatement.executeQuery(DelegatingPreparedStatement.java:123) ~[tomcat-dbcp.jar:9.0.98]
	at org.hibernate.jdbc.AbstractBatcher.getResultSet(AbstractBatcher.java:208) ~[hibernate-core-3.6.10.Final.jar:3.6.10.Final]
	at org.hibernate.loader.Loader.getResultSet(Loader.java:1953) ~[hibernate-core-3.6.10.Final.jar:3.6.10.Final]
	at org.hibernate.loader.Loader.doQuery(Loader.java:802) ~[hibernate-core-3.6.10.Final.jar:3.6.10.Final]
	at org.hibernate.loader.Loader.doQueryAndInitializeNonLazyCollections(Loader.java:274) ~[hibernate-core-3.6.10.Final.jar:3.6.10.Final]
	at org.hibernate.loader.Loader.doList(Loader.java:2542) ~[hibernate-core-3.6.10.Final.jar:3.6.10.Final]
	at org.hibernate.loader.Loader.listIgnoreQueryCache(Loader.java:2276) ~[hibernate-core-3.6.10.Final.jar:3.6.10.Final]
	at org.hibernate.loader.Loader.list(Loader.java:2271) ~[hibernate-core-3.6.10.Final.jar:3.6.10.Final]
	at org.hibernate.loader.hql.QueryLoader.list(QueryLoader.java:459) ~[hibernate-core-3.6.10.Final.jar:3.6.10.Final]
	at org.hibernate.hql.ast.QueryTranslatorImpl.list(QueryTranslatorImpl.java:365) ~[hibernate-core-3.6.10.Final.jar:3.6.10.Final]
	at org.hibernate.engine.query.HQLQueryPlan.performList(HQLQueryPlan.java:196) ~[hibernate-core-3.6.10.Final.jar:3.6.10.Final]
	at org.hibernate.impl.SessionImpl.list(SessionImpl.java:1268) ~[hibernate-core-3.6.10.Final.jar:3.6.10.Final]
	at org.hibernate.impl.QueryImpl.list(QueryImpl.java:102) ~[hibernate-core-3.6.10.Final.jar:3.6.10.Final]
	at org.hibernate.impl.AbstractQueryImpl.uniqueResult(AbstractQueryImpl.java:890) ~[hibernate-core-3.6.10.Final.jar:3.6.10.Final]
	at adis.epo2.aepo2_trans.EpoTrans.prelozIdPodaniPmd(EpoTrans.java:3282) ~[al-a-adis.jar:?]
	... 59 more
2025-03-27 17:48:50,289 ERROR [http-nio-127.0.0.1-8081-exec-84] o.a.c.c.C.[.[.[.[Epo3DataRestServlet] Servlet.service() for servlet [Epo3DataRestServlet] in context with path [/dpr##045003001zbn] threw exception
adis.epo2.aepo2_apl.pis.ChybaZamkuRuntime: Neuvolnìn zámek tabulky t_e_podani_pmd pro idPodaniPmd = V05Ldq4OCJpWb1IttsGrPiLp
	at adis.epo2.aepo2_trans.EpoTrans.prelozIdPodaniPmd(EpoTrans.java:3292) ~[al-a-adis.jar:?]
	at adis.epo2.mepo.MepoDbDataImpl.nactiPodaniZDb(MepoDbDataImpl.java:448) ~[al-dpr-mepo.jar:?]
	at adis.epo2.mepo.MepoDbDataImpl.nactiPodaniZDb(MepoDbDataImpl.java:440) ~[al-dpr-mepo.jar:?]
	at adis.epo2.mepo.MepoDbDataImpl.loadTEPodaniMaster(MepoDbDataImpl.java:183) ~[al-dpr-mepo.jar:?]
	at adis.pmd.mepo.servlets.Epo3DataRestServlet.getPodani(Epo3DataRestServlet.java:113) ~[al-dpr-mepo.jar:?]
	at adis.pmd.mepo.servlets.Epo3DataRestServlet$4.get(Epo3DataRestServlet.java:323) ~[al-dpr-mepo.jar:?]
	at adis.pmd.mepo.servlets.Epo3DataRestServlet$4.get(Epo3DataRestServlet.java:299) ~[al-dpr-mepo.jar:?]
	at adis.pmd.mepo.servlets.consumers.BaseConsumer.accept(BaseConsumer.java:30) ~[al-dpr-mepo.jar:?]
	at adis.pmd.mepo.servlets.consumers.BaseConsumer.accept(BaseConsumer.java:18) ~[al-dpr-mepo.jar:?]
	at adis.alib.rest.AbstractRestServlet.writeJsonResponse(AbstractRestServlet.java:96) ~[al-adis-lib.jar:?]
	at adis.alib.rest.AbstractRestServlet.writeJsonResponse(AbstractRestServlet.java:82) ~[al-adis-lib.jar:?]
	at adis.alib.rest.AbstractRestServlet.doGetOperation(AbstractRestServlet.java:143) ~[al-adis-lib.jar:?]
	at adis.alib.rest.AbstractRestServlet.doGet(AbstractRestServlet.java:120) ~[al-adis-lib.jar:?]
	at javax.servlet.http.HttpServlet.service(HttpServlet.java:529) ~[servlet-api.jar:4.0.FR]
	at javax.servlet.http.HttpServlet.service(HttpServlet.java:623) ~[servlet-api.jar:4.0.FR]
	at org.apache.catalina.core.ApplicationFilterChain.internalDoFilter(ApplicationFilterChain.java:199) ~[catalina.jar:9.0.98]
	at org.apache.catalina.core.ApplicationFilterChain.doFilter(ApplicationFilterChain.java:144) ~[catalina.jar:9.0.98]
	at org.apache.tomcat.websocket.server.WsFilter.doFilter(WsFilter.java:51) ~[tomcat-websocket.jar:9.0.98]
	at org.apache.catalina.core.ApplicationFilterChain.internalDoFilter(ApplicationFilterChain.java:168) ~[catalina.jar:9.0.98]
	at org.apache.catalina.core.ApplicationFilterChain.doFilter(ApplicationFilterChain.java:144) ~[catalina.jar:9.0.98]
	at adis.hibernate.HibernateSessionFilter.doFilter(HibernateSessionFilter.java:72) ~[al-a-adis.jar:?]
	at org.apache.catalina.core.ApplicationFilterChain.internalDoFilter(ApplicationFilterChain.java:168) ~[catalina.jar:9.0.98]
	at org.apache.catalina.core.ApplicationFilterChain.doFilter(ApplicationFilterChain.java:144) ~[catalina.jar:9.0.98]
	at adis.pmd.session.SessionIdsFilter.doFilter(SessionIdsFilter.java:64) ~[aw-mi-dpr.jar:?]
	at org.apache.catalina.core.ApplicationFilterChain.internalDoFilter(ApplicationFilterChain.java:168) ~[catalina.jar:9.0.98]
	at org.apache.catalina.core.ApplicationFilterChain.doFilter(ApplicationFilterChain.java:144) ~[catalina.jar:9.0.98]
	at adis.spa.ispa_lib.auth.AuthFilterDpr.doFilter(AuthFilterDpr.java:323) ~[aw-mi-dpr.jar:?]
	at org.apache.catalina.core.ApplicationFilterChain.internalDoFilter(ApplicationFilterChain.java:168) ~[catalina.jar:9.0.98]
	at org.apache.catalina.core.ApplicationFilterChain.doFilter(ApplicationFilterChain.java:144) ~[catalina.jar:9.0.98]
	at adis.spa.ispa_lib.auth.HttpSessionCheckFilter.doFilter(HttpSessionCheckFilter.java:73) ~[al-dpr-lib.jar:?]
	at org.apache.catalina.core.ApplicationFilterChain.internalDoFilter(ApplicationFilterChain.java:168) ~[catalina.jar:9.0.98]
	at org.apache.catalina.core.ApplicationFilterChain.doFilter(ApplicationFilterChain.java:144) ~[catalina.jar:9.0.98]
	at adis.pmd.metrics.MicrometerFilter.doFilter(MicrometerFilter.java:115) ~[aw-mi-dpr.jar:?]
	at org.apache.catalina.core.ApplicationFilterChain.internalDoFilter(ApplicationFilterChain.java:168) ~[catalina.jar:9.0.98]
	at org.apache.catalina.core.ApplicationFilterChain.doFilter(ApplicationFilterChain.java:144) ~[catalina.jar:9.0.98]
	at adis.alib.log.filters.RequestLogFilter.doFilter(RequestLogFilter.java:61) ~[al-a-adis.jar:?]
	at org.apache.catalina.core.ApplicationFilterChain.internalDoFilter(ApplicationFilterChain.java:168) ~[catalina.jar:9.0.98]
	at org.apache.catalina.core.ApplicationFilterChain.doFilter(ApplicationFilterChain.java:144) ~[catalina.jar:9.0.98]
	at org.apache.logging.log4j.web.Log4jServletFilter.doFilter(Log4jServletFilter.java:71) ~[log4j-web-2.17.1.jar:2.17.1]
	at org.apache.catalina.core.ApplicationFilterChain.internalDoFilter(ApplicationFilterChain.java:168) ~[catalina.jar:9.0.98]
	at org.apache.catalina.core.ApplicationFilterChain.doFilter(ApplicationFilterChain.java:144) ~[catalina.jar:9.0.98]
	at org.apache.catalina.core.StandardWrapperValve.invoke(StandardWrapperValve.java:168) [catalina.jar:9.0.98]
	at org.apache.catalina.core.StandardContextValve.invoke(StandardContextValve.java:90) [catalina.jar:9.0.98]
	at org.apache.catalina.authenticator.AuthenticatorBase.invoke(AuthenticatorBase.java:597) [catalina.jar:9.0.98]
	at org.apache.catalina.core.StandardHostValve.invoke(StandardHostValve.java:130) [catalina.jar:9.0.98]
	at org.apache.catalina.valves.ErrorReportValve.invoke(ErrorReportValve.java:93) [catalina.jar:9.0.98]
	at org.apache.catalina.valves.RequestFilterValve.process(RequestFilterValve.java:355) [catalina.jar:9.0.98]
	at org.apache.catalina.valves.RemoteAddrValve.invoke(RemoteAddrValve.java:54) [catalina.jar:9.0.98]
	at org.apache.catalina.valves.AbstractAccessLogValve.invoke(AbstractAccessLogValve.java:660) [catalina.jar:9.0.98]
	at org.apache.catalina.core.StandardEngineValve.invoke(StandardEngineValve.java:74) [catalina.jar:9.0.98]
	at org.apache.catalina.connector.CoyoteAdapter.service(CoyoteAdapter.java:346) [catalina.jar:9.0.98]
	at org.apache.coyote.http11.Http11Processor.service(Http11Processor.java:396) [tomcat-coyote.jar:9.0.98]
	at org.apache.coyote.AbstractProcessorLight.process(AbstractProcessorLight.java:63) [tomcat-coyote.jar:9.0.98]
	at org.apache.coyote.AbstractProtocol$ConnectionHandler.process(AbstractProtocol.java:937) [tomcat-coyote.jar:9.0.98]
	at org.apache.tomcat.util.net.NioEndpoint$SocketProcessor.doRun(NioEndpoint.java:1791) [tomcat-coyote.jar:9.0.98]
	at org.apache.tomcat.util.net.SocketProcessorBase.run(SocketProcessorBase.java:52) [tomcat-coyote.jar:9.0.98]
	at org.apache.tomcat.util.threads.ThreadPoolExecutor.runWorker(ThreadPoolExecutor.java:1190) [tomcat-util.jar:9.0.98]
	at org.apache.tomcat.util.threads.ThreadPoolExecutor$Worker.run(ThreadPoolExecutor.java:659) [tomcat-util.jar:9.0.98]
	at org.apache.tomcat.util.threads.TaskThread$WrappingRunnable.run(TaskThread.java:63) [tomcat-util.jar:9.0.98]
	at java.lang.Thread.run(Thread.java:857) [?:?]
Caused by: org.hibernate.exception.GenericJDBCException: could not execute query
	at org.hibernate.exception.SQLStateConverter.handledNonSpecificException(SQLStateConverter.java:140) ~[hibernate-core-3.6.10.Final.jar:3.6.10.Final]
	at org.hibernate.exception.SQLStateConverter.convert(SQLStateConverter.java:128) ~[hibernate-core-3.6.10.Final.jar:3.6.10.Final]
	at org.hibernate.exception.JDBCExceptionHelper.convert(JDBCExceptionHelper.java:66) ~[hibernate-core-3.6.10.Final.jar:3.6.10.Final]
	at org.hibernate.loader.Loader.doList(Loader.java:2545) ~[hibernate-core-3.6.10.Final.jar:3.6.10.Final]
	at org.hibernate.loader.Loader.listIgnoreQueryCache(Loader.java:2276) ~[hibernate-core-3.6.10.Final.jar:3.6.10.Final]
	at org.hibernate.loader.Loader.list(Loader.java:2271) ~[hibernate-core-3.6.10.Final.jar:3.6.10.Final]
	at org.hibernate.loader.hql.QueryLoader.list(QueryLoader.java:459) ~[hibernate-core-3.6.10.Final.jar:3.6.10.Final]
	at org.hibernate.hql.ast.QueryTranslatorImpl.list(QueryTranslatorImpl.java:365) ~[hibernate-core-3.6.10.Final.jar:3.6.10.Final]
	at org.hibernate.engine.query.HQLQueryPlan.performList(HQLQueryPlan.java:196) ~[hibernate-core-3.6.10.Final.jar:3.6.10.Final]
	at org.hibernate.impl.SessionImpl.list(SessionImpl.java:1268) ~[hibernate-core-3.6.10.Final.jar:3.6.10.Final]
	at org.hibernate.impl.QueryImpl.list(QueryImpl.java:102) ~[hibernate-core-3.6.10.Final.jar:3.6.10.Final]
	at org.hibernate.impl.AbstractQueryImpl.uniqueResult(AbstractQueryImpl.java:890) ~[hibernate-core-3.6.10.Final.jar:3.6.10.Final]
	at adis.epo2.aepo2_trans.EpoTrans.prelozIdPodaniPmd(EpoTrans.java:3282) ~[al-a-adis.jar:?]
	... 59 more
Caused by: java.sql.SQLException: Could not position within a table (adissys.t_e_podani_pmd).
	at com.informix.jdbc.IfxSqli.a(IfxSqli.java:3605) ~[ifxjdbc-3.50.JC9X9.jar:?]
	at com.informix.jdbc.IfxSqli.E(IfxSqli.java:3931) ~[ifxjdbc-3.50.JC9X9.jar:?]
	at com.informix.jdbc.IfxSqli.dispatchMsg(IfxSqli.java:2681) ~[ifxjdbc-3.50.JC9X9.jar:?]
	at com.informix.jdbc.IfxSqli.receiveMessage(IfxSqli.java:2597) ~[ifxjdbc-3.50.JC9X9.jar:?]
	at com.informix.jdbc.IfxSqli.a(IfxSqli.java:1816) ~[ifxjdbc-3.50.JC9X9.jar:?]
	at com.informix.jdbc.IfxSqli.executeStatementQuery(IfxSqli.java:1754) ~[ifxjdbc-3.50.JC9X9.jar:?]
	at com.informix.jdbc.IfxSqli.executeStatementQuery(IfxSqli.java:1685) ~[ifxjdbc-3.50.JC9X9.jar:?]
	at com.informix.jdbc.IfxResultSet.a(IfxResultSet.java:206) ~[ifxjdbc-3.50.JC9X9.jar:?]
	at com.informix.jdbc.IfxStatement.executeQueryImpl(IfxStatement.java:1229) ~[ifxjdbc-3.50.JC9X9.jar:?]
	at com.informix.jdbc.IfxPreparedStatement.executeQuery(IfxPreparedStatement.java:379) ~[ifxjdbc-3.50.JC9X9.jar:?]
	at org.apache.tomcat.dbcp.dbcp2.DelegatingPreparedStatement.executeQuery(DelegatingPreparedStatement.java:123) ~[tomcat-dbcp.jar:9.0.98]
	at org.apache.tomcat.dbcp.dbcp2.DelegatingPreparedStatement.executeQuery(DelegatingPreparedStatement.java:123) ~[tomcat-dbcp.jar:9.0.98]
	at org.hibernate.jdbc.AbstractBatcher.getResultSet(AbstractBatcher.java:208) ~[hibernate-core-3.6.10.Final.jar:3.6.10.Final]
	at org.hibernate.loader.Loader.getResultSet(Loader.java:1953) ~[hibernate-core-3.6.10.Final.jar:3.6.10.Final]
	at org.hibernate.loader.Loader.doQuery(Loader.java:802) ~[hibernate-core-3.6.10.Final.jar:3.6.10.Final]
	at org.hibernate.loader.Loader.doQueryAndInitializeNonLazyCollections(Loader.java:274) ~[hibernate-core-3.6.10.Final.jar:3.6.10.Final]
	at org.hibernate.loader.Loader.doList(Loader.java:2542) ~[hibernate-core-3.6.10.Final.jar:3.6.10.Final]
	at org.hibernate.loader.Loader.listIgnoreQueryCache(Loader.java:2276) ~[hibernate-core-3.6.10.Final.jar:3.6.10.Final]
	at org.hibernate.loader.Loader.list(Loader.java:2271) ~[hibernate-core-3.6.10.Final.jar:3.6.10.Final]
	at org.hibernate.loader.hql.QueryLoader.list(QueryLoader.java:459) ~[hibernate-core-3.6.10.Final.jar:3.6.10.Final]
	at org.hibernate.hql.ast.QueryTranslatorImpl.list(QueryTranslatorImpl.java:365) ~[hibernate-core-3.6.10.Final.jar:3.6.10.Final]
	at org.hibernate.engine.query.HQLQueryPlan.performList(HQLQueryPlan.java:196) ~[hibernate-core-3.6.10.Final.jar:3.6.10.Final]
	at org.hibernate.impl.SessionImpl.list(SessionImpl.java:1268) ~[hibernate-core-3.6.10.Final.jar:3.6.10.Final]
	at org.hibernate.impl.QueryImpl.list(QueryImpl.java:102) ~[hibernate-core-3.6.10.Final.jar:3.6.10.Final]
	at org.hibernate.impl.AbstractQueryImpl.uniqueResult(AbstractQueryImpl.java:890) ~[hibernate-core-3.6.10.Final.jar:3.6.10.Final]
	at adis.epo2.aepo2_trans.EpoTrans.prelozIdPodaniPmd(EpoTrans.java:3282) ~[al-a-adis.jar:?]
	... 59 more
Caused by: java.sql.SQLException: ISAM error: Lock Timeout Expired
	at com.informix.util.IfxErrMsg.getSQLException(IfxErrMsg.java:412) ~[ifxjdbc-3.50.JC9X9.jar:?]
	at com.informix.jdbc.IfxSqli.E(IfxSqli.java:3936) ~[ifxjdbc-3.50.JC9X9.jar:?]
	at com.informix.jdbc.IfxSqli.dispatchMsg(IfxSqli.java:2681) ~[ifxjdbc-3.50.JC9X9.jar:?]
	at com.informix.jdbc.IfxSqli.receiveMessage(IfxSqli.java:2597) ~[ifxjdbc-3.50.JC9X9.jar:?]
	at com.informix.jdbc.IfxSqli.a(IfxSqli.java:1816) ~[ifxjdbc-3.50.JC9X9.jar:?]
	at com.informix.jdbc.IfxSqli.executeStatementQuery(IfxSqli.java:1754) ~[ifxjdbc-3.50.JC9X9.jar:?]
	at com.informix.jdbc.IfxSqli.executeStatementQuery(IfxSqli.java:1685) ~[ifxjdbc-3.50.JC9X9.jar:?]
	at com.informix.jdbc.IfxResultSet.a(IfxResultSet.java:206) ~[ifxjdbc-3.50.JC9X9.jar:?]
	at com.informix.jdbc.IfxStatement.executeQueryImpl(IfxStatement.java:1229) ~[ifxjdbc-3.50.JC9X9.jar:?]
	at com.informix.jdbc.IfxPreparedStatement.executeQuery(IfxPreparedStatement.java:379) ~[ifxjdbc-3.50.JC9X9.jar:?]
	at org.apache.tomcat.dbcp.dbcp2.DelegatingPreparedStatement.executeQuery(DelegatingPreparedStatement.java:123) ~[tomcat-dbcp.jar:9.0.98]
	at org.apache.tomcat.dbcp.dbcp2.DelegatingPreparedStatement.executeQuery(DelegatingPreparedStatement.java:123) ~[tomcat-dbcp.jar:9.0.98]
	at org.hibernate.jdbc.AbstractBatcher.getResultSet(AbstractBatcher.java:208) ~[hibernate-core-3.6.10.Final.jar:3.6.10.Final]
	at org.hibernate.loader.Loader.getResultSet(Loader.java:1953) ~[hibernate-core-3.6.10.Final.jar:3.6.10.Final]
	at org.hibernate.loader.Loader.doQuery(Loader.java:802) ~[hibernate-core-3.6.10.Final.jar:3.6.10.Final]
	at org.hibernate.loader.Loader.doQueryAndInitializeNonLazyCollections(Loader.java:274) ~[hibernate-core-3.6.10.Final.jar:3.6.10.Final]
	at org.hibernate.loader.Loader.doList(Loader.java:2542) ~[hibernate-core-3.6.10.Final.jar:3.6.10.Final]
	at org.hibernate.loader.Loader.listIgnoreQueryCache(Loader.java:2276) ~[hibernate-core-3.6.10.Final.jar:3.6.10.Final]
	at org.hibernate.loader.Loader.list(Loader.java:2271) ~[hibernate-core-3.6.10.Final.jar:3.6.10.Final]
	at org.hibernate.loader.hql.QueryLoader.list(QueryLoader.java:459) ~[hibernate-core-3.6.10.Final.jar:3.6.10.Final]
	at org.hibernate.hql.ast.QueryTranslatorImpl.list(QueryTranslatorImpl.java:365) ~[hibernate-core-3.6.10.Final.jar:3.6.10.Final]
	at org.hibernate.engine.query.HQLQueryPlan.performList(HQLQueryPlan.java:196) ~[hibernate-core-3.6.10.Final.jar:3.6.10.Final]
	at org.hibernate.impl.SessionImpl.list(SessionImpl.java:1268) ~[hibernate-core-3.6.10.Final.jar:3.6.10.Final]
	at org.hibernate.impl.QueryImpl.list(QueryImpl.java:102) ~[hibernate-core-3.6.10.Final.jar:3.6.10.Final]
	at org.hibernate.impl.AbstractQueryImpl.uniqueResult(AbstractQueryImpl.java:890) ~[hibernate-core-3.6.10.Final.jar:3.6.10.Final]
	at adis.epo2.aepo2_trans.EpoTrans.prelozIdPodaniPmd(EpoTrans.java:3282) ~[al-a-adis.jar:?]
	... 59 more
2025-03-27 18:49:05,675 ERROR [http-nio-127.0.0.1-8081-exec-100] o.a.c.c.C.[.[.[.[DataHeadServlet] Servlet.service() for servlet [DataHeadServlet] in context with path [/dpr##045003001zbn] threw exception
java.lang.NullPointerException: Cannot invoke "adis.epo2.aepo2_apl.pis.UzivatelADisPmd.getcDs()" because the return value of "adis.epo2.aepo2_apl.pis.TEPodani.getUzivatelADis()" is null
	at adis.epo2.aepo2_apl.pis.TEPodani.getOdeslatKOvereniState(TEPodani.java:6670) ~[al-a-adis.jar:?]
	at adis.pmd.mepo.service.data.MepsData.fillPodaniHeader(MepsData.java:304) ~[al-dpr-mepo.jar:?]
	at adis.pmd.mepo.service.data.MepsData.getPodaniHeader(MepsData.java:259) ~[al-dpr-mepo.jar:?]
	at adis.pmd.mepo.servlets.DataHeadServlet.lambda$doGet$0(DataHeadServlet.java:31) ~[al-dpr-mepo.jar:?]
	at adis.alib.rest.AbstractRestServlet$2.accept(AbstractRestServlet.java:72) ~[al-adis-lib.jar:?]
	at adis.alib.rest.AbstractRestServlet$2.accept(AbstractRestServlet.java:68) ~[al-adis-lib.jar:?]
	at adis.alib.rest.AbstractRestServlet.writeJsonResponse(AbstractRestServlet.java:96) ~[al-adis-lib.jar:?]
	at adis.alib.rest.AbstractRestServlet.writeJsonResponse(AbstractRestServlet.java:82) ~[al-adis-lib.jar:?]
	at adis.alib.rest.AbstractRestServlet.doGetOperation(AbstractRestServlet.java:143) ~[al-adis-lib.jar:?]
	at adis.alib.rest.AbstractRestServlet.doGet(AbstractRestServlet.java:120) ~[al-adis-lib.jar:?]
	at javax.servlet.http.HttpServlet.service(HttpServlet.java:529) ~[servlet-api.jar:4.0.FR]
	at javax.servlet.http.HttpServlet.service(HttpServlet.java:623) ~[servlet-api.jar:4.0.FR]
	at org.apache.catalina.core.ApplicationFilterChain.internalDoFilter(ApplicationFilterChain.java:199) ~[catalina.jar:9.0.98]
	at org.apache.catalina.core.ApplicationFilterChain.doFilter(ApplicationFilterChain.java:144) ~[catalina.jar:9.0.98]
	at org.apache.tomcat.websocket.server.WsFilter.doFilter(WsFilter.java:51) ~[tomcat-websocket.jar:9.0.98]
	at org.apache.catalina.core.ApplicationFilterChain.internalDoFilter(ApplicationFilterChain.java:168) ~[catalina.jar:9.0.98]
	at org.apache.catalina.core.ApplicationFilterChain.doFilter(ApplicationFilterChain.java:144) ~[catalina.jar:9.0.98]
	at adis.hibernate.HibernateSessionFilter.doFilter(HibernateSessionFilter.java:72) ~[al-a-adis.jar:?]
	at org.apache.catalina.core.ApplicationFilterChain.internalDoFilter(ApplicationFilterChain.java:168) ~[catalina.jar:9.0.98]
	at org.apache.catalina.core.ApplicationFilterChain.doFilter(ApplicationFilterChain.java:144) ~[catalina.jar:9.0.98]
	at adis.pmd.session.SessionIdsFilter.doFilter(SessionIdsFilter.java:64) ~[aw-mi-dpr.jar:?]
	at org.apache.catalina.core.ApplicationFilterChain.internalDoFilter(ApplicationFilterChain.java:168) ~[catalina.jar:9.0.98]
	at org.apache.catalina.core.ApplicationFilterChain.doFilter(ApplicationFilterChain.java:144) ~[catalina.jar:9.0.98]
	at adis.spa.ispa_lib.auth.AuthFilterDpr.doFilter(AuthFilterDpr.java:323) ~[aw-mi-dpr.jar:?]
	at org.apache.catalina.core.ApplicationFilterChain.internalDoFilter(ApplicationFilterChain.java:168) ~[catalina.jar:9.0.98]
	at org.apache.catalina.core.ApplicationFilterChain.doFilter(ApplicationFilterChain.java:144) ~[catalina.jar:9.0.98]
	at adis.spa.ispa_lib.auth.HttpSessionCheckFilter.doFilter(HttpSessionCheckFilter.java:73) ~[al-dpr-lib.jar:?]
	at org.apache.catalina.core.ApplicationFilterChain.internalDoFilter(ApplicationFilterChain.java:168) ~[catalina.jar:9.0.98]
	at org.apache.catalina.core.ApplicationFilterChain.doFilter(ApplicationFilterChain.java:144) ~[catalina.jar:9.0.98]
	at adis.pmd.metrics.MicrometerFilter.doFilter(MicrometerFilter.java:115) ~[aw-mi-dpr.jar:?]
	at org.apache.catalina.core.ApplicationFilterChain.internalDoFilter(ApplicationFilterChain.java:168) ~[catalina.jar:9.0.98]
	at org.apache.catalina.core.ApplicationFilterChain.doFilter(ApplicationFilterChain.java:144) ~[catalina.jar:9.0.98]
	at adis.alib.log.filters.RequestLogFilter.doFilter(RequestLogFilter.java:61) ~[al-a-adis.jar:?]
	at org.apache.catalina.core.ApplicationFilterChain.internalDoFilter(ApplicationFilterChain.java:168) ~[catalina.jar:9.0.98]
	at org.apache.catalina.core.ApplicationFilterChain.doFilter(ApplicationFilterChain.java:144) ~[catalina.jar:9.0.98]
	at org.apache.logging.log4j.web.Log4jServletFilter.doFilter(Log4jServletFilter.java:71) ~[log4j-web-2.17.1.jar:2.17.1]
	at org.apache.catalina.core.ApplicationFilterChain.internalDoFilter(ApplicationFilterChain.java:168) ~[catalina.jar:9.0.98]
	at org.apache.catalina.core.ApplicationFilterChain.doFilter(ApplicationFilterChain.java:144) ~[catalina.jar:9.0.98]
	at org.apache.catalina.core.StandardWrapperValve.invoke(StandardWrapperValve.java:168) [catalina.jar:9.0.98]
	at org.apache.catalina.core.StandardContextValve.invoke(StandardContextValve.java:90) [catalina.jar:9.0.98]
	at org.apache.catalina.authenticator.AuthenticatorBase.invoke(AuthenticatorBase.java:597) [catalina.jar:9.0.98]
	at org.apache.catalina.core.StandardHostValve.invoke(StandardHostValve.java:130) [catalina.jar:9.0.98]
	at org.apache.catalina.valves.ErrorReportValve.invoke(ErrorReportValve.java:93) [catalina.jar:9.0.98]
	at org.apache.catalina.valves.RequestFilterValve.process(RequestFilterValve.java:355) [catalina.jar:9.0.98]
	at org.apache.catalina.valves.RemoteAddrValve.invoke(RemoteAddrValve.java:54) [catalina.jar:9.0.98]
	at org.apache.catalina.valves.AbstractAccessLogValve.invoke(AbstractAccessLogValve.java:660) [catalina.jar:9.0.98]
	at org.apache.catalina.core.StandardEngineValve.invoke(StandardEngineValve.java:74) [catalina.jar:9.0.98]
	at org.apache.catalina.connector.CoyoteAdapter.service(CoyoteAdapter.java:346) [catalina.jar:9.0.98]
	at org.apache.coyote.http11.Http11Processor.service(Http11Processor.java:396) [tomcat-coyote.jar:9.0.98]
	at org.apache.coyote.AbstractProcessorLight.process(AbstractProcessorLight.java:63) [tomcat-coyote.jar:9.0.98]
	at org.apache.coyote.AbstractProtocol$ConnectionHandler.process(AbstractProtocol.java:937) [tomcat-coyote.jar:9.0.98]
	at org.apache.tomcat.util.net.NioEndpoint$SocketProcessor.doRun(NioEndpoint.java:1791) [tomcat-coyote.jar:9.0.98]
	at org.apache.tomcat.util.net.SocketProcessorBase.run(SocketProcessorBase.java:52) [tomcat-coyote.jar:9.0.98]
	at org.apache.tomcat.util.threads.ThreadPoolExecutor.runWorker(ThreadPoolExecutor.java:1190) [tomcat-util.jar:9.0.98]
	at org.apache.tomcat.util.threads.ThreadPoolExecutor$Worker.run(ThreadPoolExecutor.java:659) [tomcat-util.jar:9.0.98]
	at org.apache.tomcat.util.threads.TaskThread$WrappingRunnable.run(TaskThread.java:63) [tomcat-util.jar:9.0.98]
	at java.lang.Thread.run(Thread.java:857) [?:?]
