2025-03-27 08:42:39,663 ERROR [http-nio-127.0.0.1-8081-exec-77] o.a.c.c.C.[.[.[.[jsp] Servlet.service() for servlet [jsp] threw exception
java.lang.IllegalArgumentException: ContentTypeList does not contain a supported content type: application/json, application/*+json
	at org.apache.myfaces.shared_impl.renderkit.html.HtmlRendererUtils.selectContentType(HtmlRendererUtils.java:1396) ~[myfaces-impl-1.1.10.jar:1.1.10]
	at org.apache.myfaces.renderkit.html.HtmlRenderKitImpl.createResponseWriter(HtmlRenderKitImpl.java:132) ~[myfaces-impl-1.1.10.jar:1.1.10]
	at javax.faces.webapp.UIComponentTag.setupResponseWriter(UIComponentTag.java:1151) ~[myfaces-api-1.1.10.jar:1.1.10]
	at javax.faces.webapp.UIComponentTag.doStartTag(UIComponentTag.java:461) ~[myfaces-api-1.1.10.jar:1.1.10]
	at org.apache.myfaces.taglib.core.ViewTag.doStartTag(ViewTag.java:108) ~[myfaces-impl-1.1.10.jar:1.1.10]
	at org.apache.jsp.adis.idpr_005fpub.auth.chyba_jsp._jspService(chyba_jsp.java:171) ~[?:?]
	at org.apache.jasper.runtime.HttpJspBase.service(HttpJspBase.java:67) ~[jasper.jar:9.0.98]
	at javax.servlet.http.HttpServlet.service(HttpServlet.java:623) ~[servlet-api.jar:4.0.FR]
	at org.apache.jasper.servlet.JspServletWrapper.service(JspServletWrapper.java:466) ~[jasper.jar:9.0.98]
	at org.apache.jasper.servlet.JspServlet.serviceJspFile(JspServlet.java:376) ~[jasper.jar:9.0.98]
	at org.apache.jasper.servlet.JspServlet.service(JspServlet.java:324) ~[jasper.jar:9.0.98]
	at javax.servlet.http.HttpServlet.service(HttpServlet.java:623) ~[servlet-api.jar:4.0.FR]
	at org.apache.catalina.core.ApplicationFilterChain.internalDoFilter(ApplicationFilterChain.java:199) ~[catalina.jar:9.0.98]
	at org.apache.catalina.core.ApplicationFilterChain.doFilter(ApplicationFilterChain.java:144) ~[catalina.jar:9.0.98]
	at org.apache.logging.log4j.web.Log4jServletFilter.doFilter(Log4jServletFilter.java:64) ~[log4j-web-2.17.1.jar:2.17.1]
	at org.apache.catalina.core.ApplicationFilterChain.internalDoFilter(ApplicationFilterChain.java:168) ~[catalina.jar:9.0.98]
	at org.apache.catalina.core.ApplicationFilterChain.doFilter(ApplicationFilterChain.java:144) ~[catalina.jar:9.0.98]
	at org.apache.catalina.core.ApplicationDispatcher.invoke(ApplicationDispatcher.java:642) [catalina.jar:9.0.98]
	at org.apache.catalina.core.ApplicationDispatcher.processRequest(ApplicationDispatcher.java:418) [catalina.jar:9.0.98]
	at org.apache.catalina.core.ApplicationDispatcher.doForward(ApplicationDispatcher.java:348) [catalina.jar:9.0.98]
	at org.apache.catalina.core.ApplicationDispatcher.forward(ApplicationDispatcher.java:285) [catalina.jar:9.0.98]
	at org.apache.myfaces.context.servlet.ServletExternalContextImpl.dispatch(ServletExternalContextImpl.java:426) [myfaces-impl-1.1.10.jar:1.1.10]
	at org.apache.myfaces.application.jsp.JspViewHandlerImpl.renderView(JspViewHandlerImpl.java:255) [myfaces-impl-1.1.10.jar:1.1.10]
	at org.ajax4jsf.framework.ViewHandlerWrapper.renderView(ViewHandlerWrapper.java:108) [ajax4jsf-1.1.1.jar:1.1.1]
	at org.ajax4jsf.framework.ajax.AjaxViewHandler.renderView(AjaxViewHandler.java:233) [ajax4jsf-1.1.1.jar:1.1.1]
	at org.apache.myfaces.lifecycle.RenderResponseExecutor.execute(RenderResponseExecutor.java:41) [myfaces-impl-1.1.10.jar:1.1.10]
	at org.apache.myfaces.lifecycle.LifecycleImpl.render(LifecycleImpl.java:146) [myfaces-impl-1.1.10.jar:1.1.10]
	at javax.faces.webapp.FacesServlet.service(FacesServlet.java:147) [myfaces-api-1.1.10.jar:1.1.10]
	at org.apache.catalina.core.ApplicationFilterChain.internalDoFilter(ApplicationFilterChain.java:199) [catalina.jar:9.0.98]
	at org.apache.catalina.core.ApplicationFilterChain.doFilter(ApplicationFilterChain.java:144) [catalina.jar:9.0.98]
	at org.apache.logging.log4j.web.Log4jServletFilter.doFilter(Log4jServletFilter.java:64) [log4j-web-2.17.1.jar:2.17.1]
	at org.apache.catalina.core.ApplicationFilterChain.internalDoFilter(ApplicationFilterChain.java:168) [catalina.jar:9.0.98]
	at org.apache.catalina.core.ApplicationFilterChain.doFilter(ApplicationFilterChain.java:144) [catalina.jar:9.0.98]
	at org.apache.catalina.core.ApplicationDispatcher.invoke(ApplicationDispatcher.java:642) [catalina.jar:9.0.98]
	at org.apache.catalina.core.ApplicationDispatcher.processRequest(ApplicationDispatcher.java:418) [catalina.jar:9.0.98]
	at org.apache.catalina.core.ApplicationDispatcher.doForward(ApplicationDispatcher.java:348) [catalina.jar:9.0.98]
	at org.apache.catalina.core.ApplicationDispatcher.forward(ApplicationDispatcher.java:285) [catalina.jar:9.0.98]
	at org.apache.catalina.core.StandardHostValve.custom(StandardHostValve.java:395) [catalina.jar:9.0.98]
	at org.apache.catalina.core.StandardHostValve.status(StandardHostValve.java:223) [catalina.jar:9.0.98]
	at org.apache.catalina.core.StandardHostValve.invoke(StandardHostValve.java:166) [catalina.jar:9.0.98]
	at org.apache.catalina.valves.ErrorReportValve.invoke(ErrorReportValve.java:93) [catalina.jar:9.0.98]
	at org.apache.catalina.valves.RequestFilterValve.process(RequestFilterValve.java:355) [catalina.jar:9.0.98]
	at org.apache.catalina.valves.RemoteAddrValve.invoke(RemoteAddrValve.java:54) [catalina.jar:9.0.98]
	at org.apache.catalina.valves.AbstractAccessLogValve.invoke(AbstractAccessLogValve.java:660) [catalina.jar:9.0.98]
	at org.apache.catalina.core.StandardEngineValve.invoke(StandardEngineValve.java:74) [catalina.jar:9.0.98]
	at org.apache.catalina.connector.CoyoteAdapter.service(CoyoteAdapter.java:346) [catalina.jar:9.0.98]
	at org.apache.coyote.http11.Http11Processor.service(Http11Processor.java:396) [tomcat-coyote.jar:9.0.98]
	at org.apache.coyote.AbstractProcessorLight.process(AbstractProcessorLight.java:63) [tomcat-coyote.jar:9.0.98]
	at org.apache.coyote.AbstractProtocol$ConnectionHandler.process(AbstractProtocol.java:937) [tomcat-coyote.jar:9.0.98]
	at org.apache.tomcat.util.net.NioEndpoint$SocketProcessor.doRun(NioEndpoint.java:1791) [tomcat-coyote.jar:9.0.98]
	at org.apache.tomcat.util.net.SocketProcessorBase.run(SocketProcessorBase.java:52) [tomcat-coyote.jar:9.0.98]
	at org.apache.tomcat.util.threads.ThreadPoolExecutor.runWorker(ThreadPoolExecutor.java:1190) [tomcat-util.jar:9.0.98]
	at org.apache.tomcat.util.threads.ThreadPoolExecutor$Worker.run(ThreadPoolExecutor.java:659) [tomcat-util.jar:9.0.98]
	at org.apache.tomcat.util.threads.TaskThread$WrappingRunnable.run(TaskThread.java:63) [tomcat-util.jar:9.0.98]
	at java.lang.Thread.run(Thread.java:857) [?:?]
2025-03-27 08:42:39,675 ERROR [http-nio-127.0.0.1-8081-exec-77] o.a.c.c.C.[.[.[.[Faces Servlet] Servlet.service() for servlet [Faces Servlet] threw exception
java.lang.IllegalArgumentException: ContentTypeList does not contain a supported content type: application/json, application/*+json
	at org.apache.myfaces.shared_impl.renderkit.html.HtmlRendererUtils.selectContentType(HtmlRendererUtils.java:1396) ~[myfaces-impl-1.1.10.jar:1.1.10]
	at org.apache.myfaces.renderkit.html.HtmlRenderKitImpl.createResponseWriter(HtmlRenderKitImpl.java:132) ~[myfaces-impl-1.1.10.jar:1.1.10]
	at javax.faces.webapp.UIComponentTag.setupResponseWriter(UIComponentTag.java:1151) ~[myfaces-api-1.1.10.jar:1.1.10]
	at javax.faces.webapp.UIComponentTag.doStartTag(UIComponentTag.java:461) ~[myfaces-api-1.1.10.jar:1.1.10]
	at org.apache.myfaces.taglib.core.ViewTag.doStartTag(ViewTag.java:108) ~[myfaces-impl-1.1.10.jar:1.1.10]
	at org.apache.jsp.adis.idpr_005fpub.auth.chyba_jsp._jspService(chyba_jsp.java:171) ~[?:?]
	at org.apache.jasper.runtime.HttpJspBase.service(HttpJspBase.java:67) ~[jasper.jar:9.0.98]
	at javax.servlet.http.HttpServlet.service(HttpServlet.java:623) ~[servlet-api.jar:4.0.FR]
	at org.apache.jasper.servlet.JspServletWrapper.service(JspServletWrapper.java:466) ~[jasper.jar:9.0.98]
	at org.apache.jasper.servlet.JspServlet.serviceJspFile(JspServlet.java:376) ~[jasper.jar:9.0.98]
	at org.apache.jasper.servlet.JspServlet.service(JspServlet.java:324) ~[jasper.jar:9.0.98]
	at javax.servlet.http.HttpServlet.service(HttpServlet.java:623) ~[servlet-api.jar:4.0.FR]
	at org.apache.catalina.core.ApplicationFilterChain.internalDoFilter(ApplicationFilterChain.java:199) ~[catalina.jar:9.0.98]
	at org.apache.catalina.core.ApplicationFilterChain.doFilter(ApplicationFilterChain.java:144) ~[catalina.jar:9.0.98]
	at org.apache.logging.log4j.web.Log4jServletFilter.doFilter(Log4jServletFilter.java:64) ~[log4j-web-2.17.1.jar:2.17.1]
	at org.apache.catalina.core.ApplicationFilterChain.internalDoFilter(ApplicationFilterChain.java:168) ~[catalina.jar:9.0.98]
	at org.apache.catalina.core.ApplicationFilterChain.doFilter(ApplicationFilterChain.java:144) ~[catalina.jar:9.0.98]
	at org.apache.catalina.core.ApplicationDispatcher.invoke(ApplicationDispatcher.java:642) ~[catalina.jar:9.0.98]
	at org.apache.catalina.core.ApplicationDispatcher.processRequest(ApplicationDispatcher.java:418) ~[catalina.jar:9.0.98]
	at org.apache.catalina.core.ApplicationDispatcher.doForward(ApplicationDispatcher.java:348) ~[catalina.jar:9.0.98]
	at org.apache.catalina.core.ApplicationDispatcher.forward(ApplicationDispatcher.java:285) ~[catalina.jar:9.0.98]
	at org.apache.myfaces.context.servlet.ServletExternalContextImpl.dispatch(ServletExternalContextImpl.java:426) ~[myfaces-impl-1.1.10.jar:1.1.10]
	at org.apache.myfaces.application.jsp.JspViewHandlerImpl.renderView(JspViewHandlerImpl.java:255) ~[myfaces-impl-1.1.10.jar:1.1.10]
	at org.ajax4jsf.framework.ViewHandlerWrapper.renderView(ViewHandlerWrapper.java:108) ~[ajax4jsf-1.1.1.jar:1.1.1]
	at org.ajax4jsf.framework.ajax.AjaxViewHandler.renderView(AjaxViewHandler.java:233) ~[ajax4jsf-1.1.1.jar:1.1.1]
	at org.apache.myfaces.lifecycle.RenderResponseExecutor.execute(RenderResponseExecutor.java:41) ~[myfaces-impl-1.1.10.jar:1.1.10]
	at org.apache.myfaces.lifecycle.LifecycleImpl.render(LifecycleImpl.java:146) ~[myfaces-impl-1.1.10.jar:1.1.10]
	at javax.faces.webapp.FacesServlet.service(FacesServlet.java:147) ~[myfaces-api-1.1.10.jar:1.1.10]
	at org.apache.catalina.core.ApplicationFilterChain.internalDoFilter(ApplicationFilterChain.java:199) ~[catalina.jar:9.0.98]
	at org.apache.catalina.core.ApplicationFilterChain.doFilter(ApplicationFilterChain.java:144) ~[catalina.jar:9.0.98]
	at org.apache.logging.log4j.web.Log4jServletFilter.doFilter(Log4jServletFilter.java:64) ~[log4j-web-2.17.1.jar:2.17.1]
	at org.apache.catalina.core.ApplicationFilterChain.internalDoFilter(ApplicationFilterChain.java:168) ~[catalina.jar:9.0.98]
	at org.apache.catalina.core.ApplicationFilterChain.doFilter(ApplicationFilterChain.java:144) ~[catalina.jar:9.0.98]
	at org.apache.catalina.core.ApplicationDispatcher.invoke(ApplicationDispatcher.java:642) [catalina.jar:9.0.98]
	at org.apache.catalina.core.ApplicationDispatcher.processRequest(ApplicationDispatcher.java:418) [catalina.jar:9.0.98]
	at org.apache.catalina.core.ApplicationDispatcher.doForward(ApplicationDispatcher.java:348) [catalina.jar:9.0.98]
	at org.apache.catalina.core.ApplicationDispatcher.forward(ApplicationDispatcher.java:285) [catalina.jar:9.0.98]
	at org.apache.catalina.core.StandardHostValve.custom(StandardHostValve.java:395) [catalina.jar:9.0.98]
	at org.apache.catalina.core.StandardHostValve.status(StandardHostValve.java:223) [catalina.jar:9.0.98]
	at org.apache.catalina.core.StandardHostValve.invoke(StandardHostValve.java:166) [catalina.jar:9.0.98]
	at org.apache.catalina.valves.ErrorReportValve.invoke(ErrorReportValve.java:93) [catalina.jar:9.0.98]
	at org.apache.catalina.valves.RequestFilterValve.process(RequestFilterValve.java:355) [catalina.jar:9.0.98]
	at org.apache.catalina.valves.RemoteAddrValve.invoke(RemoteAddrValve.java:54) [catalina.jar:9.0.98]
	at org.apache.catalina.valves.AbstractAccessLogValve.invoke(AbstractAccessLogValve.java:660) [catalina.jar:9.0.98]
	at org.apache.catalina.core.StandardEngineValve.invoke(StandardEngineValve.java:74) [catalina.jar:9.0.98]
	at org.apache.catalina.connector.CoyoteAdapter.service(CoyoteAdapter.java:346) [catalina.jar:9.0.98]
	at org.apache.coyote.http11.Http11Processor.service(Http11Processor.java:396) [tomcat-coyote.jar:9.0.98]
	at org.apache.coyote.AbstractProcessorLight.process(AbstractProcessorLight.java:63) [tomcat-coyote.jar:9.0.98]
	at org.apache.coyote.AbstractProtocol$ConnectionHandler.process(AbstractProtocol.java:937) [tomcat-coyote.jar:9.0.98]
	at org.apache.tomcat.util.net.NioEndpoint$SocketProcessor.doRun(NioEndpoint.java:1791) [tomcat-coyote.jar:9.0.98]
	at org.apache.tomcat.util.net.SocketProcessorBase.run(SocketProcessorBase.java:52) [tomcat-coyote.jar:9.0.98]
	at org.apache.tomcat.util.threads.ThreadPoolExecutor.runWorker(ThreadPoolExecutor.java:1190) [tomcat-util.jar:9.0.98]
	at org.apache.tomcat.util.threads.ThreadPoolExecutor$Worker.run(ThreadPoolExecutor.java:659) [tomcat-util.jar:9.0.98]
	at org.apache.tomcat.util.threads.TaskThread$WrappingRunnable.run(TaskThread.java:63) [tomcat-util.jar:9.0.98]
	at java.lang.Thread.run(Thread.java:857) [?:?]
2025-03-27 08:42:39,676 ERROR [http-nio-127.0.0.1-8081-exec-77] o.a.c.c.C.[.[localhost] Exception Processing [ErrorPage[errorCode=403, location=/adis/idpr_pub/auth/chyba.faces]]
javax.servlet.ServletException: Pøi zpracování se vyskytla výjimka [/adis/idpr_pub/auth/chyba.jsp] na øádku [14]

11: 	<jsp:directive.include file="/adis/idpr_pub/dpr/inc/dtd.txt" />
12: 
13: 	<html>
14: 		<f:view>
15: 			<f:loadBundle basename="adis.idpr_pub.auth.chyba_text" var="chyba_text" />
16: 			<t:htmlTag value="head">
17: 				<jsp:include page="/adis/idpr_pub/dpr/inc/meta.jsp" />


Stacktrace:
	at javax.faces.webapp._ErrorPageWriter.throwException(_ErrorPageWriter.java:585) ~[myfaces-api-1.1.10.jar:1.1.10]
	at javax.faces.webapp.FacesServlet.handleLifecycleException(FacesServlet.java:258) ~[myfaces-api-1.1.10.jar:1.1.10]
	at javax.faces.webapp.FacesServlet.service(FacesServlet.java:152) ~[myfaces-api-1.1.10.jar:1.1.10]
	at org.apache.catalina.core.ApplicationFilterChain.internalDoFilter(ApplicationFilterChain.java:199) ~[catalina.jar:9.0.98]
	at org.apache.catalina.core.ApplicationFilterChain.doFilter(ApplicationFilterChain.java:144) ~[catalina.jar:9.0.98]
	at org.apache.logging.log4j.web.Log4jServletFilter.doFilter(Log4jServletFilter.java:64) ~[log4j-web-2.17.1.jar:2.17.1]
	at org.apache.catalina.core.ApplicationFilterChain.internalDoFilter(ApplicationFilterChain.java:168) ~[catalina.jar:9.0.98]
	at org.apache.catalina.core.ApplicationFilterChain.doFilter(ApplicationFilterChain.java:144) ~[catalina.jar:9.0.98]
	at org.apache.catalina.core.ApplicationDispatcher.invoke(ApplicationDispatcher.java:642) ~[catalina.jar:9.0.98]
	at org.apache.catalina.core.ApplicationDispatcher.processRequest(ApplicationDispatcher.java:418) ~[catalina.jar:9.0.98]
	at org.apache.catalina.core.ApplicationDispatcher.doForward(ApplicationDispatcher.java:348) ~[catalina.jar:9.0.98]
	at org.apache.catalina.core.ApplicationDispatcher.forward(ApplicationDispatcher.java:285) ~[catalina.jar:9.0.98]
	at org.apache.catalina.core.StandardHostValve.custom(StandardHostValve.java:395) [catalina.jar:9.0.98]
	at org.apache.catalina.core.StandardHostValve.status(StandardHostValve.java:223) [catalina.jar:9.0.98]
	at org.apache.catalina.core.StandardHostValve.invoke(StandardHostValve.java:166) [catalina.jar:9.0.98]
	at org.apache.catalina.valves.ErrorReportValve.invoke(ErrorReportValve.java:93) [catalina.jar:9.0.98]
	at org.apache.catalina.valves.RequestFilterValve.process(RequestFilterValve.java:355) [catalina.jar:9.0.98]
	at org.apache.catalina.valves.RemoteAddrValve.invoke(RemoteAddrValve.java:54) [catalina.jar:9.0.98]
	at org.apache.catalina.valves.AbstractAccessLogValve.invoke(AbstractAccessLogValve.java:660) [catalina.jar:9.0.98]
	at org.apache.catalina.core.StandardEngineValve.invoke(StandardEngineValve.java:74) [catalina.jar:9.0.98]
	at org.apache.catalina.connector.CoyoteAdapter.service(CoyoteAdapter.java:346) [catalina.jar:9.0.98]
	at org.apache.coyote.http11.Http11Processor.service(Http11Processor.java:396) [tomcat-coyote.jar:9.0.98]
	at org.apache.coyote.AbstractProcessorLight.process(AbstractProcessorLight.java:63) [tomcat-coyote.jar:9.0.98]
	at org.apache.coyote.AbstractProtocol$ConnectionHandler.process(AbstractProtocol.java:937) [tomcat-coyote.jar:9.0.98]
	at org.apache.tomcat.util.net.NioEndpoint$SocketProcessor.doRun(NioEndpoint.java:1791) [tomcat-coyote.jar:9.0.98]
	at org.apache.tomcat.util.net.SocketProcessorBase.run(SocketProcessorBase.java:52) [tomcat-coyote.jar:9.0.98]
	at org.apache.tomcat.util.threads.ThreadPoolExecutor.runWorker(ThreadPoolExecutor.java:1190) [tomcat-util.jar:9.0.98]
	at org.apache.tomcat.util.threads.ThreadPoolExecutor$Worker.run(ThreadPoolExecutor.java:659) [tomcat-util.jar:9.0.98]
	at org.apache.tomcat.util.threads.TaskThread$WrappingRunnable.run(TaskThread.java:63) [tomcat-util.jar:9.0.98]
	at java.lang.Thread.run(Thread.java:857) [?:?]
Caused by: javax.faces.FacesException: Pøi zpracování se vyskytla výjimka [/adis/idpr_pub/auth/chyba.jsp] na øádku [14]

11: 	<jsp:directive.include file="/adis/idpr_pub/dpr/inc/dtd.txt" />
12: 
13: 	<html>
14: 		<f:view>
15: 			<f:loadBundle basename="adis.idpr_pub.auth.chyba_text" var="chyba_text" />
16: 			<t:htmlTag value="head">
17: 				<jsp:include page="/adis/idpr_pub/dpr/inc/meta.jsp" />


Stacktrace:
	at org.apache.myfaces.context.servlet.ServletExternalContextImpl.dispatch(ServletExternalContextImpl.java:432) ~[myfaces-impl-1.1.10.jar:1.1.10]
	at org.apache.myfaces.application.jsp.JspViewHandlerImpl.renderView(JspViewHandlerImpl.java:255) ~[myfaces-impl-1.1.10.jar:1.1.10]
	at org.ajax4jsf.framework.ViewHandlerWrapper.renderView(ViewHandlerWrapper.java:108) ~[ajax4jsf-1.1.1.jar:1.1.1]
	at org.ajax4jsf.framework.ajax.AjaxViewHandler.renderView(AjaxViewHandler.java:233) ~[ajax4jsf-1.1.1.jar:1.1.1]
	at org.apache.myfaces.lifecycle.RenderResponseExecutor.execute(RenderResponseExecutor.java:41) ~[myfaces-impl-1.1.10.jar:1.1.10]
	at org.apache.myfaces.lifecycle.LifecycleImpl.render(LifecycleImpl.java:146) ~[myfaces-impl-1.1.10.jar:1.1.10]
	at javax.faces.webapp.FacesServlet.service(FacesServlet.java:147) ~[myfaces-api-1.1.10.jar:1.1.10]
	... 27 more
Caused by: org.apache.jasper.JasperException: Pøi zpracování se vyskytla výjimka [/adis/idpr_pub/auth/chyba.jsp] na øádku [14]

11: 	<jsp:directive.include file="/adis/idpr_pub/dpr/inc/dtd.txt" />
12: 
13: 	<html>
14: 		<f:view>
15: 			<f:loadBundle basename="adis.idpr_pub.auth.chyba_text" var="chyba_text" />
16: 			<t:htmlTag value="head">
17: 				<jsp:include page="/adis/idpr_pub/dpr/inc/meta.jsp" />


Stacktrace:
	at org.apache.jasper.servlet.JspServletWrapper.handleJspException(JspServletWrapper.java:610) ~[jasper.jar:9.0.98]
	at org.apache.jasper.servlet.JspServletWrapper.service(JspServletWrapper.java:499) ~[jasper.jar:9.0.98]
	at org.apache.jasper.servlet.JspServlet.serviceJspFile(JspServlet.java:376) ~[jasper.jar:9.0.98]
	at org.apache.jasper.servlet.JspServlet.service(JspServlet.java:324) ~[jasper.jar:9.0.98]
	at javax.servlet.http.HttpServlet.service(HttpServlet.java:623) ~[servlet-api.jar:4.0.FR]
	at org.apache.catalina.core.ApplicationFilterChain.internalDoFilter(ApplicationFilterChain.java:199) ~[catalina.jar:9.0.98]
	at org.apache.catalina.core.ApplicationFilterChain.doFilter(ApplicationFilterChain.java:144) ~[catalina.jar:9.0.98]
	at org.apache.logging.log4j.web.Log4jServletFilter.doFilter(Log4jServletFilter.java:64) ~[log4j-web-2.17.1.jar:2.17.1]
	at org.apache.catalina.core.ApplicationFilterChain.internalDoFilter(ApplicationFilterChain.java:168) ~[catalina.jar:9.0.98]
	at org.apache.catalina.core.ApplicationFilterChain.doFilter(ApplicationFilterChain.java:144) ~[catalina.jar:9.0.98]
	at org.apache.catalina.core.ApplicationDispatcher.invoke(ApplicationDispatcher.java:642) ~[catalina.jar:9.0.98]
	at org.apache.catalina.core.ApplicationDispatcher.processRequest(ApplicationDispatcher.java:418) ~[catalina.jar:9.0.98]
	at org.apache.catalina.core.ApplicationDispatcher.doForward(ApplicationDispatcher.java:348) ~[catalina.jar:9.0.98]
	at org.apache.catalina.core.ApplicationDispatcher.forward(ApplicationDispatcher.java:285) ~[catalina.jar:9.0.98]
	at org.apache.myfaces.context.servlet.ServletExternalContextImpl.dispatch(ServletExternalContextImpl.java:426) ~[myfaces-impl-1.1.10.jar:1.1.10]
	at org.apache.myfaces.application.jsp.JspViewHandlerImpl.renderView(JspViewHandlerImpl.java:255) ~[myfaces-impl-1.1.10.jar:1.1.10]
	at org.ajax4jsf.framework.ViewHandlerWrapper.renderView(ViewHandlerWrapper.java:108) ~[ajax4jsf-1.1.1.jar:1.1.1]
	at org.ajax4jsf.framework.ajax.AjaxViewHandler.renderView(AjaxViewHandler.java:233) ~[ajax4jsf-1.1.1.jar:1.1.1]
	at org.apache.myfaces.lifecycle.RenderResponseExecutor.execute(RenderResponseExecutor.java:41) ~[myfaces-impl-1.1.10.jar:1.1.10]
	at org.apache.myfaces.lifecycle.LifecycleImpl.render(LifecycleImpl.java:146) ~[myfaces-impl-1.1.10.jar:1.1.10]
	at javax.faces.webapp.FacesServlet.service(FacesServlet.java:147) ~[myfaces-api-1.1.10.jar:1.1.10]
	... 27 more
Caused by: java.lang.IllegalArgumentException: ContentTypeList does not contain a supported content type: application/json, application/*+json
	at org.apache.myfaces.shared_impl.renderkit.html.HtmlRendererUtils.selectContentType(HtmlRendererUtils.java:1396) ~[myfaces-impl-1.1.10.jar:1.1.10]
	at org.apache.myfaces.renderkit.html.HtmlRenderKitImpl.createResponseWriter(HtmlRenderKitImpl.java:132) ~[myfaces-impl-1.1.10.jar:1.1.10]
	at javax.faces.webapp.UIComponentTag.setupResponseWriter(UIComponentTag.java:1151) ~[myfaces-api-1.1.10.jar:1.1.10]
	at javax.faces.webapp.UIComponentTag.doStartTag(UIComponentTag.java:461) ~[myfaces-api-1.1.10.jar:1.1.10]
	at org.apache.myfaces.taglib.core.ViewTag.doStartTag(ViewTag.java:108) ~[myfaces-impl-1.1.10.jar:1.1.10]
	at org.apache.jsp.adis.idpr_005fpub.auth.chyba_jsp._jspService(chyba_jsp.java:171) ~[?:?]
	at org.apache.jasper.runtime.HttpJspBase.service(HttpJspBase.java:67) ~[jasper.jar:9.0.98]
	at javax.servlet.http.HttpServlet.service(HttpServlet.java:623) ~[servlet-api.jar:4.0.FR]
	at org.apache.jasper.servlet.JspServletWrapper.service(JspServletWrapper.java:466) ~[jasper.jar:9.0.98]
	at org.apache.jasper.servlet.JspServlet.serviceJspFile(JspServlet.java:376) ~[jasper.jar:9.0.98]
	at org.apache.jasper.servlet.JspServlet.service(JspServlet.java:324) ~[jasper.jar:9.0.98]
	at javax.servlet.http.HttpServlet.service(HttpServlet.java:623) ~[servlet-api.jar:4.0.FR]
	at org.apache.catalina.core.ApplicationFilterChain.internalDoFilter(ApplicationFilterChain.java:199) ~[catalina.jar:9.0.98]
	at org.apache.catalina.core.ApplicationFilterChain.doFilter(ApplicationFilterChain.java:144) ~[catalina.jar:9.0.98]
	at org.apache.logging.log4j.web.Log4jServletFilter.doFilter(Log4jServletFilter.java:64) ~[log4j-web-2.17.1.jar:2.17.1]
	at org.apache.catalina.core.ApplicationFilterChain.internalDoFilter(ApplicationFilterChain.java:168) ~[catalina.jar:9.0.98]
	at org.apache.catalina.core.ApplicationFilterChain.doFilter(ApplicationFilterChain.java:144) ~[catalina.jar:9.0.98]
	at org.apache.catalina.core.ApplicationDispatcher.invoke(ApplicationDispatcher.java:642) ~[catalina.jar:9.0.98]
	at org.apache.catalina.core.ApplicationDispatcher.processRequest(ApplicationDispatcher.java:418) ~[catalina.jar:9.0.98]
	at org.apache.catalina.core.ApplicationDispatcher.doForward(ApplicationDispatcher.java:348) ~[catalina.jar:9.0.98]
	at org.apache.catalina.core.ApplicationDispatcher.forward(ApplicationDispatcher.java:285) ~[catalina.jar:9.0.98]
	at org.apache.myfaces.context.servlet.ServletExternalContextImpl.dispatch(ServletExternalContextImpl.java:426) ~[myfaces-impl-1.1.10.jar:1.1.10]
	at org.apache.myfaces.application.jsp.JspViewHandlerImpl.renderView(JspViewHandlerImpl.java:255) ~[myfaces-impl-1.1.10.jar:1.1.10]
	at org.ajax4jsf.framework.ViewHandlerWrapper.renderView(ViewHandlerWrapper.java:108) ~[ajax4jsf-1.1.1.jar:1.1.1]
	at org.ajax4jsf.framework.ajax.AjaxViewHandler.renderView(AjaxViewHandler.java:233) ~[ajax4jsf-1.1.1.jar:1.1.1]
	at org.apache.myfaces.lifecycle.RenderResponseExecutor.execute(RenderResponseExecutor.java:41) ~[myfaces-impl-1.1.10.jar:1.1.10]
	at org.apache.myfaces.lifecycle.LifecycleImpl.render(LifecycleImpl.java:146) ~[myfaces-impl-1.1.10.jar:1.1.10]
	at javax.faces.webapp.FacesServlet.service(FacesServlet.java:147) ~[myfaces-api-1.1.10.jar:1.1.10]
	... 27 more
2025-03-27 11:01:45,197 ERROR [ajp-nio-10.92.40.19-8981-exec-20] o.a.c.c.C.[.[.[.[Faces Servlet] Servlet.service() for servlet [Faces Servlet] in context with path [/dpr##045003001zbn] threw exception [javax.servlet.ServletException: javax.servlet.ServletException: org.apache.myfaces.shared_impl.util.ViewExpiredException] with root cause
org.apache.myfaces.shared_impl.util.ViewExpiredException: null
	at org.apache.myfaces.shared_impl.util.StateUtils.reconstruct(StateUtils.java:385) ~[myfaces-impl-1.1.10.jar:1.1.10]
	at org.apache.myfaces.renderkit.html.HtmlResponseStateManager.getTreeStructureToRestore(HtmlResponseStateManager.java:169) ~[myfaces-impl-1.1.10.jar:1.1.10]
	at org.apache.myfaces.application.jsp.JspStateManagerImpl.getSequenceString(JspStateManagerImpl.java:305) ~[myfaces-impl-1.1.10.jar:1.1.10]
	at org.apache.myfaces.application.jsp.JspStateManagerImpl.restoreTreeStructure(JspStateManagerImpl.java:271) ~[myfaces-impl-1.1.10.jar:1.1.10]
	at org.apache.myfaces.application.jsp.JspStateManagerImpl.restoreView(JspStateManagerImpl.java:312) ~[myfaces-impl-1.1.10.jar:1.1.10]
	at org.ajax4jsf.framework.ajax.AjaxStateManager.restoreView(AjaxStateManager.java:83) ~[ajax4jsf-1.1.1.jar:1.1.1]
	at org.apache.myfaces.application.jsp.JspViewHandlerImpl.restoreView(JspViewHandlerImpl.java:278) ~[myfaces-impl-1.1.10.jar:1.1.10]
	at org.ajax4jsf.framework.ViewHandlerWrapper.restoreView(ViewHandlerWrapper.java:116) ~[ajax4jsf-1.1.1.jar:1.1.1]
	at org.ajax4jsf.framework.ajax.AjaxViewHandler.restoreView(AjaxViewHandler.java:150) ~[ajax4jsf-1.1.1.jar:1.1.1]
	at org.apache.myfaces.lifecycle.RestoreViewExecutor.execute(RestoreViewExecutor.java:83) ~[myfaces-impl-1.1.10.jar:1.1.10]
	at org.apache.myfaces.lifecycle.LifecycleImpl.executePhase(LifecycleImpl.java:105) ~[myfaces-impl-1.1.10.jar:1.1.10]
	at org.apache.myfaces.lifecycle.LifecycleImpl.execute(LifecycleImpl.java:80) ~[myfaces-impl-1.1.10.jar:1.1.10]
	at javax.faces.webapp.FacesServlet.service(FacesServlet.java:143) ~[myfaces-api-1.1.10.jar:1.1.10]
	at org.apache.catalina.core.ApplicationFilterChain.internalDoFilter(ApplicationFilterChain.java:199) ~[catalina.jar:9.0.98]
	at org.apache.catalina.core.ApplicationFilterChain.doFilter(ApplicationFilterChain.java:144) ~[catalina.jar:9.0.98]
	at org.ajax4jsf.framework.ajax.xmlfilter.BaseXMLFilter.doXmlFilter(BaseXMLFilter.java:127) ~[ajax4jsf-1.1.1.jar:1.1.1]
	at org.ajax4jsf.framework.ajax.xmlfilter.BaseFilter.doFilter(BaseFilter.java:277) ~[ajax4jsf-1.1.1.jar:1.1.1]
	at org.apache.catalina.core.ApplicationFilterChain.internalDoFilter(ApplicationFilterChain.java:168) ~[catalina.jar:9.0.98]
	at org.apache.catalina.core.ApplicationFilterChain.doFilter(ApplicationFilterChain.java:144) ~[catalina.jar:9.0.98]
	at org.apache.tomcat.websocket.server.WsFilter.doFilter(WsFilter.java:51) ~[tomcat-websocket.jar:9.0.98]
	at org.apache.catalina.core.ApplicationFilterChain.internalDoFilter(ApplicationFilterChain.java:168) ~[catalina.jar:9.0.98]
	at org.apache.catalina.core.ApplicationFilterChain.doFilter(ApplicationFilterChain.java:144) ~[catalina.jar:9.0.98]
	at org.apache.myfaces.webapp.filter.ExtensionsFilter.doFilter(ExtensionsFilter.java:374) ~[tomahawk-1.1.14.jar:1.1.14]
	at org.apache.catalina.core.ApplicationFilterChain.internalDoFilter(ApplicationFilterChain.java:168) ~[catalina.jar:9.0.98]
	at org.apache.catalina.core.ApplicationFilterChain.doFilter(ApplicationFilterChain.java:144) ~[catalina.jar:9.0.98]
	at adis.dpr.iepo2_filtr.UploadFiltr.doFilter(UploadFiltr.java:158) ~[al-a-adis.jar:?]
	at org.apache.catalina.core.ApplicationFilterChain.internalDoFilter(ApplicationFilterChain.java:168) ~[catalina.jar:9.0.98]
	at org.apache.catalina.core.ApplicationFilterChain.doFilter(ApplicationFilterChain.java:144) ~[catalina.jar:9.0.98]
	at adis.tlib.atlib_jsf.FiltrHiberSession.doFilter(FiltrHiberSession.java:137) ~[al-a-adis.jar:?]
	at org.apache.catalina.core.ApplicationFilterChain.internalDoFilter(ApplicationFilterChain.java:168) ~[catalina.jar:9.0.98]
	at org.apache.catalina.core.ApplicationFilterChain.doFilter(ApplicationFilterChain.java:144) ~[catalina.jar:9.0.98]
	at adis.tlib.atlib_jsf.FiltrOsetreniChyb.doFilter(FiltrOsetreniChyb.java:64) ~[al-a-adis.jar:?]
	at org.apache.catalina.core.ApplicationFilterChain.internalDoFilter(ApplicationFilterChain.java:168) ~[catalina.jar:9.0.98]
	at org.apache.catalina.core.ApplicationFilterChain.doFilter(ApplicationFilterChain.java:144) ~[catalina.jar:9.0.98]
	at adis.hibernate.HibernateSessionFilter.doFilter(HibernateSessionFilter.java:72) ~[al-a-adis.jar:?]
	at org.apache.catalina.core.ApplicationFilterChain.internalDoFilter(ApplicationFilterChain.java:168) ~[catalina.jar:9.0.98]
	at org.apache.catalina.core.ApplicationFilterChain.doFilter(ApplicationFilterChain.java:144) ~[catalina.jar:9.0.98]
	at adis.pmd.session.SessionIdsFilter.doFilter(SessionIdsFilter.java:64) ~[aw-mi-dpr.jar:?]
	at org.apache.catalina.core.ApplicationFilterChain.internalDoFilter(ApplicationFilterChain.java:168) ~[catalina.jar:9.0.98]
	at org.apache.catalina.core.ApplicationFilterChain.doFilter(ApplicationFilterChain.java:144) ~[catalina.jar:9.0.98]
	at adis.spa.ispa_lib.auth.AuthFilterDpr.doFilter(AuthFilterDpr.java:323) ~[aw-mi-dpr.jar:?]
	at org.apache.catalina.core.ApplicationFilterChain.internalDoFilter(ApplicationFilterChain.java:168) ~[catalina.jar:9.0.98]
	at org.apache.catalina.core.ApplicationFilterChain.doFilter(ApplicationFilterChain.java:144) ~[catalina.jar:9.0.98]
	at adis.spa.ispa_lib.auth.HttpSessionCheckFilter.doFilter(HttpSessionCheckFilter.java:73) ~[al-dpr-lib.jar:?]
	at org.apache.catalina.core.ApplicationFilterChain.internalDoFilter(ApplicationFilterChain.java:168) ~[catalina.jar:9.0.98]
	at org.apache.catalina.core.ApplicationFilterChain.doFilter(ApplicationFilterChain.java:144) ~[catalina.jar:9.0.98]
	at adis.pmd.metrics.MicrometerFilter.doFilter(MicrometerFilter.java:115) ~[aw-mi-dpr.jar:?]
	at org.apache.catalina.core.ApplicationFilterChain.internalDoFilter(ApplicationFilterChain.java:168) ~[catalina.jar:9.0.98]
	at org.apache.catalina.core.ApplicationFilterChain.doFilter(ApplicationFilterChain.java:144) ~[catalina.jar:9.0.98]
	at adis.alib.log.filters.RequestLogFilter.doFilter(RequestLogFilter.java:61) ~[al-a-adis.jar:?]
	at org.apache.catalina.core.ApplicationFilterChain.internalDoFilter(ApplicationFilterChain.java:168) ~[catalina.jar:9.0.98]
	at org.apache.catalina.core.ApplicationFilterChain.doFilter(ApplicationFilterChain.java:144) ~[catalina.jar:9.0.98]
	at org.apache.logging.log4j.web.Log4jServletFilter.doFilter(Log4jServletFilter.java:71) ~[log4j-web-2.17.1.jar:2.17.1]
	at org.apache.catalina.core.ApplicationFilterChain.internalDoFilter(ApplicationFilterChain.java:168) ~[catalina.jar:9.0.98]
	at org.apache.catalina.core.ApplicationFilterChain.doFilter(ApplicationFilterChain.java:144) ~[catalina.jar:9.0.98]
	at org.apache.catalina.core.StandardWrapperValve.invoke(StandardWrapperValve.java:168) [catalina.jar:9.0.98]
	at org.apache.catalina.core.StandardContextValve.invoke(StandardContextValve.java:90) [catalina.jar:9.0.98]
	at org.apache.catalina.authenticator.AuthenticatorBase.invoke(AuthenticatorBase.java:597) [catalina.jar:9.0.98]
	at org.apache.catalina.core.StandardHostValve.invoke(StandardHostValve.java:130) [catalina.jar:9.0.98]
	at org.apache.catalina.valves.ErrorReportValve.invoke(ErrorReportValve.java:93) [catalina.jar:9.0.98]
	at org.apache.catalina.valves.RequestFilterValve.process(RequestFilterValve.java:355) [catalina.jar:9.0.98]
	at org.apache.catalina.valves.RemoteAddrValve.invoke(RemoteAddrValve.java:54) [catalina.jar:9.0.98]
	at org.apache.catalina.valves.AbstractAccessLogValve.invoke(AbstractAccessLogValve.java:660) [catalina.jar:9.0.98]
	at org.apache.catalina.core.StandardEngineValve.invoke(StandardEngineValve.java:74) [catalina.jar:9.0.98]
	at org.apache.catalina.connector.CoyoteAdapter.service(CoyoteAdapter.java:346) [catalina.jar:9.0.98]
	at org.apache.coyote.ajp.AjpProcessor.service(AjpProcessor.java:424) [tomcat-coyote.jar:9.0.98]
	at org.apache.coyote.AbstractProcessorLight.process(AbstractProcessorLight.java:63) [tomcat-coyote.jar:9.0.98]
	at org.apache.coyote.AbstractProtocol$ConnectionHandler.process(AbstractProtocol.java:937) [tomcat-coyote.jar:9.0.98]
	at org.apache.tomcat.util.net.NioEndpoint$SocketProcessor.doRun(NioEndpoint.java:1791) [tomcat-coyote.jar:9.0.98]
	at org.apache.tomcat.util.net.SocketProcessorBase.run(SocketProcessorBase.java:52) [tomcat-coyote.jar:9.0.98]
	at org.apache.tomcat.util.threads.ThreadPoolExecutor.runWorker(ThreadPoolExecutor.java:1190) [tomcat-util.jar:9.0.98]
	at org.apache.tomcat.util.threads.ThreadPoolExecutor$Worker.run(ThreadPoolExecutor.java:659) [tomcat-util.jar:9.0.98]
	at org.apache.tomcat.util.threads.TaskThread$WrappingRunnable.run(TaskThread.java:63) [tomcat-util.jar:9.0.98]
	at java.lang.Thread.run(Thread.java:857) [?:?]
2025-03-27 18:04:58,627 ERROR [http-nio-127.0.0.1-8081-exec-93] o.a.c.c.C.[.[.[.[jsp] Servlet.service() for servlet [jsp] threw exception
java.lang.IllegalArgumentException: ContentTypeList does not contain a supported content type: application/json, application/*+json
	at org.apache.myfaces.shared_impl.renderkit.html.HtmlRendererUtils.selectContentType(HtmlRendererUtils.java:1396) ~[myfaces-impl-1.1.10.jar:1.1.10]
	at org.apache.myfaces.renderkit.html.HtmlRenderKitImpl.createResponseWriter(HtmlRenderKitImpl.java:132) ~[myfaces-impl-1.1.10.jar:1.1.10]
	at javax.faces.webapp.UIComponentTag.setupResponseWriter(UIComponentTag.java:1151) ~[myfaces-api-1.1.10.jar:1.1.10]
	at javax.faces.webapp.UIComponentTag.doStartTag(UIComponentTag.java:461) ~[myfaces-api-1.1.10.jar:1.1.10]
	at org.apache.myfaces.taglib.core.ViewTag.doStartTag(ViewTag.java:108) ~[myfaces-impl-1.1.10.jar:1.1.10]
	at org.apache.jsp.adis.idpr_005fpub.auth.chyba_jsp._jspService(chyba_jsp.java:171) ~[?:?]
	at org.apache.jasper.runtime.HttpJspBase.service(HttpJspBase.java:67) ~[jasper.jar:9.0.98]
	at javax.servlet.http.HttpServlet.service(HttpServlet.java:623) ~[servlet-api.jar:4.0.FR]
	at org.apache.jasper.servlet.JspServletWrapper.service(JspServletWrapper.java:466) ~[jasper.jar:9.0.98]
	at org.apache.jasper.servlet.JspServlet.serviceJspFile(JspServlet.java:376) ~[jasper.jar:9.0.98]
	at org.apache.jasper.servlet.JspServlet.service(JspServlet.java:324) ~[jasper.jar:9.0.98]
	at javax.servlet.http.HttpServlet.service(HttpServlet.java:623) ~[servlet-api.jar:4.0.FR]
	at org.apache.catalina.core.ApplicationFilterChain.internalDoFilter(ApplicationFilterChain.java:199) ~[catalina.jar:9.0.98]
	at org.apache.catalina.core.ApplicationFilterChain.doFilter(ApplicationFilterChain.java:144) ~[catalina.jar:9.0.98]
	at org.apache.logging.log4j.web.Log4jServletFilter.doFilter(Log4jServletFilter.java:64) ~[log4j-web-2.17.1.jar:2.17.1]
	at org.apache.catalina.core.ApplicationFilterChain.internalDoFilter(ApplicationFilterChain.java:168) ~[catalina.jar:9.0.98]
	at org.apache.catalina.core.ApplicationFilterChain.doFilter(ApplicationFilterChain.java:144) ~[catalina.jar:9.0.98]
	at org.apache.catalina.core.ApplicationDispatcher.invoke(ApplicationDispatcher.java:642) [catalina.jar:9.0.98]
	at org.apache.catalina.core.ApplicationDispatcher.processRequest(ApplicationDispatcher.java:418) [catalina.jar:9.0.98]
	at org.apache.catalina.core.ApplicationDispatcher.doForward(ApplicationDispatcher.java:348) [catalina.jar:9.0.98]
	at org.apache.catalina.core.ApplicationDispatcher.forward(ApplicationDispatcher.java:285) [catalina.jar:9.0.98]
	at org.apache.myfaces.context.servlet.ServletExternalContextImpl.dispatch(ServletExternalContextImpl.java:426) [myfaces-impl-1.1.10.jar:1.1.10]
	at org.apache.myfaces.application.jsp.JspViewHandlerImpl.renderView(JspViewHandlerImpl.java:255) [myfaces-impl-1.1.10.jar:1.1.10]
	at org.ajax4jsf.framework.ViewHandlerWrapper.renderView(ViewHandlerWrapper.java:108) [ajax4jsf-1.1.1.jar:1.1.1]
	at org.ajax4jsf.framework.ajax.AjaxViewHandler.renderView(AjaxViewHandler.java:233) [ajax4jsf-1.1.1.jar:1.1.1]
	at org.apache.myfaces.lifecycle.RenderResponseExecutor.execute(RenderResponseExecutor.java:41) [myfaces-impl-1.1.10.jar:1.1.10]
	at org.apache.myfaces.lifecycle.LifecycleImpl.render(LifecycleImpl.java:146) [myfaces-impl-1.1.10.jar:1.1.10]
	at javax.faces.webapp.FacesServlet.service(FacesServlet.java:147) [myfaces-api-1.1.10.jar:1.1.10]
	at org.apache.catalina.core.ApplicationFilterChain.internalDoFilter(ApplicationFilterChain.java:199) [catalina.jar:9.0.98]
	at org.apache.catalina.core.ApplicationFilterChain.doFilter(ApplicationFilterChain.java:144) [catalina.jar:9.0.98]
	at org.apache.logging.log4j.web.Log4jServletFilter.doFilter(Log4jServletFilter.java:64) [log4j-web-2.17.1.jar:2.17.1]
	at org.apache.catalina.core.ApplicationFilterChain.internalDoFilter(ApplicationFilterChain.java:168) [catalina.jar:9.0.98]
	at org.apache.catalina.core.ApplicationFilterChain.doFilter(ApplicationFilterChain.java:144) [catalina.jar:9.0.98]
	at org.apache.catalina.core.ApplicationDispatcher.invoke(ApplicationDispatcher.java:642) [catalina.jar:9.0.98]
	at org.apache.catalina.core.ApplicationDispatcher.processRequest(ApplicationDispatcher.java:418) [catalina.jar:9.0.98]
	at org.apache.catalina.core.ApplicationDispatcher.doForward(ApplicationDispatcher.java:348) [catalina.jar:9.0.98]
	at org.apache.catalina.core.ApplicationDispatcher.forward(ApplicationDispatcher.java:285) [catalina.jar:9.0.98]
	at org.apache.catalina.core.StandardHostValve.custom(StandardHostValve.java:395) [catalina.jar:9.0.98]
	at org.apache.catalina.core.StandardHostValve.status(StandardHostValve.java:223) [catalina.jar:9.0.98]
	at org.apache.catalina.core.StandardHostValve.invoke(StandardHostValve.java:166) [catalina.jar:9.0.98]
	at org.apache.catalina.valves.ErrorReportValve.invoke(ErrorReportValve.java:93) [catalina.jar:9.0.98]
	at org.apache.catalina.valves.RequestFilterValve.process(RequestFilterValve.java:355) [catalina.jar:9.0.98]
	at org.apache.catalina.valves.RemoteAddrValve.invoke(RemoteAddrValve.java:54) [catalina.jar:9.0.98]
	at org.apache.catalina.valves.AbstractAccessLogValve.invoke(AbstractAccessLogValve.java:660) [catalina.jar:9.0.98]
	at org.apache.catalina.core.StandardEngineValve.invoke(StandardEngineValve.java:74) [catalina.jar:9.0.98]
	at org.apache.catalina.connector.CoyoteAdapter.service(CoyoteAdapter.java:346) [catalina.jar:9.0.98]
	at org.apache.coyote.http11.Http11Processor.service(Http11Processor.java:396) [tomcat-coyote.jar:9.0.98]
	at org.apache.coyote.AbstractProcessorLight.process(AbstractProcessorLight.java:63) [tomcat-coyote.jar:9.0.98]
	at org.apache.coyote.AbstractProtocol$ConnectionHandler.process(AbstractProtocol.java:937) [tomcat-coyote.jar:9.0.98]
	at org.apache.tomcat.util.net.NioEndpoint$SocketProcessor.doRun(NioEndpoint.java:1791) [tomcat-coyote.jar:9.0.98]
	at org.apache.tomcat.util.net.SocketProcessorBase.run(SocketProcessorBase.java:52) [tomcat-coyote.jar:9.0.98]
	at org.apache.tomcat.util.threads.ThreadPoolExecutor.runWorker(ThreadPoolExecutor.java:1190) [tomcat-util.jar:9.0.98]
	at org.apache.tomcat.util.threads.ThreadPoolExecutor$Worker.run(ThreadPoolExecutor.java:659) [tomcat-util.jar:9.0.98]
	at org.apache.tomcat.util.threads.TaskThread$WrappingRunnable.run(TaskThread.java:63) [tomcat-util.jar:9.0.98]
	at java.lang.Thread.run(Thread.java:857) [?:?]
2025-03-27 18:04:58,629 ERROR [http-nio-127.0.0.1-8081-exec-93] o.a.c.c.C.[.[.[.[Faces Servlet] Servlet.service() for servlet [Faces Servlet] threw exception
java.lang.IllegalArgumentException: ContentTypeList does not contain a supported content type: application/json, application/*+json
	at org.apache.myfaces.shared_impl.renderkit.html.HtmlRendererUtils.selectContentType(HtmlRendererUtils.java:1396) ~[myfaces-impl-1.1.10.jar:1.1.10]
	at org.apache.myfaces.renderkit.html.HtmlRenderKitImpl.createResponseWriter(HtmlRenderKitImpl.java:132) ~[myfaces-impl-1.1.10.jar:1.1.10]
	at javax.faces.webapp.UIComponentTag.setupResponseWriter(UIComponentTag.java:1151) ~[myfaces-api-1.1.10.jar:1.1.10]
	at javax.faces.webapp.UIComponentTag.doStartTag(UIComponentTag.java:461) ~[myfaces-api-1.1.10.jar:1.1.10]
	at org.apache.myfaces.taglib.core.ViewTag.doStartTag(ViewTag.java:108) ~[myfaces-impl-1.1.10.jar:1.1.10]
	at org.apache.jsp.adis.idpr_005fpub.auth.chyba_jsp._jspService(chyba_jsp.java:171) ~[?:?]
	at org.apache.jasper.runtime.HttpJspBase.service(HttpJspBase.java:67) ~[jasper.jar:9.0.98]
	at javax.servlet.http.HttpServlet.service(HttpServlet.java:623) ~[servlet-api.jar:4.0.FR]
	at org.apache.jasper.servlet.JspServletWrapper.service(JspServletWrapper.java:466) ~[jasper.jar:9.0.98]
	at org.apache.jasper.servlet.JspServlet.serviceJspFile(JspServlet.java:376) ~[jasper.jar:9.0.98]
	at org.apache.jasper.servlet.JspServlet.service(JspServlet.java:324) ~[jasper.jar:9.0.98]
	at javax.servlet.http.HttpServlet.service(HttpServlet.java:623) ~[servlet-api.jar:4.0.FR]
	at org.apache.catalina.core.ApplicationFilterChain.internalDoFilter(ApplicationFilterChain.java:199) ~[catalina.jar:9.0.98]
	at org.apache.catalina.core.ApplicationFilterChain.doFilter(ApplicationFilterChain.java:144) ~[catalina.jar:9.0.98]
	at org.apache.logging.log4j.web.Log4jServletFilter.doFilter(Log4jServletFilter.java:64) ~[log4j-web-2.17.1.jar:2.17.1]
	at org.apache.catalina.core.ApplicationFilterChain.internalDoFilter(ApplicationFilterChain.java:168) ~[catalina.jar:9.0.98]
	at org.apache.catalina.core.ApplicationFilterChain.doFilter(ApplicationFilterChain.java:144) ~[catalina.jar:9.0.98]
	at org.apache.catalina.core.ApplicationDispatcher.invoke(ApplicationDispatcher.java:642) ~[catalina.jar:9.0.98]
	at org.apache.catalina.core.ApplicationDispatcher.processRequest(ApplicationDispatcher.java:418) ~[catalina.jar:9.0.98]
	at org.apache.catalina.core.ApplicationDispatcher.doForward(ApplicationDispatcher.java:348) ~[catalina.jar:9.0.98]
	at org.apache.catalina.core.ApplicationDispatcher.forward(ApplicationDispatcher.java:285) ~[catalina.jar:9.0.98]
	at org.apache.myfaces.context.servlet.ServletExternalContextImpl.dispatch(ServletExternalContextImpl.java:426) ~[myfaces-impl-1.1.10.jar:1.1.10]
	at org.apache.myfaces.application.jsp.JspViewHandlerImpl.renderView(JspViewHandlerImpl.java:255) ~[myfaces-impl-1.1.10.jar:1.1.10]
	at org.ajax4jsf.framework.ViewHandlerWrapper.renderView(ViewHandlerWrapper.java:108) ~[ajax4jsf-1.1.1.jar:1.1.1]
	at org.ajax4jsf.framework.ajax.AjaxViewHandler.renderView(AjaxViewHandler.java:233) ~[ajax4jsf-1.1.1.jar:1.1.1]
	at org.apache.myfaces.lifecycle.RenderResponseExecutor.execute(RenderResponseExecutor.java:41) ~[myfaces-impl-1.1.10.jar:1.1.10]
	at org.apache.myfaces.lifecycle.LifecycleImpl.render(LifecycleImpl.java:146) ~[myfaces-impl-1.1.10.jar:1.1.10]
	at javax.faces.webapp.FacesServlet.service(FacesServlet.java:147) ~[myfaces-api-1.1.10.jar:1.1.10]
	at org.apache.catalina.core.ApplicationFilterChain.internalDoFilter(ApplicationFilterChain.java:199) ~[catalina.jar:9.0.98]
	at org.apache.catalina.core.ApplicationFilterChain.doFilter(ApplicationFilterChain.java:144) ~[catalina.jar:9.0.98]
	at org.apache.logging.log4j.web.Log4jServletFilter.doFilter(Log4jServletFilter.java:64) ~[log4j-web-2.17.1.jar:2.17.1]
	at org.apache.catalina.core.ApplicationFilterChain.internalDoFilter(ApplicationFilterChain.java:168) ~[catalina.jar:9.0.98]
	at org.apache.catalina.core.ApplicationFilterChain.doFilter(ApplicationFilterChain.java:144) ~[catalina.jar:9.0.98]
	at org.apache.catalina.core.ApplicationDispatcher.invoke(ApplicationDispatcher.java:642) [catalina.jar:9.0.98]
	at org.apache.catalina.core.ApplicationDispatcher.processRequest(ApplicationDispatcher.java:418) [catalina.jar:9.0.98]
	at org.apache.catalina.core.ApplicationDispatcher.doForward(ApplicationDispatcher.java:348) [catalina.jar:9.0.98]
	at org.apache.catalina.core.ApplicationDispatcher.forward(ApplicationDispatcher.java:285) [catalina.jar:9.0.98]
	at org.apache.catalina.core.StandardHostValve.custom(StandardHostValve.java:395) [catalina.jar:9.0.98]
	at org.apache.catalina.core.StandardHostValve.status(StandardHostValve.java:223) [catalina.jar:9.0.98]
	at org.apache.catalina.core.StandardHostValve.invoke(StandardHostValve.java:166) [catalina.jar:9.0.98]
	at org.apache.catalina.valves.ErrorReportValve.invoke(ErrorReportValve.java:93) [catalina.jar:9.0.98]
	at org.apache.catalina.valves.RequestFilterValve.process(RequestFilterValve.java:355) [catalina.jar:9.0.98]
	at org.apache.catalina.valves.RemoteAddrValve.invoke(RemoteAddrValve.java:54) [catalina.jar:9.0.98]
	at org.apache.catalina.valves.AbstractAccessLogValve.invoke(AbstractAccessLogValve.java:660) [catalina.jar:9.0.98]
	at org.apache.catalina.core.StandardEngineValve.invoke(StandardEngineValve.java:74) [catalina.jar:9.0.98]
	at org.apache.catalina.connector.CoyoteAdapter.service(CoyoteAdapter.java:346) [catalina.jar:9.0.98]
	at org.apache.coyote.http11.Http11Processor.service(Http11Processor.java:396) [tomcat-coyote.jar:9.0.98]
	at org.apache.coyote.AbstractProcessorLight.process(AbstractProcessorLight.java:63) [tomcat-coyote.jar:9.0.98]
	at org.apache.coyote.AbstractProtocol$ConnectionHandler.process(AbstractProtocol.java:937) [tomcat-coyote.jar:9.0.98]
	at org.apache.tomcat.util.net.NioEndpoint$SocketProcessor.doRun(NioEndpoint.java:1791) [tomcat-coyote.jar:9.0.98]
	at org.apache.tomcat.util.net.SocketProcessorBase.run(SocketProcessorBase.java:52) [tomcat-coyote.jar:9.0.98]
	at org.apache.tomcat.util.threads.ThreadPoolExecutor.runWorker(ThreadPoolExecutor.java:1190) [tomcat-util.jar:9.0.98]
	at org.apache.tomcat.util.threads.ThreadPoolExecutor$Worker.run(ThreadPoolExecutor.java:659) [tomcat-util.jar:9.0.98]
	at org.apache.tomcat.util.threads.TaskThread$WrappingRunnable.run(TaskThread.java:63) [tomcat-util.jar:9.0.98]
	at java.lang.Thread.run(Thread.java:857) [?:?]
2025-03-27 18:04:58,630 ERROR [http-nio-127.0.0.1-8081-exec-93] o.a.c.c.C.[.[localhost] Exception Processing [ErrorPage[errorCode=403, location=/adis/idpr_pub/auth/chyba.faces]]
javax.servlet.ServletException: Pøi zpracování se vyskytla výjimka [/adis/idpr_pub/auth/chyba.jsp] na øádku [14]

11: 	<jsp:directive.include file="/adis/idpr_pub/dpr/inc/dtd.txt" />
12: 
13: 	<html>
14: 		<f:view>
15: 			<f:loadBundle basename="adis.idpr_pub.auth.chyba_text" var="chyba_text" />
16: 			<t:htmlTag value="head">
17: 				<jsp:include page="/adis/idpr_pub/dpr/inc/meta.jsp" />


Stacktrace:
	at javax.faces.webapp._ErrorPageWriter.throwException(_ErrorPageWriter.java:585) ~[myfaces-api-1.1.10.jar:1.1.10]
	at javax.faces.webapp.FacesServlet.handleLifecycleException(FacesServlet.java:258) ~[myfaces-api-1.1.10.jar:1.1.10]
	at javax.faces.webapp.FacesServlet.service(FacesServlet.java:152) ~[myfaces-api-1.1.10.jar:1.1.10]
	at org.apache.catalina.core.ApplicationFilterChain.internalDoFilter(ApplicationFilterChain.java:199) ~[catalina.jar:9.0.98]
	at org.apache.catalina.core.ApplicationFilterChain.doFilter(ApplicationFilterChain.java:144) ~[catalina.jar:9.0.98]
	at org.apache.logging.log4j.web.Log4jServletFilter.doFilter(Log4jServletFilter.java:64) ~[log4j-web-2.17.1.jar:2.17.1]
	at org.apache.catalina.core.ApplicationFilterChain.internalDoFilter(ApplicationFilterChain.java:168) ~[catalina.jar:9.0.98]
	at org.apache.catalina.core.ApplicationFilterChain.doFilter(ApplicationFilterChain.java:144) ~[catalina.jar:9.0.98]
	at org.apache.catalina.core.ApplicationDispatcher.invoke(ApplicationDispatcher.java:642) ~[catalina.jar:9.0.98]
	at org.apache.catalina.core.ApplicationDispatcher.processRequest(ApplicationDispatcher.java:418) ~[catalina.jar:9.0.98]
	at org.apache.catalina.core.ApplicationDispatcher.doForward(ApplicationDispatcher.java:348) ~[catalina.jar:9.0.98]
	at org.apache.catalina.core.ApplicationDispatcher.forward(ApplicationDispatcher.java:285) ~[catalina.jar:9.0.98]
	at org.apache.catalina.core.StandardHostValve.custom(StandardHostValve.java:395) [catalina.jar:9.0.98]
	at org.apache.catalina.core.StandardHostValve.status(StandardHostValve.java:223) [catalina.jar:9.0.98]
	at org.apache.catalina.core.StandardHostValve.invoke(StandardHostValve.java:166) [catalina.jar:9.0.98]
	at org.apache.catalina.valves.ErrorReportValve.invoke(ErrorReportValve.java:93) [catalina.jar:9.0.98]
	at org.apache.catalina.valves.RequestFilterValve.process(RequestFilterValve.java:355) [catalina.jar:9.0.98]
	at org.apache.catalina.valves.RemoteAddrValve.invoke(RemoteAddrValve.java:54) [catalina.jar:9.0.98]
	at org.apache.catalina.valves.AbstractAccessLogValve.invoke(AbstractAccessLogValve.java:660) [catalina.jar:9.0.98]
	at org.apache.catalina.core.StandardEngineValve.invoke(StandardEngineValve.java:74) [catalina.jar:9.0.98]
	at org.apache.catalina.connector.CoyoteAdapter.service(CoyoteAdapter.java:346) [catalina.jar:9.0.98]
	at org.apache.coyote.http11.Http11Processor.service(Http11Processor.java:396) [tomcat-coyote.jar:9.0.98]
	at org.apache.coyote.AbstractProcessorLight.process(AbstractProcessorLight.java:63) [tomcat-coyote.jar:9.0.98]
	at org.apache.coyote.AbstractProtocol$ConnectionHandler.process(AbstractProtocol.java:937) [tomcat-coyote.jar:9.0.98]
	at org.apache.tomcat.util.net.NioEndpoint$SocketProcessor.doRun(NioEndpoint.java:1791) [tomcat-coyote.jar:9.0.98]
	at org.apache.tomcat.util.net.SocketProcessorBase.run(SocketProcessorBase.java:52) [tomcat-coyote.jar:9.0.98]
	at org.apache.tomcat.util.threads.ThreadPoolExecutor.runWorker(ThreadPoolExecutor.java:1190) [tomcat-util.jar:9.0.98]
	at org.apache.tomcat.util.threads.ThreadPoolExecutor$Worker.run(ThreadPoolExecutor.java:659) [tomcat-util.jar:9.0.98]
	at org.apache.tomcat.util.threads.TaskThread$WrappingRunnable.run(TaskThread.java:63) [tomcat-util.jar:9.0.98]
	at java.lang.Thread.run(Thread.java:857) [?:?]
Caused by: javax.faces.FacesException: Pøi zpracování se vyskytla výjimka [/adis/idpr_pub/auth/chyba.jsp] na øádku [14]

11: 	<jsp:directive.include file="/adis/idpr_pub/dpr/inc/dtd.txt" />
12: 
13: 	<html>
14: 		<f:view>
15: 			<f:loadBundle basename="adis.idpr_pub.auth.chyba_text" var="chyba_text" />
16: 			<t:htmlTag value="head">
17: 				<jsp:include page="/adis/idpr_pub/dpr/inc/meta.jsp" />


Stacktrace:
	at org.apache.myfaces.context.servlet.ServletExternalContextImpl.dispatch(ServletExternalContextImpl.java:432) ~[myfaces-impl-1.1.10.jar:1.1.10]
	at org.apache.myfaces.application.jsp.JspViewHandlerImpl.renderView(JspViewHandlerImpl.java:255) ~[myfaces-impl-1.1.10.jar:1.1.10]
	at org.ajax4jsf.framework.ViewHandlerWrapper.renderView(ViewHandlerWrapper.java:108) ~[ajax4jsf-1.1.1.jar:1.1.1]
	at org.ajax4jsf.framework.ajax.AjaxViewHandler.renderView(AjaxViewHandler.java:233) ~[ajax4jsf-1.1.1.jar:1.1.1]
	at org.apache.myfaces.lifecycle.RenderResponseExecutor.execute(RenderResponseExecutor.java:41) ~[myfaces-impl-1.1.10.jar:1.1.10]
	at org.apache.myfaces.lifecycle.LifecycleImpl.render(LifecycleImpl.java:146) ~[myfaces-impl-1.1.10.jar:1.1.10]
	at javax.faces.webapp.FacesServlet.service(FacesServlet.java:147) ~[myfaces-api-1.1.10.jar:1.1.10]
	... 27 more
Caused by: org.apache.jasper.JasperException: Pøi zpracování se vyskytla výjimka [/adis/idpr_pub/auth/chyba.jsp] na øádku [14]

11: 	<jsp:directive.include file="/adis/idpr_pub/dpr/inc/dtd.txt" />
12: 
13: 	<html>
14: 		<f:view>
15: 			<f:loadBundle basename="adis.idpr_pub.auth.chyba_text" var="chyba_text" />
16: 			<t:htmlTag value="head">
17: 				<jsp:include page="/adis/idpr_pub/dpr/inc/meta.jsp" />


Stacktrace:
	at org.apache.jasper.servlet.JspServletWrapper.handleJspException(JspServletWrapper.java:610) ~[jasper.jar:9.0.98]
	at org.apache.jasper.servlet.JspServletWrapper.service(JspServletWrapper.java:499) ~[jasper.jar:9.0.98]
	at org.apache.jasper.servlet.JspServlet.serviceJspFile(JspServlet.java:376) ~[jasper.jar:9.0.98]
	at org.apache.jasper.servlet.JspServlet.service(JspServlet.java:324) ~[jasper.jar:9.0.98]
	at javax.servlet.http.HttpServlet.service(HttpServlet.java:623) ~[servlet-api.jar:4.0.FR]
	at org.apache.catalina.core.ApplicationFilterChain.internalDoFilter(ApplicationFilterChain.java:199) ~[catalina.jar:9.0.98]
	at org.apache.catalina.core.ApplicationFilterChain.doFilter(ApplicationFilterChain.java:144) ~[catalina.jar:9.0.98]
	at org.apache.logging.log4j.web.Log4jServletFilter.doFilter(Log4jServletFilter.java:64) ~[log4j-web-2.17.1.jar:2.17.1]
	at org.apache.catalina.core.ApplicationFilterChain.internalDoFilter(ApplicationFilterChain.java:168) ~[catalina.jar:9.0.98]
	at org.apache.catalina.core.ApplicationFilterChain.doFilter(ApplicationFilterChain.java:144) ~[catalina.jar:9.0.98]
	at org.apache.catalina.core.ApplicationDispatcher.invoke(ApplicationDispatcher.java:642) ~[catalina.jar:9.0.98]
	at org.apache.catalina.core.ApplicationDispatcher.processRequest(ApplicationDispatcher.java:418) ~[catalina.jar:9.0.98]
	at org.apache.catalina.core.ApplicationDispatcher.doForward(ApplicationDispatcher.java:348) ~[catalina.jar:9.0.98]
	at org.apache.catalina.core.ApplicationDispatcher.forward(ApplicationDispatcher.java:285) ~[catalina.jar:9.0.98]
	at org.apache.myfaces.context.servlet.ServletExternalContextImpl.dispatch(ServletExternalContextImpl.java:426) ~[myfaces-impl-1.1.10.jar:1.1.10]
	at org.apache.myfaces.application.jsp.JspViewHandlerImpl.renderView(JspViewHandlerImpl.java:255) ~[myfaces-impl-1.1.10.jar:1.1.10]
	at org.ajax4jsf.framework.ViewHandlerWrapper.renderView(ViewHandlerWrapper.java:108) ~[ajax4jsf-1.1.1.jar:1.1.1]
	at org.ajax4jsf.framework.ajax.AjaxViewHandler.renderView(AjaxViewHandler.java:233) ~[ajax4jsf-1.1.1.jar:1.1.1]
	at org.apache.myfaces.lifecycle.RenderResponseExecutor.execute(RenderResponseExecutor.java:41) ~[myfaces-impl-1.1.10.jar:1.1.10]
	at org.apache.myfaces.lifecycle.LifecycleImpl.render(LifecycleImpl.java:146) ~[myfaces-impl-1.1.10.jar:1.1.10]
	at javax.faces.webapp.FacesServlet.service(FacesServlet.java:147) ~[myfaces-api-1.1.10.jar:1.1.10]
	... 27 more
Caused by: java.lang.IllegalArgumentException: ContentTypeList does not contain a supported content type: application/json, application/*+json
	at org.apache.myfaces.shared_impl.renderkit.html.HtmlRendererUtils.selectContentType(HtmlRendererUtils.java:1396) ~[myfaces-impl-1.1.10.jar:1.1.10]
	at org.apache.myfaces.renderkit.html.HtmlRenderKitImpl.createResponseWriter(HtmlRenderKitImpl.java:132) ~[myfaces-impl-1.1.10.jar:1.1.10]
	at javax.faces.webapp.UIComponentTag.setupResponseWriter(UIComponentTag.java:1151) ~[myfaces-api-1.1.10.jar:1.1.10]
	at javax.faces.webapp.UIComponentTag.doStartTag(UIComponentTag.java:461) ~[myfaces-api-1.1.10.jar:1.1.10]
	at org.apache.myfaces.taglib.core.ViewTag.doStartTag(ViewTag.java:108) ~[myfaces-impl-1.1.10.jar:1.1.10]
	at org.apache.jsp.adis.idpr_005fpub.auth.chyba_jsp._jspService(chyba_jsp.java:171) ~[?:?]
	at org.apache.jasper.runtime.HttpJspBase.service(HttpJspBase.java:67) ~[jasper.jar:9.0.98]
	at javax.servlet.http.HttpServlet.service(HttpServlet.java:623) ~[servlet-api.jar:4.0.FR]
	at org.apache.jasper.servlet.JspServletWrapper.service(JspServletWrapper.java:466) ~[jasper.jar:9.0.98]
	at org.apache.jasper.servlet.JspServlet.serviceJspFile(JspServlet.java:376) ~[jasper.jar:9.0.98]
	at org.apache.jasper.servlet.JspServlet.service(JspServlet.java:324) ~[jasper.jar:9.0.98]
	at javax.servlet.http.HttpServlet.service(HttpServlet.java:623) ~[servlet-api.jar:4.0.FR]
	at org.apache.catalina.core.ApplicationFilterChain.internalDoFilter(ApplicationFilterChain.java:199) ~[catalina.jar:9.0.98]
	at org.apache.catalina.core.ApplicationFilterChain.doFilter(ApplicationFilterChain.java:144) ~[catalina.jar:9.0.98]
	at org.apache.logging.log4j.web.Log4jServletFilter.doFilter(Log4jServletFilter.java:64) ~[log4j-web-2.17.1.jar:2.17.1]
	at org.apache.catalina.core.ApplicationFilterChain.internalDoFilter(ApplicationFilterChain.java:168) ~[catalina.jar:9.0.98]
	at org.apache.catalina.core.ApplicationFilterChain.doFilter(ApplicationFilterChain.java:144) ~[catalina.jar:9.0.98]
	at org.apache.catalina.core.ApplicationDispatcher.invoke(ApplicationDispatcher.java:642) ~[catalina.jar:9.0.98]
	at org.apache.catalina.core.ApplicationDispatcher.processRequest(ApplicationDispatcher.java:418) ~[catalina.jar:9.0.98]
	at org.apache.catalina.core.ApplicationDispatcher.doForward(ApplicationDispatcher.java:348) ~[catalina.jar:9.0.98]
	at org.apache.catalina.core.ApplicationDispatcher.forward(ApplicationDispatcher.java:285) ~[catalina.jar:9.0.98]
	at org.apache.myfaces.context.servlet.ServletExternalContextImpl.dispatch(ServletExternalContextImpl.java:426) ~[myfaces-impl-1.1.10.jar:1.1.10]
	at org.apache.myfaces.application.jsp.JspViewHandlerImpl.renderView(JspViewHandlerImpl.java:255) ~[myfaces-impl-1.1.10.jar:1.1.10]
	at org.ajax4jsf.framework.ViewHandlerWrapper.renderView(ViewHandlerWrapper.java:108) ~[ajax4jsf-1.1.1.jar:1.1.1]
	at org.ajax4jsf.framework.ajax.AjaxViewHandler.renderView(AjaxViewHandler.java:233) ~[ajax4jsf-1.1.1.jar:1.1.1]
	at org.apache.myfaces.lifecycle.RenderResponseExecutor.execute(RenderResponseExecutor.java:41) ~[myfaces-impl-1.1.10.jar:1.1.10]
	at org.apache.myfaces.lifecycle.LifecycleImpl.render(LifecycleImpl.java:146) ~[myfaces-impl-1.1.10.jar:1.1.10]
	at javax.faces.webapp.FacesServlet.service(FacesServlet.java:147) ~[myfaces-api-1.1.10.jar:1.1.10]
	... 27 more
