2025-03-27 07:49:49,023 ERROR [http-nio-127.0.0.1-8081-exec-62] o.a.c.c.C.[.[.[.[DataHeadServlet] Servlet.service() for servlet [DataHeadServlet] in context with path [/dpr##045003001zbn] threw exception
java.lang.NullPointerException: Cannot invoke "adis.epo2.aepo2_apl.pis.TEPodani.getOdeslatKOvereniState(boolean)" because the return value of "adis.pmd.mepo.db.data.RfeDbPodaniForm.getMaster()" is null
	at adis.pmd.mepo.service.data.MepsData.fillPodaniHeader(MepsData.java:304) ~[al-dpr-mepo.jar:?]
	at adis.pmd.mepo.service.data.MepsData.getPodaniHeader(MepsData.java:259) ~[al-dpr-mepo.jar:?]
	at adis.pmd.mepo.servlets.DataHeadServlet.lambda$doGet$0(DataHeadServlet.java:31) ~[al-dpr-mepo.jar:?]
	at adis.alib.rest.AbstractRestServlet$2.accept(AbstractRestServlet.java:72) ~[al-adis-lib.jar:?]
	at adis.alib.rest.AbstractRestServlet$2.accept(AbstractRestServlet.java:68) ~[al-adis-lib.jar:?]
	at adis.alib.rest.AbstractRestServlet.writeJsonResponse(AbstractRestServlet.java:96) ~[al-adis-lib.jar:?]
	at adis.alib.rest.AbstractRestServlet.writeJsonResponse(AbstractRestServlet.java:82) ~[al-adis-lib.jar:?]
	at adis.alib.rest.AbstractRestServlet.doGetOperation(AbstractRestServlet.java:143) ~[al-adis-lib.jar:?]
	at adis.alib.rest.AbstractRestServlet.doGet(AbstractRestServlet.java:120) ~[al-adis-lib.jar:?]
	at javax.servlet.http.HttpServlet.service(HttpServlet.java:529) ~[servlet-api.jar:4.0.FR]
	at javax.servlet.http.HttpServlet.service(HttpServlet.java:623) ~[servlet-api.jar:4.0.FR]
	at org.apache.catalina.core.ApplicationFilterChain.internalDoFilter(ApplicationFilterChain.java:199) ~[catalina.jar:9.0.98]
	at org.apache.catalina.core.ApplicationFilterChain.doFilter(ApplicationFilterChain.java:144) ~[catalina.jar:9.0.98]
	at org.apache.tomcat.websocket.server.WsFilter.doFilter(WsFilter.java:51) ~[tomcat-websocket.jar:9.0.98]
	at org.apache.catalina.core.ApplicationFilterChain.internalDoFilter(ApplicationFilterChain.java:168) ~[catalina.jar:9.0.98]
	at org.apache.catalina.core.ApplicationFilterChain.doFilter(ApplicationFilterChain.java:144) ~[catalina.jar:9.0.98]
	at adis.hibernate.HibernateSessionFilter.doFilter(HibernateSessionFilter.java:72) ~[al-a-adis.jar:?]
	at org.apache.catalina.core.ApplicationFilterChain.internalDoFilter(ApplicationFilterChain.java:168) ~[catalina.jar:9.0.98]
	at org.apache.catalina.core.ApplicationFilterChain.doFilter(ApplicationFilterChain.java:144) ~[catalina.jar:9.0.98]
	at adis.pmd.session.SessionIdsFilter.doFilter(SessionIdsFilter.java:64) ~[aw-mi-dpr.jar:?]
	at org.apache.catalina.core.ApplicationFilterChain.internalDoFilter(ApplicationFilterChain.java:168) ~[catalina.jar:9.0.98]
	at org.apache.catalina.core.ApplicationFilterChain.doFilter(ApplicationFilterChain.java:144) ~[catalina.jar:9.0.98]
	at adis.spa.ispa_lib.auth.AuthFilterDpr.doFilter(AuthFilterDpr.java:323) ~[aw-mi-dpr.jar:?]
	at org.apache.catalina.core.ApplicationFilterChain.internalDoFilter(ApplicationFilterChain.java:168) ~[catalina.jar:9.0.98]
	at org.apache.catalina.core.ApplicationFilterChain.doFilter(ApplicationFilterChain.java:144) ~[catalina.jar:9.0.98]
	at adis.spa.ispa_lib.auth.HttpSessionCheckFilter.doFilter(HttpSessionCheckFilter.java:73) ~[al-dpr-lib.jar:?]
	at org.apache.catalina.core.ApplicationFilterChain.internalDoFilter(ApplicationFilterChain.java:168) ~[catalina.jar:9.0.98]
	at org.apache.catalina.core.ApplicationFilterChain.doFilter(ApplicationFilterChain.java:144) ~[catalina.jar:9.0.98]
	at adis.pmd.metrics.MicrometerFilter.doFilter(MicrometerFilter.java:115) ~[aw-mi-dpr.jar:?]
	at org.apache.catalina.core.ApplicationFilterChain.internalDoFilter(ApplicationFilterChain.java:168) ~[catalina.jar:9.0.98]
	at org.apache.catalina.core.ApplicationFilterChain.doFilter(ApplicationFilterChain.java:144) ~[catalina.jar:9.0.98]
	at adis.alib.log.filters.RequestLogFilter.doFilter(RequestLogFilter.java:61) ~[al-a-adis.jar:?]
	at org.apache.catalina.core.ApplicationFilterChain.internalDoFilter(ApplicationFilterChain.java:168) ~[catalina.jar:9.0.98]
	at org.apache.catalina.core.ApplicationFilterChain.doFilter(ApplicationFilterChain.java:144) ~[catalina.jar:9.0.98]
	at org.apache.logging.log4j.web.Log4jServletFilter.doFilter(Log4jServletFilter.java:71) ~[log4j-web-2.17.1.jar:2.17.1]
	at org.apache.catalina.core.ApplicationFilterChain.internalDoFilter(ApplicationFilterChain.java:168) ~[catalina.jar:9.0.98]
	at org.apache.catalina.core.ApplicationFilterChain.doFilter(ApplicationFilterChain.java:144) ~[catalina.jar:9.0.98]
	at org.apache.catalina.core.StandardWrapperValve.invoke(StandardWrapperValve.java:168) [catalina.jar:9.0.98]
	at org.apache.catalina.core.StandardContextValve.invoke(StandardContextValve.java:90) [catalina.jar:9.0.98]
	at org.apache.catalina.authenticator.AuthenticatorBase.invoke(AuthenticatorBase.java:597) [catalina.jar:9.0.98]
	at org.apache.catalina.core.StandardHostValve.invoke(StandardHostValve.java:130) [catalina.jar:9.0.98]
	at org.apache.catalina.valves.ErrorReportValve.invoke(ErrorReportValve.java:93) [catalina.jar:9.0.98]
	at org.apache.catalina.valves.RequestFilterValve.process(RequestFilterValve.java:355) [catalina.jar:9.0.98]
	at org.apache.catalina.valves.RemoteAddrValve.invoke(RemoteAddrValve.java:54) [catalina.jar:9.0.98]
	at org.apache.catalina.valves.AbstractAccessLogValve.invoke(AbstractAccessLogValve.java:660) [catalina.jar:9.0.98]
	at org.apache.catalina.core.StandardEngineValve.invoke(StandardEngineValve.java:74) [catalina.jar:9.0.98]
	at org.apache.catalina.connector.CoyoteAdapter.service(CoyoteAdapter.java:346) [catalina.jar:9.0.98]
	at org.apache.coyote.http11.Http11Processor.service(Http11Processor.java:396) [tomcat-coyote.jar:9.0.98]
	at org.apache.coyote.AbstractProcessorLight.process(AbstractProcessorLight.java:63) [tomcat-coyote.jar:9.0.98]
	at org.apache.coyote.AbstractProtocol$ConnectionHandler.process(AbstractProtocol.java:937) [tomcat-coyote.jar:9.0.98]
	at org.apache.tomcat.util.net.NioEndpoint$SocketProcessor.doRun(NioEndpoint.java:1791) [tomcat-coyote.jar:9.0.98]
	at org.apache.tomcat.util.net.SocketProcessorBase.run(SocketProcessorBase.java:52) [tomcat-coyote.jar:9.0.98]
	at org.apache.tomcat.util.threads.ThreadPoolExecutor.runWorker(ThreadPoolExecutor.java:1190) [tomcat-util.jar:9.0.98]
	at org.apache.tomcat.util.threads.ThreadPoolExecutor$Worker.run(ThreadPoolExecutor.java:659) [tomcat-util.jar:9.0.98]
	at org.apache.tomcat.util.threads.TaskThread$WrappingRunnable.run(TaskThread.java:63) [tomcat-util.jar:9.0.98]
	at java.lang.Thread.run(Thread.java:857) [?:?]
2025-03-27 12:23:41,766 ERROR [http-nio-127.0.0.1-8081-exec-92] o.a.c.c.C.[.[.[.[DataHeadServlet] Servlet.service() for servlet [DataHeadServlet] in context with path [/dpr##045003001zbn] threw exception
java.lang.NullPointerException: Cannot invoke "adis.epo2.aepo2_apl.pis.TEPodani.getOdeslatKOvereniState(boolean)" because the return value of "adis.pmd.mepo.db.data.RfeDbPodaniForm.getMaster()" is null
	at adis.pmd.mepo.service.data.MepsData.fillPodaniHeader(MepsData.java:304) ~[al-dpr-mepo.jar:?]
	at adis.pmd.mepo.service.data.MepsData.getPodaniHeader(MepsData.java:259) ~[al-dpr-mepo.jar:?]
	at adis.pmd.mepo.servlets.DataHeadServlet.lambda$doGet$0(DataHeadServlet.java:31) ~[al-dpr-mepo.jar:?]
	at adis.alib.rest.AbstractRestServlet$2.accept(AbstractRestServlet.java:72) ~[al-adis-lib.jar:?]
	at adis.alib.rest.AbstractRestServlet$2.accept(AbstractRestServlet.java:68) ~[al-adis-lib.jar:?]
	at adis.alib.rest.AbstractRestServlet.writeJsonResponse(AbstractRestServlet.java:96) ~[al-adis-lib.jar:?]
	at adis.alib.rest.AbstractRestServlet.writeJsonResponse(AbstractRestServlet.java:82) ~[al-adis-lib.jar:?]
	at adis.alib.rest.AbstractRestServlet.doGetOperation(AbstractRestServlet.java:143) ~[al-adis-lib.jar:?]
	at adis.alib.rest.AbstractRestServlet.doGet(AbstractRestServlet.java:120) ~[al-adis-lib.jar:?]
	at javax.servlet.http.HttpServlet.service(HttpServlet.java:529) ~[servlet-api.jar:4.0.FR]
	at javax.servlet.http.HttpServlet.service(HttpServlet.java:623) ~[servlet-api.jar:4.0.FR]
	at org.apache.catalina.core.ApplicationFilterChain.internalDoFilter(ApplicationFilterChain.java:199) ~[catalina.jar:9.0.98]
	at org.apache.catalina.core.ApplicationFilterChain.doFilter(ApplicationFilterChain.java:144) ~[catalina.jar:9.0.98]
	at org.apache.tomcat.websocket.server.WsFilter.doFilter(WsFilter.java:51) ~[tomcat-websocket.jar:9.0.98]
	at org.apache.catalina.core.ApplicationFilterChain.internalDoFilter(ApplicationFilterChain.java:168) ~[catalina.jar:9.0.98]
	at org.apache.catalina.core.ApplicationFilterChain.doFilter(ApplicationFilterChain.java:144) ~[catalina.jar:9.0.98]
	at adis.hibernate.HibernateSessionFilter.doFilter(HibernateSessionFilter.java:72) ~[al-a-adis.jar:?]
	at org.apache.catalina.core.ApplicationFilterChain.internalDoFilter(ApplicationFilterChain.java:168) ~[catalina.jar:9.0.98]
	at org.apache.catalina.core.ApplicationFilterChain.doFilter(ApplicationFilterChain.java:144) ~[catalina.jar:9.0.98]
	at adis.pmd.session.SessionIdsFilter.doFilter(SessionIdsFilter.java:64) ~[aw-mi-dpr.jar:?]
	at org.apache.catalina.core.ApplicationFilterChain.internalDoFilter(ApplicationFilterChain.java:168) ~[catalina.jar:9.0.98]
	at org.apache.catalina.core.ApplicationFilterChain.doFilter(ApplicationFilterChain.java:144) ~[catalina.jar:9.0.98]
	at adis.spa.ispa_lib.auth.AuthFilterDpr.doFilter(AuthFilterDpr.java:323) ~[aw-mi-dpr.jar:?]
	at org.apache.catalina.core.ApplicationFilterChain.internalDoFilter(ApplicationFilterChain.java:168) ~[catalina.jar:9.0.98]
	at org.apache.catalina.core.ApplicationFilterChain.doFilter(ApplicationFilterChain.java:144) ~[catalina.jar:9.0.98]
	at adis.spa.ispa_lib.auth.HttpSessionCheckFilter.doFilter(HttpSessionCheckFilter.java:73) ~[al-dpr-lib.jar:?]
	at org.apache.catalina.core.ApplicationFilterChain.internalDoFilter(ApplicationFilterChain.java:168) ~[catalina.jar:9.0.98]
	at org.apache.catalina.core.ApplicationFilterChain.doFilter(ApplicationFilterChain.java:144) ~[catalina.jar:9.0.98]
	at adis.pmd.metrics.MicrometerFilter.doFilter(MicrometerFilter.java:115) ~[aw-mi-dpr.jar:?]
	at org.apache.catalina.core.ApplicationFilterChain.internalDoFilter(ApplicationFilterChain.java:168) ~[catalina.jar:9.0.98]
	at org.apache.catalina.core.ApplicationFilterChain.doFilter(ApplicationFilterChain.java:144) ~[catalina.jar:9.0.98]
	at adis.alib.log.filters.RequestLogFilter.doFilter(RequestLogFilter.java:61) ~[al-a-adis.jar:?]
	at org.apache.catalina.core.ApplicationFilterChain.internalDoFilter(ApplicationFilterChain.java:168) ~[catalina.jar:9.0.98]
	at org.apache.catalina.core.ApplicationFilterChain.doFilter(ApplicationFilterChain.java:144) ~[catalina.jar:9.0.98]
	at org.apache.logging.log4j.web.Log4jServletFilter.doFilter(Log4jServletFilter.java:71) ~[log4j-web-2.17.1.jar:2.17.1]
	at org.apache.catalina.core.ApplicationFilterChain.internalDoFilter(ApplicationFilterChain.java:168) ~[catalina.jar:9.0.98]
	at org.apache.catalina.core.ApplicationFilterChain.doFilter(ApplicationFilterChain.java:144) ~[catalina.jar:9.0.98]
	at org.apache.catalina.core.StandardWrapperValve.invoke(StandardWrapperValve.java:168) [catalina.jar:9.0.98]
	at org.apache.catalina.core.StandardContextValve.invoke(StandardContextValve.java:90) [catalina.jar:9.0.98]
	at org.apache.catalina.authenticator.AuthenticatorBase.invoke(AuthenticatorBase.java:597) [catalina.jar:9.0.98]
	at org.apache.catalina.core.StandardHostValve.invoke(StandardHostValve.java:130) [catalina.jar:9.0.98]
	at org.apache.catalina.valves.ErrorReportValve.invoke(ErrorReportValve.java:93) [catalina.jar:9.0.98]
	at org.apache.catalina.valves.RequestFilterValve.process(RequestFilterValve.java:355) [catalina.jar:9.0.98]
	at org.apache.catalina.valves.RemoteAddrValve.invoke(RemoteAddrValve.java:54) [catalina.jar:9.0.98]
	at org.apache.catalina.valves.AbstractAccessLogValve.invoke(AbstractAccessLogValve.java:660) [catalina.jar:9.0.98]
	at org.apache.catalina.core.StandardEngineValve.invoke(StandardEngineValve.java:74) [catalina.jar:9.0.98]
	at org.apache.catalina.connector.CoyoteAdapter.service(CoyoteAdapter.java:346) [catalina.jar:9.0.98]
	at org.apache.coyote.http11.Http11Processor.service(Http11Processor.java:396) [tomcat-coyote.jar:9.0.98]
	at org.apache.coyote.AbstractProcessorLight.process(AbstractProcessorLight.java:63) [tomcat-coyote.jar:9.0.98]
	at org.apache.coyote.AbstractProtocol$ConnectionHandler.process(AbstractProtocol.java:937) [tomcat-coyote.jar:9.0.98]
	at org.apache.tomcat.util.net.NioEndpoint$SocketProcessor.doRun(NioEndpoint.java:1791) [tomcat-coyote.jar:9.0.98]
	at org.apache.tomcat.util.net.SocketProcessorBase.run(SocketProcessorBase.java:52) [tomcat-coyote.jar:9.0.98]
	at org.apache.tomcat.util.threads.ThreadPoolExecutor.runWorker(ThreadPoolExecutor.java:1190) [tomcat-util.jar:9.0.98]
	at org.apache.tomcat.util.threads.ThreadPoolExecutor$Worker.run(ThreadPoolExecutor.java:659) [tomcat-util.jar:9.0.98]
	at org.apache.tomcat.util.threads.TaskThread$WrappingRunnable.run(TaskThread.java:63) [tomcat-util.jar:9.0.98]
	at java.lang.Thread.run(Thread.java:857) [?:?]
2025-03-27 12:23:58,821 ERROR [ajp-nio-10.92.40.22-8981-exec-5] o.a.c.c.C.[.[.[.[Faces Servlet] Servlet.service() for servlet [Faces Servlet] in context with path [/dpr##045003001zbn] threw exception [javax.servlet.ServletException: javax.servlet.ServletException: org.apache.myfaces.shared_impl.util.ViewExpiredException] with root cause
org.apache.myfaces.shared_impl.util.ViewExpiredException: null
	at org.apache.myfaces.shared_impl.util.StateUtils.reconstruct(StateUtils.java:385) ~[myfaces-impl-1.1.10.jar:1.1.10]
	at org.apache.myfaces.renderkit.html.HtmlResponseStateManager.getTreeStructureToRestore(HtmlResponseStateManager.java:169) ~[myfaces-impl-1.1.10.jar:1.1.10]
	at org.apache.myfaces.application.jsp.JspStateManagerImpl.getSequenceString(JspStateManagerImpl.java:305) ~[myfaces-impl-1.1.10.jar:1.1.10]
	at org.apache.myfaces.application.jsp.JspStateManagerImpl.restoreTreeStructure(JspStateManagerImpl.java:271) ~[myfaces-impl-1.1.10.jar:1.1.10]
	at org.apache.myfaces.application.jsp.JspStateManagerImpl.restoreView(JspStateManagerImpl.java:312) ~[myfaces-impl-1.1.10.jar:1.1.10]
	at org.ajax4jsf.framework.ajax.AjaxStateManager.restoreView(AjaxStateManager.java:83) ~[ajax4jsf-1.1.1.jar:1.1.1]
	at org.apache.myfaces.application.jsp.JspViewHandlerImpl.restoreView(JspViewHandlerImpl.java:278) ~[myfaces-impl-1.1.10.jar:1.1.10]
	at org.ajax4jsf.framework.ViewHandlerWrapper.restoreView(ViewHandlerWrapper.java:116) ~[ajax4jsf-1.1.1.jar:1.1.1]
	at org.ajax4jsf.framework.ajax.AjaxViewHandler.restoreView(AjaxViewHandler.java:150) ~[ajax4jsf-1.1.1.jar:1.1.1]
	at org.apache.myfaces.lifecycle.RestoreViewExecutor.execute(RestoreViewExecutor.java:83) ~[myfaces-impl-1.1.10.jar:1.1.10]
	at org.apache.myfaces.lifecycle.LifecycleImpl.executePhase(LifecycleImpl.java:105) ~[myfaces-impl-1.1.10.jar:1.1.10]
	at org.apache.myfaces.lifecycle.LifecycleImpl.execute(LifecycleImpl.java:80) ~[myfaces-impl-1.1.10.jar:1.1.10]
	at javax.faces.webapp.FacesServlet.service(FacesServlet.java:143) ~[myfaces-api-1.1.10.jar:1.1.10]
	at org.apache.catalina.core.ApplicationFilterChain.internalDoFilter(ApplicationFilterChain.java:199) ~[catalina.jar:9.0.98]
	at org.apache.catalina.core.ApplicationFilterChain.doFilter(ApplicationFilterChain.java:144) ~[catalina.jar:9.0.98]
	at org.ajax4jsf.framework.ajax.xmlfilter.BaseXMLFilter.doXmlFilter(BaseXMLFilter.java:127) ~[ajax4jsf-1.1.1.jar:1.1.1]
	at org.ajax4jsf.framework.ajax.xmlfilter.BaseFilter.doFilter(BaseFilter.java:277) ~[ajax4jsf-1.1.1.jar:1.1.1]
	at org.apache.catalina.core.ApplicationFilterChain.internalDoFilter(ApplicationFilterChain.java:168) ~[catalina.jar:9.0.98]
	at org.apache.catalina.core.ApplicationFilterChain.doFilter(ApplicationFilterChain.java:144) ~[catalina.jar:9.0.98]
	at org.apache.tomcat.websocket.server.WsFilter.doFilter(WsFilter.java:51) ~[tomcat-websocket.jar:9.0.98]
	at org.apache.catalina.core.ApplicationFilterChain.internalDoFilter(ApplicationFilterChain.java:168) ~[catalina.jar:9.0.98]
	at org.apache.catalina.core.ApplicationFilterChain.doFilter(ApplicationFilterChain.java:144) ~[catalina.jar:9.0.98]
	at org.apache.myfaces.webapp.filter.ExtensionsFilter.doFilter(ExtensionsFilter.java:374) ~[tomahawk-1.1.14.jar:1.1.14]
	at org.apache.catalina.core.ApplicationFilterChain.internalDoFilter(ApplicationFilterChain.java:168) ~[catalina.jar:9.0.98]
	at org.apache.catalina.core.ApplicationFilterChain.doFilter(ApplicationFilterChain.java:144) ~[catalina.jar:9.0.98]
	at adis.dpr.iepo2_filtr.UploadFiltr.doFilter(UploadFiltr.java:158) ~[al-a-adis.jar:?]
	at org.apache.catalina.core.ApplicationFilterChain.internalDoFilter(ApplicationFilterChain.java:168) ~[catalina.jar:9.0.98]
	at org.apache.catalina.core.ApplicationFilterChain.doFilter(ApplicationFilterChain.java:144) ~[catalina.jar:9.0.98]
	at adis.tlib.atlib_jsf.FiltrHiberSession.doFilter(FiltrHiberSession.java:137) ~[al-a-adis.jar:?]
	at org.apache.catalina.core.ApplicationFilterChain.internalDoFilter(ApplicationFilterChain.java:168) ~[catalina.jar:9.0.98]
	at org.apache.catalina.core.ApplicationFilterChain.doFilter(ApplicationFilterChain.java:144) ~[catalina.jar:9.0.98]
	at adis.tlib.atlib_jsf.FiltrOsetreniChyb.doFilter(FiltrOsetreniChyb.java:64) ~[al-a-adis.jar:?]
	at org.apache.catalina.core.ApplicationFilterChain.internalDoFilter(ApplicationFilterChain.java:168) ~[catalina.jar:9.0.98]
	at org.apache.catalina.core.ApplicationFilterChain.doFilter(ApplicationFilterChain.java:144) ~[catalina.jar:9.0.98]
	at adis.hibernate.HibernateSessionFilter.doFilter(HibernateSessionFilter.java:72) ~[al-a-adis.jar:?]
	at org.apache.catalina.core.ApplicationFilterChain.internalDoFilter(ApplicationFilterChain.java:168) ~[catalina.jar:9.0.98]
	at org.apache.catalina.core.ApplicationFilterChain.doFilter(ApplicationFilterChain.java:144) ~[catalina.jar:9.0.98]
	at adis.pmd.session.SessionIdsFilter.doFilter(SessionIdsFilter.java:64) ~[aw-mi-dpr.jar:?]
	at org.apache.catalina.core.ApplicationFilterChain.internalDoFilter(ApplicationFilterChain.java:168) ~[catalina.jar:9.0.98]
	at org.apache.catalina.core.ApplicationFilterChain.doFilter(ApplicationFilterChain.java:144) ~[catalina.jar:9.0.98]
	at adis.spa.ispa_lib.auth.AuthFilterDpr.doFilter(AuthFilterDpr.java:323) ~[aw-mi-dpr.jar:?]
	at org.apache.catalina.core.ApplicationFilterChain.internalDoFilter(ApplicationFilterChain.java:168) ~[catalina.jar:9.0.98]
	at org.apache.catalina.core.ApplicationFilterChain.doFilter(ApplicationFilterChain.java:144) ~[catalina.jar:9.0.98]
	at adis.spa.ispa_lib.auth.HttpSessionCheckFilter.doFilter(HttpSessionCheckFilter.java:73) ~[al-dpr-lib.jar:?]
	at org.apache.catalina.core.ApplicationFilterChain.internalDoFilter(ApplicationFilterChain.java:168) ~[catalina.jar:9.0.98]
	at org.apache.catalina.core.ApplicationFilterChain.doFilter(ApplicationFilterChain.java:144) ~[catalina.jar:9.0.98]
	at adis.pmd.metrics.MicrometerFilter.doFilter(MicrometerFilter.java:115) ~[aw-mi-dpr.jar:?]
	at org.apache.catalina.core.ApplicationFilterChain.internalDoFilter(ApplicationFilterChain.java:168) ~[catalina.jar:9.0.98]
	at org.apache.catalina.core.ApplicationFilterChain.doFilter(ApplicationFilterChain.java:144) ~[catalina.jar:9.0.98]
	at adis.alib.log.filters.RequestLogFilter.doFilter(RequestLogFilter.java:61) ~[al-a-adis.jar:?]
	at org.apache.catalina.core.ApplicationFilterChain.internalDoFilter(ApplicationFilterChain.java:168) ~[catalina.jar:9.0.98]
	at org.apache.catalina.core.ApplicationFilterChain.doFilter(ApplicationFilterChain.java:144) ~[catalina.jar:9.0.98]
	at org.apache.logging.log4j.web.Log4jServletFilter.doFilter(Log4jServletFilter.java:71) ~[log4j-web-2.17.1.jar:2.17.1]
	at org.apache.catalina.core.ApplicationFilterChain.internalDoFilter(ApplicationFilterChain.java:168) ~[catalina.jar:9.0.98]
	at org.apache.catalina.core.ApplicationFilterChain.doFilter(ApplicationFilterChain.java:144) ~[catalina.jar:9.0.98]
	at org.apache.catalina.core.StandardWrapperValve.invoke(StandardWrapperValve.java:168) [catalina.jar:9.0.98]
	at org.apache.catalina.core.StandardContextValve.invoke(StandardContextValve.java:90) [catalina.jar:9.0.98]
	at org.apache.catalina.authenticator.AuthenticatorBase.invoke(AuthenticatorBase.java:597) [catalina.jar:9.0.98]
	at org.apache.catalina.core.StandardHostValve.invoke(StandardHostValve.java:130) [catalina.jar:9.0.98]
	at org.apache.catalina.valves.ErrorReportValve.invoke(ErrorReportValve.java:93) [catalina.jar:9.0.98]
	at org.apache.catalina.valves.RequestFilterValve.process(RequestFilterValve.java:355) [catalina.jar:9.0.98]
	at org.apache.catalina.valves.RemoteAddrValve.invoke(RemoteAddrValve.java:54) [catalina.jar:9.0.98]
	at org.apache.catalina.valves.AbstractAccessLogValve.invoke(AbstractAccessLogValve.java:660) [catalina.jar:9.0.98]
	at org.apache.catalina.core.StandardEngineValve.invoke(StandardEngineValve.java:74) [catalina.jar:9.0.98]
	at org.apache.catalina.connector.CoyoteAdapter.service(CoyoteAdapter.java:346) [catalina.jar:9.0.98]
	at org.apache.coyote.ajp.AjpProcessor.service(AjpProcessor.java:424) [tomcat-coyote.jar:9.0.98]
	at org.apache.coyote.AbstractProcessorLight.process(AbstractProcessorLight.java:63) [tomcat-coyote.jar:9.0.98]
	at org.apache.coyote.AbstractProtocol$ConnectionHandler.process(AbstractProtocol.java:937) [tomcat-coyote.jar:9.0.98]
	at org.apache.tomcat.util.net.NioEndpoint$SocketProcessor.doRun(NioEndpoint.java:1791) [tomcat-coyote.jar:9.0.98]
	at org.apache.tomcat.util.net.SocketProcessorBase.run(SocketProcessorBase.java:52) [tomcat-coyote.jar:9.0.98]
	at org.apache.tomcat.util.threads.ThreadPoolExecutor.runWorker(ThreadPoolExecutor.java:1190) [tomcat-util.jar:9.0.98]
	at org.apache.tomcat.util.threads.ThreadPoolExecutor$Worker.run(ThreadPoolExecutor.java:659) [tomcat-util.jar:9.0.98]
	at org.apache.tomcat.util.threads.TaskThread$WrappingRunnable.run(TaskThread.java:63) [tomcat-util.jar:9.0.98]
	at java.lang.Thread.run(Thread.java:857) [?:?]
2025-03-27 20:32:10,569 ERROR [http-nio-127.0.0.1-8081-exec-71] o.a.c.c.C.[.[.[.[DataHeadServlet] Servlet.service() for servlet [DataHeadServlet] in context with path [/dpr##045003001zbn] threw exception
java.lang.NullPointerException: Cannot invoke "adis.epo2.aepo2_apl.pis.TEPodani.getOdeslatKOvereniState(boolean)" because the return value of "adis.pmd.mepo.db.data.RfeDbPodaniForm.getMaster()" is null
	at adis.pmd.mepo.service.data.MepsData.fillPodaniHeader(MepsData.java:304) ~[al-dpr-mepo.jar:?]
	at adis.pmd.mepo.service.data.MepsData.getPodaniHeader(MepsData.java:259) ~[al-dpr-mepo.jar:?]
	at adis.pmd.mepo.servlets.DataHeadServlet.lambda$doGet$0(DataHeadServlet.java:31) ~[al-dpr-mepo.jar:?]
	at adis.alib.rest.AbstractRestServlet$2.accept(AbstractRestServlet.java:72) ~[al-adis-lib.jar:?]
	at adis.alib.rest.AbstractRestServlet$2.accept(AbstractRestServlet.java:68) ~[al-adis-lib.jar:?]
	at adis.alib.rest.AbstractRestServlet.writeJsonResponse(AbstractRestServlet.java:96) ~[al-adis-lib.jar:?]
	at adis.alib.rest.AbstractRestServlet.writeJsonResponse(AbstractRestServlet.java:82) ~[al-adis-lib.jar:?]
	at adis.alib.rest.AbstractRestServlet.doGetOperation(AbstractRestServlet.java:143) ~[al-adis-lib.jar:?]
	at adis.alib.rest.AbstractRestServlet.doGet(AbstractRestServlet.java:120) ~[al-adis-lib.jar:?]
	at javax.servlet.http.HttpServlet.service(HttpServlet.java:529) ~[servlet-api.jar:4.0.FR]
	at javax.servlet.http.HttpServlet.service(HttpServlet.java:623) ~[servlet-api.jar:4.0.FR]
	at org.apache.catalina.core.ApplicationFilterChain.internalDoFilter(ApplicationFilterChain.java:199) ~[catalina.jar:9.0.98]
	at org.apache.catalina.core.ApplicationFilterChain.doFilter(ApplicationFilterChain.java:144) ~[catalina.jar:9.0.98]
	at org.apache.tomcat.websocket.server.WsFilter.doFilter(WsFilter.java:51) ~[tomcat-websocket.jar:9.0.98]
	at org.apache.catalina.core.ApplicationFilterChain.internalDoFilter(ApplicationFilterChain.java:168) ~[catalina.jar:9.0.98]
	at org.apache.catalina.core.ApplicationFilterChain.doFilter(ApplicationFilterChain.java:144) ~[catalina.jar:9.0.98]
	at adis.hibernate.HibernateSessionFilter.doFilter(HibernateSessionFilter.java:72) ~[al-a-adis.jar:?]
	at org.apache.catalina.core.ApplicationFilterChain.internalDoFilter(ApplicationFilterChain.java:168) ~[catalina.jar:9.0.98]
	at org.apache.catalina.core.ApplicationFilterChain.doFilter(ApplicationFilterChain.java:144) ~[catalina.jar:9.0.98]
	at adis.pmd.session.SessionIdsFilter.doFilter(SessionIdsFilter.java:64) ~[aw-mi-dpr.jar:?]
	at org.apache.catalina.core.ApplicationFilterChain.internalDoFilter(ApplicationFilterChain.java:168) ~[catalina.jar:9.0.98]
	at org.apache.catalina.core.ApplicationFilterChain.doFilter(ApplicationFilterChain.java:144) ~[catalina.jar:9.0.98]
	at adis.spa.ispa_lib.auth.AuthFilterDpr.doFilter(AuthFilterDpr.java:323) ~[aw-mi-dpr.jar:?]
	at org.apache.catalina.core.ApplicationFilterChain.internalDoFilter(ApplicationFilterChain.java:168) ~[catalina.jar:9.0.98]
	at org.apache.catalina.core.ApplicationFilterChain.doFilter(ApplicationFilterChain.java:144) ~[catalina.jar:9.0.98]
	at adis.spa.ispa_lib.auth.HttpSessionCheckFilter.doFilter(HttpSessionCheckFilter.java:73) ~[al-dpr-lib.jar:?]
	at org.apache.catalina.core.ApplicationFilterChain.internalDoFilter(ApplicationFilterChain.java:168) ~[catalina.jar:9.0.98]
	at org.apache.catalina.core.ApplicationFilterChain.doFilter(ApplicationFilterChain.java:144) ~[catalina.jar:9.0.98]
	at adis.pmd.metrics.MicrometerFilter.doFilter(MicrometerFilter.java:115) ~[aw-mi-dpr.jar:?]
	at org.apache.catalina.core.ApplicationFilterChain.internalDoFilter(ApplicationFilterChain.java:168) ~[catalina.jar:9.0.98]
	at org.apache.catalina.core.ApplicationFilterChain.doFilter(ApplicationFilterChain.java:144) ~[catalina.jar:9.0.98]
	at adis.alib.log.filters.RequestLogFilter.doFilter(RequestLogFilter.java:61) ~[al-a-adis.jar:?]
	at org.apache.catalina.core.ApplicationFilterChain.internalDoFilter(ApplicationFilterChain.java:168) ~[catalina.jar:9.0.98]
	at org.apache.catalina.core.ApplicationFilterChain.doFilter(ApplicationFilterChain.java:144) ~[catalina.jar:9.0.98]
	at org.apache.logging.log4j.web.Log4jServletFilter.doFilter(Log4jServletFilter.java:71) ~[log4j-web-2.17.1.jar:2.17.1]
	at org.apache.catalina.core.ApplicationFilterChain.internalDoFilter(ApplicationFilterChain.java:168) ~[catalina.jar:9.0.98]
	at org.apache.catalina.core.ApplicationFilterChain.doFilter(ApplicationFilterChain.java:144) ~[catalina.jar:9.0.98]
	at org.apache.catalina.core.StandardWrapperValve.invoke(StandardWrapperValve.java:168) [catalina.jar:9.0.98]
	at org.apache.catalina.core.StandardContextValve.invoke(StandardContextValve.java:90) [catalina.jar:9.0.98]
	at org.apache.catalina.authenticator.AuthenticatorBase.invoke(AuthenticatorBase.java:597) [catalina.jar:9.0.98]
	at org.apache.catalina.core.StandardHostValve.invoke(StandardHostValve.java:130) [catalina.jar:9.0.98]
	at org.apache.catalina.valves.ErrorReportValve.invoke(ErrorReportValve.java:93) [catalina.jar:9.0.98]
	at org.apache.catalina.valves.RequestFilterValve.process(RequestFilterValve.java:355) [catalina.jar:9.0.98]
	at org.apache.catalina.valves.RemoteAddrValve.invoke(RemoteAddrValve.java:54) [catalina.jar:9.0.98]
	at org.apache.catalina.valves.AbstractAccessLogValve.invoke(AbstractAccessLogValve.java:660) [catalina.jar:9.0.98]
	at org.apache.catalina.core.StandardEngineValve.invoke(StandardEngineValve.java:74) [catalina.jar:9.0.98]
	at org.apache.catalina.connector.CoyoteAdapter.service(CoyoteAdapter.java:346) [catalina.jar:9.0.98]
	at org.apache.coyote.http11.Http11Processor.service(Http11Processor.java:396) [tomcat-coyote.jar:9.0.98]
	at org.apache.coyote.AbstractProcessorLight.process(AbstractProcessorLight.java:63) [tomcat-coyote.jar:9.0.98]
	at org.apache.coyote.AbstractProtocol$ConnectionHandler.process(AbstractProtocol.java:937) [tomcat-coyote.jar:9.0.98]
	at org.apache.tomcat.util.net.NioEndpoint$SocketProcessor.doRun(NioEndpoint.java:1791) [tomcat-coyote.jar:9.0.98]
	at org.apache.tomcat.util.net.SocketProcessorBase.run(SocketProcessorBase.java:52) [tomcat-coyote.jar:9.0.98]
	at org.apache.tomcat.util.threads.ThreadPoolExecutor.runWorker(ThreadPoolExecutor.java:1190) [tomcat-util.jar:9.0.98]
	at org.apache.tomcat.util.threads.ThreadPoolExecutor$Worker.run(ThreadPoolExecutor.java:659) [tomcat-util.jar:9.0.98]
	at org.apache.tomcat.util.threads.TaskThread$WrappingRunnable.run(TaskThread.java:63) [tomcat-util.jar:9.0.98]
	at java.lang.Thread.run(Thread.java:857) [?:?]
2025-03-27 22:08:48,183 ERROR [ajp-nio-10.92.40.22-8981-exec-14] o.a.c.c.C.[.[.[.[Faces Servlet] Servlet.service() for servlet [Faces Servlet] in context with path [/dpr##045003001zbn] threw exception [org.apache.myfaces.shared_impl.util.ViewExpiredException] with root cause
org.apache.myfaces.shared_impl.util.ViewExpiredException: null
	at org.apache.myfaces.shared_impl.util.StateUtils.reconstruct(StateUtils.java:385) ~[myfaces-impl-1.1.10.jar:1.1.10]
	at org.apache.myfaces.renderkit.html.HtmlResponseStateManager.getTreeStructureToRestore(HtmlResponseStateManager.java:169) ~[myfaces-impl-1.1.10.jar:1.1.10]
	at org.apache.myfaces.application.jsp.JspStateManagerImpl.getSequenceString(JspStateManagerImpl.java:305) ~[myfaces-impl-1.1.10.jar:1.1.10]
	at org.apache.myfaces.application.jsp.JspStateManagerImpl.restoreTreeStructure(JspStateManagerImpl.java:271) ~[myfaces-impl-1.1.10.jar:1.1.10]
	at org.apache.myfaces.application.jsp.JspStateManagerImpl.restoreView(JspStateManagerImpl.java:312) ~[myfaces-impl-1.1.10.jar:1.1.10]
	at org.ajax4jsf.framework.ajax.AjaxStateManager.restoreView(AjaxStateManager.java:83) ~[ajax4jsf-1.1.1.jar:1.1.1]
	at org.apache.myfaces.application.jsp.JspViewHandlerImpl.restoreView(JspViewHandlerImpl.java:278) ~[myfaces-impl-1.1.10.jar:1.1.10]
	at org.ajax4jsf.framework.ViewHandlerWrapper.restoreView(ViewHandlerWrapper.java:116) ~[ajax4jsf-1.1.1.jar:1.1.1]
	at org.ajax4jsf.framework.ajax.AjaxViewHandler.restoreView(AjaxViewHandler.java:150) ~[ajax4jsf-1.1.1.jar:1.1.1]
	at org.apache.myfaces.lifecycle.RestoreViewExecutor.execute(RestoreViewExecutor.java:83) ~[myfaces-impl-1.1.10.jar:1.1.10]
	at org.apache.myfaces.lifecycle.LifecycleImpl.executePhase(LifecycleImpl.java:105) ~[myfaces-impl-1.1.10.jar:1.1.10]
	at org.apache.myfaces.lifecycle.LifecycleImpl.execute(LifecycleImpl.java:80) ~[myfaces-impl-1.1.10.jar:1.1.10]
	at javax.faces.webapp.FacesServlet.service(FacesServlet.java:143) ~[myfaces-api-1.1.10.jar:1.1.10]
	at org.apache.catalina.core.ApplicationFilterChain.internalDoFilter(ApplicationFilterChain.java:199) ~[catalina.jar:9.0.98]
	at org.apache.catalina.core.ApplicationFilterChain.doFilter(ApplicationFilterChain.java:144) ~[catalina.jar:9.0.98]
	at org.ajax4jsf.framework.ajax.xmlfilter.BaseXMLFilter.doXmlFilter(BaseXMLFilter.java:127) ~[ajax4jsf-1.1.1.jar:1.1.1]
	at org.ajax4jsf.framework.ajax.xmlfilter.BaseFilter.doFilter(BaseFilter.java:277) ~[ajax4jsf-1.1.1.jar:1.1.1]
	at org.apache.catalina.core.ApplicationFilterChain.internalDoFilter(ApplicationFilterChain.java:168) ~[catalina.jar:9.0.98]
	at org.apache.catalina.core.ApplicationFilterChain.doFilter(ApplicationFilterChain.java:144) ~[catalina.jar:9.0.98]
	at org.apache.tomcat.websocket.server.WsFilter.doFilter(WsFilter.java:51) ~[tomcat-websocket.jar:9.0.98]
	at org.apache.catalina.core.ApplicationFilterChain.internalDoFilter(ApplicationFilterChain.java:168) ~[catalina.jar:9.0.98]
	at org.apache.catalina.core.ApplicationFilterChain.doFilter(ApplicationFilterChain.java:144) ~[catalina.jar:9.0.98]
	at org.apache.myfaces.webapp.filter.ExtensionsFilter.doFilter(ExtensionsFilter.java:374) ~[tomahawk-1.1.14.jar:1.1.14]
	at org.apache.catalina.core.ApplicationFilterChain.internalDoFilter(ApplicationFilterChain.java:168) ~[catalina.jar:9.0.98]
	at org.apache.catalina.core.ApplicationFilterChain.doFilter(ApplicationFilterChain.java:144) ~[catalina.jar:9.0.98]
	at adis.dpr.iepo2_filtr.UploadFiltr.doFilter(UploadFiltr.java:144) ~[al-a-adis.jar:?]
	at org.apache.catalina.core.ApplicationFilterChain.internalDoFilter(ApplicationFilterChain.java:168) ~[catalina.jar:9.0.98]
	at org.apache.catalina.core.ApplicationFilterChain.doFilter(ApplicationFilterChain.java:144) ~[catalina.jar:9.0.98]
	at adis.tlib.atlib_jsf.FiltrOsetreniChyb.doFilter(FiltrOsetreniChyb.java:64) ~[al-a-adis.jar:?]
	at org.apache.catalina.core.ApplicationFilterChain.internalDoFilter(ApplicationFilterChain.java:168) ~[catalina.jar:9.0.98]
	at org.apache.catalina.core.ApplicationFilterChain.doFilter(ApplicationFilterChain.java:144) ~[catalina.jar:9.0.98]
	at adis.hibernate.HibernateSessionFilter.doFilter(HibernateSessionFilter.java:72) ~[al-a-adis.jar:?]
	at org.apache.catalina.core.ApplicationFilterChain.internalDoFilter(ApplicationFilterChain.java:168) ~[catalina.jar:9.0.98]
	at org.apache.catalina.core.ApplicationFilterChain.doFilter(ApplicationFilterChain.java:144) ~[catalina.jar:9.0.98]
	at adis.pmd.session.SessionIdsFilter.doFilter(SessionIdsFilter.java:64) ~[aw-mi-dpr.jar:?]
	at org.apache.catalina.core.ApplicationFilterChain.internalDoFilter(ApplicationFilterChain.java:168) ~[catalina.jar:9.0.98]
	at org.apache.catalina.core.ApplicationFilterChain.doFilter(ApplicationFilterChain.java:144) ~[catalina.jar:9.0.98]
	at adis.spa.ispa_lib.auth.AuthFilterDpr.doFilter(AuthFilterDpr.java:323) ~[aw-mi-dpr.jar:?]
	at org.apache.catalina.core.ApplicationFilterChain.internalDoFilter(ApplicationFilterChain.java:168) ~[catalina.jar:9.0.98]
	at org.apache.catalina.core.ApplicationFilterChain.doFilter(ApplicationFilterChain.java:144) ~[catalina.jar:9.0.98]
	at adis.spa.ispa_lib.auth.HttpSessionCheckFilter.doFilter(HttpSessionCheckFilter.java:73) ~[al-dpr-lib.jar:?]
	at org.apache.catalina.core.ApplicationFilterChain.internalDoFilter(ApplicationFilterChain.java:168) ~[catalina.jar:9.0.98]
	at org.apache.catalina.core.ApplicationFilterChain.doFilter(ApplicationFilterChain.java:144) ~[catalina.jar:9.0.98]
	at adis.pmd.metrics.MicrometerFilter.doFilter(MicrometerFilter.java:115) ~[aw-mi-dpr.jar:?]
	at org.apache.catalina.core.ApplicationFilterChain.internalDoFilter(ApplicationFilterChain.java:168) ~[catalina.jar:9.0.98]
	at org.apache.catalina.core.ApplicationFilterChain.doFilter(ApplicationFilterChain.java:144) ~[catalina.jar:9.0.98]
	at adis.alib.log.filters.RequestLogFilter.doFilter(RequestLogFilter.java:61) ~[al-a-adis.jar:?]
	at org.apache.catalina.core.ApplicationFilterChain.internalDoFilter(ApplicationFilterChain.java:168) ~[catalina.jar:9.0.98]
	at org.apache.catalina.core.ApplicationFilterChain.doFilter(ApplicationFilterChain.java:144) ~[catalina.jar:9.0.98]
	at org.apache.logging.log4j.web.Log4jServletFilter.doFilter(Log4jServletFilter.java:71) ~[log4j-web-2.17.1.jar:2.17.1]
	at org.apache.catalina.core.ApplicationFilterChain.internalDoFilter(ApplicationFilterChain.java:168) ~[catalina.jar:9.0.98]
	at org.apache.catalina.core.ApplicationFilterChain.doFilter(ApplicationFilterChain.java:144) ~[catalina.jar:9.0.98]
	at org.apache.catalina.core.StandardWrapperValve.invoke(StandardWrapperValve.java:168) [catalina.jar:9.0.98]
	at org.apache.catalina.core.StandardContextValve.invoke(StandardContextValve.java:90) [catalina.jar:9.0.98]
	at org.apache.catalina.authenticator.AuthenticatorBase.invoke(AuthenticatorBase.java:597) [catalina.jar:9.0.98]
	at org.apache.catalina.core.StandardHostValve.invoke(StandardHostValve.java:130) [catalina.jar:9.0.98]
	at org.apache.catalina.valves.ErrorReportValve.invoke(ErrorReportValve.java:93) [catalina.jar:9.0.98]
	at org.apache.catalina.valves.RequestFilterValve.process(RequestFilterValve.java:355) [catalina.jar:9.0.98]
	at org.apache.catalina.valves.RemoteAddrValve.invoke(RemoteAddrValve.java:54) [catalina.jar:9.0.98]
	at org.apache.catalina.valves.AbstractAccessLogValve.invoke(AbstractAccessLogValve.java:660) [catalina.jar:9.0.98]
	at org.apache.catalina.core.StandardEngineValve.invoke(StandardEngineValve.java:74) [catalina.jar:9.0.98]
	at org.apache.catalina.connector.CoyoteAdapter.service(CoyoteAdapter.java:346) [catalina.jar:9.0.98]
	at org.apache.coyote.ajp.AjpProcessor.service(AjpProcessor.java:424) [tomcat-coyote.jar:9.0.98]
	at org.apache.coyote.AbstractProcessorLight.process(AbstractProcessorLight.java:63) [tomcat-coyote.jar:9.0.98]
	at org.apache.coyote.AbstractProtocol$ConnectionHandler.process(AbstractProtocol.java:937) [tomcat-coyote.jar:9.0.98]
	at org.apache.tomcat.util.net.NioEndpoint$SocketProcessor.doRun(NioEndpoint.java:1791) [tomcat-coyote.jar:9.0.98]
	at org.apache.tomcat.util.net.SocketProcessorBase.run(SocketProcessorBase.java:52) [tomcat-coyote.jar:9.0.98]
	at org.apache.tomcat.util.threads.ThreadPoolExecutor.runWorker(ThreadPoolExecutor.java:1190) [tomcat-util.jar:9.0.98]
	at org.apache.tomcat.util.threads.ThreadPoolExecutor$Worker.run(ThreadPoolExecutor.java:659) [tomcat-util.jar:9.0.98]
	at org.apache.tomcat.util.threads.TaskThread$WrappingRunnable.run(TaskThread.java:63) [tomcat-util.jar:9.0.98]
	at java.lang.Thread.run(Thread.java:857) [?:?]
2025-03-27 22:10:39,586 ERROR [http-nio-127.0.0.1-8081-exec-85] o.a.c.c.C.[.[.[.[DataHeadServlet] Servlet.service() for servlet [DataHeadServlet] in context with path [/dpr##045003001zbn] threw exception
java.lang.NullPointerException: Cannot invoke "adis.epo2.aepo2_apl.pis.TEPodani.getOdeslatKOvereniState(boolean)" because the return value of "adis.pmd.mepo.db.data.RfeDbPodaniForm.getMaster()" is null
	at adis.pmd.mepo.service.data.MepsData.fillPodaniHeader(MepsData.java:304) ~[al-dpr-mepo.jar:?]
	at adis.pmd.mepo.service.data.MepsData.getPodaniHeader(MepsData.java:259) ~[al-dpr-mepo.jar:?]
	at adis.pmd.mepo.servlets.DataHeadServlet.lambda$doGet$0(DataHeadServlet.java:31) ~[al-dpr-mepo.jar:?]
	at adis.alib.rest.AbstractRestServlet$2.accept(AbstractRestServlet.java:72) ~[al-adis-lib.jar:?]
	at adis.alib.rest.AbstractRestServlet$2.accept(AbstractRestServlet.java:68) ~[al-adis-lib.jar:?]
	at adis.alib.rest.AbstractRestServlet.writeJsonResponse(AbstractRestServlet.java:96) ~[al-adis-lib.jar:?]
	at adis.alib.rest.AbstractRestServlet.writeJsonResponse(AbstractRestServlet.java:82) ~[al-adis-lib.jar:?]
	at adis.alib.rest.AbstractRestServlet.doGetOperation(AbstractRestServlet.java:143) ~[al-adis-lib.jar:?]
	at adis.alib.rest.AbstractRestServlet.doGet(AbstractRestServlet.java:120) ~[al-adis-lib.jar:?]
	at javax.servlet.http.HttpServlet.service(HttpServlet.java:529) ~[servlet-api.jar:4.0.FR]
	at javax.servlet.http.HttpServlet.service(HttpServlet.java:623) ~[servlet-api.jar:4.0.FR]
	at org.apache.catalina.core.ApplicationFilterChain.internalDoFilter(ApplicationFilterChain.java:199) ~[catalina.jar:9.0.98]
	at org.apache.catalina.core.ApplicationFilterChain.doFilter(ApplicationFilterChain.java:144) ~[catalina.jar:9.0.98]
	at org.apache.tomcat.websocket.server.WsFilter.doFilter(WsFilter.java:51) ~[tomcat-websocket.jar:9.0.98]
	at org.apache.catalina.core.ApplicationFilterChain.internalDoFilter(ApplicationFilterChain.java:168) ~[catalina.jar:9.0.98]
	at org.apache.catalina.core.ApplicationFilterChain.doFilter(ApplicationFilterChain.java:144) ~[catalina.jar:9.0.98]
	at adis.hibernate.HibernateSessionFilter.doFilter(HibernateSessionFilter.java:72) ~[al-a-adis.jar:?]
	at org.apache.catalina.core.ApplicationFilterChain.internalDoFilter(ApplicationFilterChain.java:168) ~[catalina.jar:9.0.98]
	at org.apache.catalina.core.ApplicationFilterChain.doFilter(ApplicationFilterChain.java:144) ~[catalina.jar:9.0.98]
	at adis.pmd.session.SessionIdsFilter.doFilter(SessionIdsFilter.java:64) ~[aw-mi-dpr.jar:?]
	at org.apache.catalina.core.ApplicationFilterChain.internalDoFilter(ApplicationFilterChain.java:168) ~[catalina.jar:9.0.98]
	at org.apache.catalina.core.ApplicationFilterChain.doFilter(ApplicationFilterChain.java:144) ~[catalina.jar:9.0.98]
	at adis.spa.ispa_lib.auth.AuthFilterDpr.doFilter(AuthFilterDpr.java:323) ~[aw-mi-dpr.jar:?]
	at org.apache.catalina.core.ApplicationFilterChain.internalDoFilter(ApplicationFilterChain.java:168) ~[catalina.jar:9.0.98]
	at org.apache.catalina.core.ApplicationFilterChain.doFilter(ApplicationFilterChain.java:144) ~[catalina.jar:9.0.98]
	at adis.spa.ispa_lib.auth.HttpSessionCheckFilter.doFilter(HttpSessionCheckFilter.java:73) ~[al-dpr-lib.jar:?]
	at org.apache.catalina.core.ApplicationFilterChain.internalDoFilter(ApplicationFilterChain.java:168) ~[catalina.jar:9.0.98]
	at org.apache.catalina.core.ApplicationFilterChain.doFilter(ApplicationFilterChain.java:144) ~[catalina.jar:9.0.98]
	at adis.pmd.metrics.MicrometerFilter.doFilter(MicrometerFilter.java:115) ~[aw-mi-dpr.jar:?]
	at org.apache.catalina.core.ApplicationFilterChain.internalDoFilter(ApplicationFilterChain.java:168) ~[catalina.jar:9.0.98]
	at org.apache.catalina.core.ApplicationFilterChain.doFilter(ApplicationFilterChain.java:144) ~[catalina.jar:9.0.98]
	at adis.alib.log.filters.RequestLogFilter.doFilter(RequestLogFilter.java:61) ~[al-a-adis.jar:?]
	at org.apache.catalina.core.ApplicationFilterChain.internalDoFilter(ApplicationFilterChain.java:168) ~[catalina.jar:9.0.98]
	at org.apache.catalina.core.ApplicationFilterChain.doFilter(ApplicationFilterChain.java:144) ~[catalina.jar:9.0.98]
	at org.apache.logging.log4j.web.Log4jServletFilter.doFilter(Log4jServletFilter.java:71) ~[log4j-web-2.17.1.jar:2.17.1]
	at org.apache.catalina.core.ApplicationFilterChain.internalDoFilter(ApplicationFilterChain.java:168) ~[catalina.jar:9.0.98]
	at org.apache.catalina.core.ApplicationFilterChain.doFilter(ApplicationFilterChain.java:144) ~[catalina.jar:9.0.98]
	at org.apache.catalina.core.StandardWrapperValve.invoke(StandardWrapperValve.java:168) [catalina.jar:9.0.98]
	at org.apache.catalina.core.StandardContextValve.invoke(StandardContextValve.java:90) [catalina.jar:9.0.98]
	at org.apache.catalina.authenticator.AuthenticatorBase.invoke(AuthenticatorBase.java:597) [catalina.jar:9.0.98]
	at org.apache.catalina.core.StandardHostValve.invoke(StandardHostValve.java:130) [catalina.jar:9.0.98]
	at org.apache.catalina.valves.ErrorReportValve.invoke(ErrorReportValve.java:93) [catalina.jar:9.0.98]
	at org.apache.catalina.valves.RequestFilterValve.process(RequestFilterValve.java:355) [catalina.jar:9.0.98]
	at org.apache.catalina.valves.RemoteAddrValve.invoke(RemoteAddrValve.java:54) [catalina.jar:9.0.98]
	at org.apache.catalina.valves.AbstractAccessLogValve.invoke(AbstractAccessLogValve.java:660) [catalina.jar:9.0.98]
	at org.apache.catalina.core.StandardEngineValve.invoke(StandardEngineValve.java:74) [catalina.jar:9.0.98]
	at org.apache.catalina.connector.CoyoteAdapter.service(CoyoteAdapter.java:346) [catalina.jar:9.0.98]
	at org.apache.coyote.http11.Http11Processor.service(Http11Processor.java:396) [tomcat-coyote.jar:9.0.98]
	at org.apache.coyote.AbstractProcessorLight.process(AbstractProcessorLight.java:63) [tomcat-coyote.jar:9.0.98]
	at org.apache.coyote.AbstractProtocol$ConnectionHandler.process(AbstractProtocol.java:937) [tomcat-coyote.jar:9.0.98]
	at org.apache.tomcat.util.net.NioEndpoint$SocketProcessor.doRun(NioEndpoint.java:1791) [tomcat-coyote.jar:9.0.98]
	at org.apache.tomcat.util.net.SocketProcessorBase.run(SocketProcessorBase.java:52) [tomcat-coyote.jar:9.0.98]
	at org.apache.tomcat.util.threads.ThreadPoolExecutor.runWorker(ThreadPoolExecutor.java:1190) [tomcat-util.jar:9.0.98]
	at org.apache.tomcat.util.threads.ThreadPoolExecutor$Worker.run(ThreadPoolExecutor.java:659) [tomcat-util.jar:9.0.98]
	at org.apache.tomcat.util.threads.TaskThread$WrappingRunnable.run(TaskThread.java:63) [tomcat-util.jar:9.0.98]
	at java.lang.Thread.run(Thread.java:857) [?:?]
